1
 *****************************************************************************************************************************
 *****************************************************************************************************************************
 **************************************************                         **************************************************
 **************************************************          GOSIA          **************************************************
 **************************************************                         **************************************************
 *****************************************************************************************************************************
 *****************************************************************************************************************************





                    ROCHESTER COULOMB EXCITATION DATA ANALYSIS CODE BY T.CZOSNYKA,D.CLINE AND C.Y.WU
                                                  VERSION: 20081208.18






               Coulomb excitation of 80Kr on a 196Pt target                               
          ----------------------------------------------------------------------------------------------------

                                        LEVELS

     INDEX     PARITY         SPIN           ENERGY(MEV)
       1           +           0.0            0.0000
       2           +           2.0            0.6166
       3           +           2.0            1.2562
       4           +           0.0            1.3205
       5           +           4.0            1.4361
       6           +           3.0            1.7880
       7           +           4.0            2.1459
       8           +           6.0            2.3921
       9           +           8.0            3.4100
      10           +           2.0            2.3205
      11           +           6.0            3.1102

                                        MATRIX ELEMENTS


     MULTIPOLARITY=2
    INDEX   NF     NS          ME               LIMITS
       1      1      2        0.64500     FIXED
       2      1      3        0.07800     FIXED
       3      2      2       -0.43000     FIXED
       4      2      3        0.73000     FIXED
       5      2      4        0.33000     FIXED
       6      2      5        1.06900     FIXED
       7      2      6        0.09000     FIXED
       8      2      7        0.06900     FIXED
       9      3      3        0.40000     FIXED
      10      3      4       -0.08000     FIXED
      11      3      6        0.69800     FIXED
      12      3      7        0.96000     FIXED
      13      4     10        0.10000     FIXED
      14      5      5       -0.77000     FIXED
      15      5      6        0.84700     FIXED
      16      5      7        0.76800     FIXED
      17      5      8        1.68000     FIXED
      18      6      6        0.00000     FIXED
      19      7      7        0.00000     FIXED
      20      7     11        0.10000     FIXED
      21      8      8       -0.90000     FIXED
      22      8      9        1.77300     FIXED
      23      9      9       -1.10000     FIXED
      24     10     10        0.00000     FIXED
      25     11     11        0.00000     FIXED
     MULTIPOLARITY=7
    INDEX   NF     NS          ME               LIMITS
      26      2      3        0.06500     FIXED
      27      2      6        0.06800     FIXED
      28      3      6        0.10400     FIXED
      29      5      6        0.03500     FIXED
      30      5      7        0.22000     FIXED

                                               REPRINT OF EXPERIMENTAL DATA TO BE FITTED





     EXPERIMENT  1
  PROJECTILE ( 36., 80.) 267.940 MEV ---1 GE(LI) DETECTOR(S)  WEIGHT=0.10E+01
                    ** EXPERIMENTAL YIELDS **
    DECAY IS  IF         YIELD+/-ERROR

      16   2   1  0.211328E+05     0.653200E+03
      11   5   2  0.193400E+03     0.691000E+02



     EXPERIMENT  2
  PROJECTILE ( 36., 80.) 267.940 MEV ---1 GE(LI) DETECTOR(S)  WEIGHT=0.10E+01
                    ** EXPERIMENTAL YIELDS **
    DECAY IS  IF         YIELD+/-ERROR

      16   2   1  0.194764E+05     0.591300E+03
      14   3   1  0.370000E+02     0.370000E+02
      15   3   2  0.936000E+02     0.468000E+02
      11   5   2  0.594000E+03     0.110900E+03



     EXPERIMENT  3
  PROJECTILE ( 36., 80.) 267.940 MEV ---1 GE(LI) DETECTOR(S)  WEIGHT=0.10E+01
                    ** EXPERIMENTAL YIELDS **
    DECAY IS  IF         YIELD+/-ERROR

      16   2   1  0.193964E+05     0.610700E+03
      14   3   1  0.924000E+02     0.555000E+02
      15   3   2  0.175600E+03     0.878000E+02
      11   5   2  0.649200E+03     0.110900E+03



     EXPERIMENT  4
  PROJECTILE ( 36., 80.) 267.940 MEV ---1 GE(LI) DETECTOR(S)  WEIGHT=0.10E+01
                    ** EXPERIMENTAL YIELDS **
    DECAY IS  IF         YIELD+/-ERROR

      16   2   1  0.244683E+05     0.678900E+03
      14   3   1  0.166300E+03     0.740000E+02
      15   3   2  0.585200E+03     0.164100E+03
      11   5   2  0.194770E+04     0.188800E+03



     EXPERIMENT  5
  PROJECTILE ( 36., 80.) 267.940 MEV ---1 GE(LI) DETECTOR(S)  WEIGHT=0.10E+01
                    ** EXPERIMENTAL YIELDS **
    DECAY IS  IF         YIELD+/-ERROR

   15016   3   2  0.227458E+05     0.773200E+03
      14   3   1  0.295600E+03     0.925000E+02
      11   5   2  0.234820E+04     0.245600E+03
       6   7   3  0.131400E+03     0.584000E+02



     EXPERIMENT  6
  PROJECTILE ( 36., 80.) 267.940 MEV ---1 GE(LI) DETECTOR(S)  WEIGHT=0.10E+01
                    ** EXPERIMENTAL YIELDS **
    DECAY IS  IF         YIELD+/-ERROR

      16   2   1  0.250170E+04     0.186600E+03
      14   3   1  0.110900E+03     0.462000E+02
      15   3   2  0.204800E+03     0.586000E+02
      12   4   2  0.174600E+03     0.525000E+02
      11   5   2  0.276300E+03     0.692000E+02


       23 EXPERIMENTAL YIELDS            0 MATRIX ELEMENTS TO BE VARIED



                                        BRANCHING RATIOS

     NS1     NF1     NS2     NF2     RATIO(1:2)         ERROR
      3       1       3       2        0.33100       -0.00400      0.00400
     BRANCHING RATIOS ARE TAKEN WITH WEIGHT    0.100000E+01


                    EXPERIMENTAL E2/M1 MIXING RATIOS


          TRANSITION            DELTA          ERROR

           3---  2                6.0000          -1.0000      1.0000

          E2/M1 MIXING RATIOS ARE TAKEN WITH WEIGHT    0.100000E+01



     *****  RESTART-MATRIX ELEMENTS OVERWRITTEN  *****




                                        MATRIX ELEMENTS


     MULTIPOLARITY=2
    INDEX   NF     NS          ME               LIMITS
       1      1      2        0.62361     FIXED
       2      1      3        0.06826     FIXED
       3      2      2       -0.39956     FIXED
       4      2      3        0.63909     FIXED
       5      2      4        0.44661     FIXED
       6      2      5        1.30000     FIXED
       7      2      6        0.09110     FIXED
       8      2      7        0.06810     FIXED
       9      3      3        0.39570     FIXED
      10      3      4        0.08621     FIXED
      11      3      6        0.71104     FIXED
      12      3      7        0.95257     FIXED
      13      4     10        0.17517     FIXED
      14      5      5       -1.14375     FIXED
      15      5      6        0.80202     FIXED
      16      5      7        0.78255     FIXED
      17      5      8        1.73601     FIXED
      18      6      6       -0.00001     FIXED
      19      7      7        0.86577     FIXED
      20      7     11        0.10202     FIXED
      21      8      8       -0.85624     FIXED
      22      8      9        1.91231     FIXED
      23      9      9       -1.20510     FIXED
      24     10     10        0.00074     FIXED
      25     11     11        0.00001     FIXED
     MULTIPOLARITY=7
    INDEX   NF     NS          ME               LIMITS
      26      2      3        0.05695     FIXED
      27      2      6        0.06848     FIXED
      28      3      6        0.10509     FIXED
      29      5      6        0.03364     FIXED
      30      5      7        0.23057     FIXED





     INTEGRATED RUTHERFORD CROSS SECTION=.4586E+05  FOR EXP. 1





                                                  INTEGRATED YIELDS

     EXPERIMENT  1  DETECTOR  1
     ENERGY RANGE  254.300--- 281.600 MEV   SCATTERING ANGLE RANGE  21.000--- 33.200 DEG

     NI     NF     II     IF     YIELD     NORMALIZED YIELD

      9      8    8.0    6.0   0.24129E-03   0.10283E-06
     11      7    6.0    4.0   0.84342E-06   0.35945E-09
      8      5    6.0    4.0   0.10286E+00   0.43835E-04
     10      4    2.0    0.0   0.11399E-03   0.48578E-07
      7      2    4.0    2.0   0.35132E-02   0.14972E-05
      7      3    4.0    2.0   0.45801E-01   0.19519E-04
      7      5    4.0    4.0   0.12888E-01   0.54927E-05
      6      2    3.0    2.0   0.86308E-02   0.36783E-05
      6      3    3.0    2.0   0.70189E-02   0.29913E-05
      6      5    3.0    4.0   0.98846E-03   0.42126E-06
      5      2    4.0    2.0   0.21921E+02   0.93423E-02
      4      2    0.0    2.0   0.48455E+00   0.20651E-03
      4      3    0.0    2.0   0.10905E-06   0.46474E-10
      3      1    2.0    0.0   0.14222E+01   0.60612E-03
      3      2    2.0    2.0   0.44992E+01   0.19175E-02
      2      1    2.0    0.0   0.23464E+04   0.10000E+01





     INTEGRATED RUTHERFORD CROSS SECTION=.1317E+05  FOR EXP. 2





                                                  INTEGRATED YIELDS

     EXPERIMENT  2  DETECTOR  1
     ENERGY RANGE  254.300--- 281.600 MEV   SCATTERING ANGLE RANGE  32.400--- 42.100 DEG

     NI     NF     II     IF     YIELD     NORMALIZED YIELD

      9      8    8.0    6.0   0.44030E-02   0.20904E-05
     11      7    6.0    4.0   0.12453E-04   0.59123E-08
      8      5    6.0    4.0   0.72883E+00   0.34603E-03
     10      4    2.0    0.0   0.13937E-02   0.66171E-06
      7      2    4.0    2.0   0.21665E-01   0.10286E-04
      7      3    4.0    2.0   0.28245E+00   0.13410E-03
      7      5    4.0    4.0   0.79546E-01   0.37766E-04
      6      2    3.0    2.0   0.62500E-01   0.29673E-04
      6      3    3.0    2.0   0.50941E-01   0.24185E-04
      6      5    3.0    4.0   0.72243E-02   0.34299E-05
      5      2    4.0    2.0   0.56578E+02   0.26862E-01
      4      2    0.0    2.0   0.23176E+01   0.11003E-02
      4      3    0.0    2.0   0.52468E-06   0.24911E-09
      3      1    2.0    0.0   0.31413E+01   0.14914E-02
      3      2    2.0    2.0   0.99531E+01   0.47254E-02
      2      1    2.0    0.0   0.21063E+04   0.10000E+01





     INTEGRATED RUTHERFORD CROSS SECTION=.7036E+04  FOR EXP. 3





                                                  INTEGRATED YIELDS

     EXPERIMENT  3  DETECTOR  1
     ENERGY RANGE  254.300--- 281.600 MEV   SCATTERING ANGLE RANGE  41.500--- 51.600 DEG

     NI     NF     II     IF     YIELD     NORMALIZED YIELD

      9      8    8.0    6.0   0.29189E-01   0.14121E-04
     11      7    6.0    4.0   0.76940E-04   0.37221E-07
      8      5    6.0    4.0   0.25354E+01   0.12265E-02
     10      4    2.0    0.0   0.77846E-02   0.37659E-05
      7      2    4.0    2.0   0.77130E-01   0.37313E-04
      7      3    4.0    2.0   0.10056E+01   0.48645E-03
      7      5    4.0    4.0   0.28321E+00   0.13701E-03
      6      2    3.0    2.0   0.23739E+00   0.11484E-03
      6      3    3.0    2.0   0.19403E+00   0.93865E-04
      6      5    3.0    4.0   0.27861E-01   0.13478E-04
      5      2    4.0    2.0   0.10209E+03   0.49389E-01
      4      2    0.0    2.0   0.68272E+01   0.33028E-02
      4      3    0.0    2.0   0.15568E-05   0.75311E-09
      3      1    2.0    0.0   0.58243E+01   0.28176E-02
      3      2    2.0    2.0   0.18487E+02   0.89431E-02
      2      1    2.0    0.0   0.20671E+04   0.10000E+01





     INTEGRATED RUTHERFORD CROSS SECTION=.4691E+04  FOR EXP. 4





                                                  INTEGRATED YIELDS

     EXPERIMENT  4  DETECTOR  1
     ENERGY RANGE  254.300--- 281.600 MEV   SCATTERING ANGLE RANGE  40.300--- 51.600 DEG

     NI     NF     II     IF     YIELD     NORMALIZED YIELD

      9      8    8.0    6.0   0.31253E+00   0.11753E-03
     11      7    6.0    4.0   0.95297E-03   0.35837E-06
      8      5    6.0    4.0   0.12816E+02   0.48193E-02
     10      4    2.0    0.0   0.87683E-01   0.32973E-04
      7      2    4.0    2.0   0.49478E+00   0.18606E-03
      7      3    4.0    2.0   0.64506E+01   0.24258E-02
      7      5    4.0    4.0   0.18173E+01   0.68340E-03
      6      2    3.0    2.0   0.13988E+01   0.52604E-03
      6      3    3.0    2.0   0.11506E+01   0.43268E-03
      6      5    3.0    4.0   0.17073E+00   0.64202E-04
      5      2    4.0    2.0   0.24360E+03   0.91607E-01
      4      2    0.0    2.0   0.35894E+02   0.13498E-01
      4      3    0.0    2.0   0.17604E-03   0.66200E-07
      3      1    2.0    0.0   0.18615E+02   0.70004E-02
      3      2    2.0    2.0   0.59323E+02   0.22309E-01
      2      1    2.0    0.0   0.26592E+04   0.10000E+01





     INTEGRATED RUTHERFORD CROSS SECTION=.3308E+04  FOR EXP. 5





                                                  INTEGRATED YIELDS

     EXPERIMENT  5  DETECTOR  1
     ENERGY RANGE  254.300--- 281.600 MEV   SCATTERING ANGLE RANGE  21.000--- 41.000 DEG

     NI     NF     II     IF     YIELD     NORMALIZED YIELD

      9      8    8.0    6.0   0.72054E+00   0.26964E-03
     11      7    6.0    4.0   0.31612E-02   0.11830E-05
      8      5    6.0    4.0   0.21554E+02   0.80660E-02
     10      4    2.0    0.0   0.34265E+00   0.12823E-03
      7      2    4.0    2.0   0.12430E+01   0.46515E-03
      7      3    4.0    2.0   0.16205E+02   0.60643E-02
      7      5    4.0    4.0   0.45813E+01   0.17144E-02
      6      2    3.0    2.0   0.23812E+01   0.89109E-03
      6      3    3.0    2.0   0.19713E+01   0.73771E-03
      6      5    3.0    4.0   0.30435E+00   0.11389E-03
      5      2    4.0    2.0   0.29028E+03   0.10863E+00
      4      2    0.0    2.0   0.90629E+02   0.33916E-01
      4      3    0.0    2.0   0.21430E-04   0.80197E-08
      3      1    2.0    0.0   0.38026E+02   0.14231E-01
      3      2    2.0    2.0   0.12121E+03   0.45360E-01
      2      1    2.0    0.0   0.26722E+04   0.10000E+01





     INTEGRATED RUTHERFORD CROSS SECTION=.3492E+03  FOR EXP. 6





                                                  INTEGRATED YIELDS

     EXPERIMENT  6  DETECTOR  1
     ENERGY RANGE  254.300--- 281.600 MEV   SCATTERING ANGLE RANGE 132.440---161.030 DEG

     NI     NF     II     IF     YIELD     NORMALIZED YIELD

      9      8    8.0    6.0   0.62046E-01   0.18336E-03
     11      7    6.0    4.0   0.53230E-03   0.15731E-05
      8      5    6.0    4.0   0.20663E+01   0.61065E-02
     10      4    2.0    0.0   0.10083E+00   0.29797E-03
      7      2    4.0    2.0   0.24036E+00   0.71031E-03
      7      3    4.0    2.0   0.31336E+01   0.92605E-02
      7      5    4.0    4.0   0.89397E+00   0.26419E-02
      6      2    3.0    2.0   0.89991E-01   0.26594E-03
      6      3    3.0    2.0   0.75053E-01   0.22180E-03
      6      5    3.0    4.0   0.12146E-01   0.35893E-04
      5      2    4.0    2.0   0.28148E+02   0.83185E-01
      4      2    0.0    2.0   0.20753E+02   0.61331E-01
      4      3    0.0    2.0   0.49073E-05   0.14502E-07
      3      1    2.0    0.0   0.84114E+01   0.24858E-01
      3      2    2.0    2.0   0.26665E+02   0.78803E-01
      2      1    2.0    0.0   0.33838E+03   0.10000E+01



          EXPERIMENT  1        DETECTOR  1

         NI     NF     YEXP        YCOR        COR.F

        5        2   .193E+03    .166E+03    .858E+00
        2        1   .211E+05    .211E+05    .100E+01



          EXPERIMENT  2        DETECTOR  1

         NI     NF     YEXP        YCOR        COR.F

        5        2   .594E+03    .713E+03    .120E+01
        3        1   .370E+02    .443E+02    .120E+01
        3        2   .936E+02    .112E+03    .120E+01
        2        1   .195E+05    .243E+05    .125E+01



          EXPERIMENT  3        DETECTOR  1

         NI     NF     YEXP        YCOR        COR.F

        5        2   .649E+03    .751E+03    .116E+01
        3        1   .924E+02    .106E+03    .115E+01
        3        2   .176E+03    .202E+03    .115E+01
        2        1   .194E+05    .229E+05    .118E+01



          EXPERIMENT  4        DETECTOR  1

         NI     NF     YEXP        YCOR        COR.F

        5        2   .195E+04    .205E+04    .105E+01
        3        1   .166E+03    .174E+03    .104E+01
        3        2   .585E+03    .611E+03    .104E+01
        2        1   .245E+05    .254E+05    .104E+01



          EXPERIMENT  5        DETECTOR  1

         NI     NF     YEXP        YCOR        COR.F

        7        3   .131E+03    .768E+02    .585E+00
        5        2   .235E+04    .135E+04    .573E+00
        3        1   .296E+03    .175E+03    .593E+00
      302      201   .227E+05    .129E+05    .568E+00



          EXPERIMENT  6        DETECTOR  1

         NI     NF     YEXP        YCOR        COR.F

        5        2   .276E+03    .102E+03    .369E+00
        4        2   .175E+03    .669E+02    .383E+00
        3        1   .111E+03    .422E+02    .381E+00
        3        2   .205E+03    .779E+02    .380E+00
        2        1   .250E+04    .949E+03    .379E+00
               ********* END OF EXECUTION **********
