1
 *****************************************************************************************************************************
 *****************************************************************************************************************************
 **************************************************                         **************************************************
 **************************************************          GOSIA          **************************************************
 **************************************************                         **************************************************
 *****************************************************************************************************************************
 *****************************************************************************************************************************





                    ROCHESTER COULOMB EXCITATION DATA ANALYSIS CODE BY T.CZOSNYKA,D.CLINE AND C.Y.WU
                                                  VERSION: 20081208.18






               Coulomb excitation of 80Kr on a 196Pt target                               
          ----------------------------------------------------------------------------------------------------

                                        LEVELS

     INDEX     PARITY         SPIN           ENERGY(MEV)
       1           +           0.0            0.0000
       2           +           2.0            0.6166
       3           +           2.0            1.2562
       4           +           0.0            1.3205
       5           +           4.0            1.4361
       6           +           3.0            1.7880
       7           +           4.0            2.1459
       8           +           6.0            2.3921
       9           +           8.0            3.4100
      10           +           2.0            2.3205
      11           +           6.0            3.1102

                                        MATRIX ELEMENTS


     MULTIPOLARITY=2
    INDEX   NF     NS          ME               LIMITS
       1      1      2        0.64500     FIXED
       2      1      3        0.07800     FIXED
       3      2      2       -0.43000     FIXED
       4      2      3        0.73000     FIXED
       5      2      4        0.33000     FIXED
       6      2      5        1.06900     FIXED
       7      2      6        0.09000     FIXED
       8      2      7        0.06900     FIXED
       9      3      3        0.40000     FIXED
      10      3      4       -0.08000     FIXED
      11      3      6        0.69800     FIXED
      12      3      7        0.96000     FIXED
      13      4     10        0.10000     FIXED
      14      5      5       -0.77000     FIXED
      15      5      6        0.84700     FIXED
      16      5      7        0.76800     FIXED
      17      5      8        1.68000     FIXED
      18      6      6        0.00000     FIXED
      19      7      7        0.00000     FIXED
      20      7     11        0.10000     FIXED
      21      8      8       -0.90000     FIXED
      22      8      9        1.77300     FIXED
      23      9      9       -1.10000     FIXED
      24     10     10        0.00000     FIXED
      25     11     11        0.00000     FIXED
     MULTIPOLARITY=7
    INDEX   NF     NS          ME               LIMITS
      26      2      3        0.06500     FIXED
      27      2      6        0.06800     FIXED
      28      3      6        0.10400     FIXED
      29      5      6        0.03500     FIXED
      30      5      7        0.22000     FIXED

                                               REPRINT OF EXPERIMENTAL DATA TO BE FITTED





     EXPERIMENT  1
  PROJECTILE ( 36., 80.) 267.940 MEV ---1 GE(LI) DETECTOR(S)  WEIGHT=0.10E+01
                    ** EXPERIMENTAL YIELDS **
    DECAY IS  IF         YIELD+/-ERROR

      16   2   1  0.211328E+05     0.653200E+03
      11   5   2  0.193400E+03     0.691000E+02



     EXPERIMENT  2
  PROJECTILE ( 36., 80.) 267.940 MEV ---1 GE(LI) DETECTOR(S)  WEIGHT=0.10E+01
                    ** EXPERIMENTAL YIELDS **
    DECAY IS  IF         YIELD+/-ERROR

      16   2   1  0.194764E+05     0.591300E+03
      14   3   1  0.370000E+02     0.370000E+02
      15   3   2  0.936000E+02     0.468000E+02
      11   5   2  0.594000E+03     0.110900E+03



     EXPERIMENT  3
  PROJECTILE ( 36., 80.) 267.940 MEV ---1 GE(LI) DETECTOR(S)  WEIGHT=0.10E+01
                    ** EXPERIMENTAL YIELDS **
    DECAY IS  IF         YIELD+/-ERROR

      16   2   1  0.193964E+05     0.610700E+03
      14   3   1  0.924000E+02     0.555000E+02
      15   3   2  0.175600E+03     0.878000E+02
      11   5   2  0.649200E+03     0.110900E+03



     EXPERIMENT  4
  PROJECTILE ( 36., 80.) 267.940 MEV ---1 GE(LI) DETECTOR(S)  WEIGHT=0.10E+01
                    ** EXPERIMENTAL YIELDS **
    DECAY IS  IF         YIELD+/-ERROR

      16   2   1  0.244683E+05     0.678900E+03
      14   3   1  0.166300E+03     0.740000E+02
      15   3   2  0.585200E+03     0.164100E+03
      11   5   2  0.194770E+04     0.188800E+03



     EXPERIMENT  5
  PROJECTILE ( 36., 80.) 267.940 MEV ---1 GE(LI) DETECTOR(S)  WEIGHT=0.10E+01
                    ** EXPERIMENTAL YIELDS **
    DECAY IS  IF         YIELD+/-ERROR

   15016   3   2  0.227458E+05     0.773200E+03
      14   3   1  0.295600E+03     0.925000E+02
      11   5   2  0.234820E+04     0.245600E+03
       6   7   3  0.131400E+03     0.584000E+02



     EXPERIMENT  6
  PROJECTILE ( 36., 80.) 267.940 MEV ---1 GE(LI) DETECTOR(S)  WEIGHT=0.10E+01
                    ** EXPERIMENTAL YIELDS **
    DECAY IS  IF         YIELD+/-ERROR

      16   2   1  0.250170E+04     0.186600E+03
      14   3   1  0.110900E+03     0.462000E+02
      15   3   2  0.204800E+03     0.586000E+02
      12   4   2  0.174600E+03     0.525000E+02
      11   5   2  0.276300E+03     0.692000E+02


       23 EXPERIMENTAL YIELDS            0 MATRIX ELEMENTS TO BE VARIED



                                        BRANCHING RATIOS

     NS1     NF1     NS2     NF2     RATIO(1:2)         ERROR
      3       1       3       2        0.33100       -0.00400      0.00400
     BRANCHING RATIOS ARE TAKEN WITH WEIGHT    0.100000E+01


                    EXPERIMENTAL E2/M1 MIXING RATIOS


          TRANSITION            DELTA          ERROR

           3---  2                6.0000          -1.0000      1.0000

          E2/M1 MIXING RATIOS ARE TAKEN WITH WEIGHT    0.100000E+01



     *****  RESTART-MATRIX ELEMENTS OVERWRITTEN  *****




                                        MATRIX ELEMENTS


     MULTIPOLARITY=2
    INDEX   NF     NS          ME               LIMITS
       1      1      2        0.62361     FIXED
       2      1      3        0.08500     FIXED
       3      2      2       -0.23000     FIXED
       4      2      3        0.54800     FIXED
       5      2      4        0.44661     FIXED
       6      2      5        1.10825     FIXED
       7      2      6        0.09110     FIXED
       8      2      7        0.06810     FIXED
       9      3      3        0.82373     FIXED
      10      3      4        0.08621     FIXED
      11      3      6        0.71104     FIXED
      12      3      7        0.95257     FIXED
      13      4     10        0.17517     FIXED
      14      5      5       -0.55804     FIXED
      15      5      6        0.80202     FIXED
      16      5      7        0.78255     FIXED
      17      5      8        1.73601     FIXED
      18      6      6       -0.00001     FIXED
      19      7      7        0.86577     FIXED
      20      7     11        0.10202     FIXED
      21      8      8       -0.85624     FIXED
      22      8      9        1.91231     FIXED
      23      9      9       -1.20510     FIXED
      24     10     10        0.00074     FIXED
      25     11     11        0.00001     FIXED
     MULTIPOLARITY=7
    INDEX   NF     NS          ME               LIMITS
      26      2      3        0.30773     FIXED
      27      2      6        0.06848     FIXED
      28      3      6        0.10509     FIXED
      29      5      6        0.03364     FIXED
      30      5      7        0.23057     FIXED





     INTEGRATED RUTHERFORD CROSS SECTION=.4586E+05  FOR EXP. 1





                                                  INTEGRATED YIELDS

     EXPERIMENT  1  DETECTOR  1
     ENERGY RANGE  254.300--- 281.600 MEV   SCATTERING ANGLE RANGE  21.000--- 33.200 DEG

     NI     NF     II     IF     YIELD     NORMALIZED YIELD

      9      8    8.0    6.0   0.18923E-03   0.79299E-07
     11      7    6.0    4.0   0.95322E-06   0.39946E-09
      8      5    6.0    4.0   0.76145E-01   0.31909E-04
     10      4    2.0    0.0   0.11467E-03   0.48055E-07
      7      2    4.0    2.0   0.37636E-02   0.15772E-05
      7      3    4.0    2.0   0.49067E-01   0.20562E-04
      7      5    4.0    4.0   0.13794E-01   0.57804E-05
      6      2    3.0    2.0   0.72452E-02   0.30362E-05
      6      3    3.0    2.0   0.58875E-02   0.24672E-05
      6      5    3.0    4.0   0.82391E-03   0.34527E-06
      5      2    4.0    2.0   0.16938E+02   0.70980E-02
      4      2    0.0    2.0   0.49191E+00   0.20614E-03
      4      3    0.0    2.0   0.11070E-06   0.46392E-10
      3      1    2.0    0.0   0.18657E+01   0.78184E-03
      3      2    2.0    2.0   0.55235E+01   0.23147E-02
      2      1    2.0    0.0   0.23863E+04   0.10000E+01





     INTEGRATED RUTHERFORD CROSS SECTION=.1317E+05  FOR EXP. 2





                                                  INTEGRATED YIELDS

     EXPERIMENT  2  DETECTOR  1
     ENERGY RANGE  254.300--- 281.600 MEV   SCATTERING ANGLE RANGE  32.400--- 42.100 DEG

     NI     NF     II     IF     YIELD     NORMALIZED YIELD

      9      8    8.0    6.0   0.32341E-02   0.14983E-05
     11      7    6.0    4.0   0.12684E-04   0.58764E-08
      8      5    6.0    4.0   0.54518E+00   0.25258E-03
     10      4    2.0    0.0   0.14033E-02   0.65015E-06
      7      2    4.0    2.0   0.20693E-01   0.95871E-05
      7      3    4.0    2.0   0.26978E+00   0.12499E-03
      7      5    4.0    4.0   0.75918E-01   0.35172E-04
      6      2    3.0    2.0   0.49648E-01   0.23001E-04
      6      3    3.0    2.0   0.40430E-01   0.18731E-04
      6      5    3.0    4.0   0.57078E-02   0.26444E-05
      5      2    4.0    2.0   0.44917E+02   0.20810E-01
      4      2    0.0    2.0   0.23590E+01   0.10929E-02
      4      3    0.0    2.0   0.53406E-06   0.24743E-09
      3      1    2.0    0.0   0.36591E+01   0.16953E-02
      3      2    2.0    2.0   0.10842E+02   0.50229E-02
      2      1    2.0    0.0   0.21585E+04   0.10000E+01





     INTEGRATED RUTHERFORD CROSS SECTION=.7036E+04  FOR EXP. 3





                                                  INTEGRATED YIELDS

     EXPERIMENT  3  DETECTOR  1
     ENERGY RANGE  254.300--- 281.600 MEV   SCATTERING ANGLE RANGE  41.500--- 51.600 DEG

     NI     NF     II     IF     YIELD     NORMALIZED YIELD

      9      8    8.0    6.0   0.21553E-01   0.10104E-04
     11      7    6.0    4.0   0.71358E-04   0.33452E-07
      8      5    6.0    4.0   0.19212E+01   0.90061E-03
     10      4    2.0    0.0   0.78573E-02   0.36834E-05
      7      2    4.0    2.0   0.68335E-01   0.32034E-04
      7      3    4.0    2.0   0.89090E+00   0.41764E-03
      7      5    4.0    4.0   0.25082E+00   0.11758E-03
      6      2    3.0    2.0   0.18643E+00   0.87396E-04
      6      3    3.0    2.0   0.15226E+00   0.71378E-04
      6      5    3.0    4.0   0.21777E-01   0.10209E-04
      5      2    4.0    2.0   0.83765E+02   0.39268E-01
      4      2    0.0    2.0   0.69866E+01   0.32752E-02
      4      3    0.0    2.0   0.15931E-05   0.74683E-09
      3      1    2.0    0.0   0.62988E+01   0.29528E-02
      3      2    2.0    2.0   0.18743E+02   0.87866E-02
      2      1    2.0    0.0   0.21332E+04   0.10000E+01





     INTEGRATED RUTHERFORD CROSS SECTION=.4691E+04  FOR EXP. 4





                                                  INTEGRATED YIELDS

     EXPERIMENT  4  DETECTOR  1
     ENERGY RANGE  254.300--- 281.600 MEV   SCATTERING ANGLE RANGE  40.300--- 51.600 DEG

     NI     NF     II     IF     YIELD     NORMALIZED YIELD

      9      8    8.0    6.0   0.23341E+00   0.84269E-04
     11      7    6.0    4.0   0.78891E-03   0.28482E-06
      8      5    6.0    4.0   0.10024E+02   0.36191E-02
     10      4    2.0    0.0   0.89522E-01   0.32320E-04
      7      2    4.0    2.0   0.41490E+00   0.14979E-03
      7      3    4.0    2.0   0.54091E+01   0.19528E-02
      7      5    4.0    4.0   0.15237E+01   0.55009E-03
      6      2    3.0    2.0   0.11351E+01   0.40979E-03
      6      3    3.0    2.0   0.93324E+00   0.33692E-03
      6      5    3.0    4.0   0.13811E+00   0.49863E-04
      5      2    4.0    2.0   0.21682E+03   0.78276E-01
      4      2    0.0    2.0   0.37432E+02   0.13514E-01
      4      3    0.0    2.0   0.18378E-02   0.66351E-06
      3      1    2.0    0.0   0.19263E+02   0.69547E-02
      3      2    2.0    2.0   0.57610E+02   0.20799E-01
      2      1    2.0    0.0   0.27699E+04   0.10000E+01





     INTEGRATED RUTHERFORD CROSS SECTION=.3308E+04  FOR EXP. 5





                                                  INTEGRATED YIELDS

     EXPERIMENT  5  DETECTOR  1
     ENERGY RANGE  254.300--- 281.600 MEV   SCATTERING ANGLE RANGE  21.000--- 41.000 DEG

     NI     NF     II     IF     YIELD     NORMALIZED YIELD

      9      8    8.0    6.0   0.54315E+00   0.19520E-03
     11      7    6.0    4.0   0.24714E-02   0.88818E-06
      8      5    6.0    4.0   0.17553E+02   0.63085E-02
     10      4    2.0    0.0   0.35828E+00   0.12876E-03
      7      2    4.0    2.0   0.10435E+01   0.37502E-03
      7      3    4.0    2.0   0.13604E+02   0.48892E-02
      7      5    4.0    4.0   0.38451E+01   0.13819E-02
      6      2    3.0    2.0   0.20597E+01   0.74024E-03
      6      3    3.0    2.0   0.17049E+01   0.61272E-03
      6      5    3.0    4.0   0.26288E+00   0.94473E-04
      5      2    4.0    2.0   0.28840E+03   0.10365E+00
      4      2    0.0    2.0   0.96884E+02   0.34819E-01
      4      3    0.0    2.0   0.22909E-04   0.82332E-08
      3      1    2.0    0.0   0.40512E+02   0.14559E-01
      3      2    2.0    2.0   0.11873E+03   0.42670E-01
      2      1    2.0    0.0   0.27825E+04   0.10000E+01





     INTEGRATED RUTHERFORD CROSS SECTION=.3492E+03  FOR EXP. 6





                                                  INTEGRATED YIELDS

     EXPERIMENT  6  DETECTOR  1
     ENERGY RANGE  254.300--- 281.600 MEV   SCATTERING ANGLE RANGE 132.440---161.030 DEG

     NI     NF     II     IF     YIELD     NORMALIZED YIELD

      9      8    8.0    6.0   0.46564E-01   0.13356E-03
     11      7    6.0    4.0   0.39616E-03   0.11363E-05
      8      5    6.0    4.0   0.17737E+01   0.50876E-02
     10      4    2.0    0.0   0.10905E+00   0.31280E-03
      7      2    4.0    2.0   0.20486E+00   0.58760E-03
      7      3    4.0    2.0   0.26708E+01   0.76607E-02
      7      5    4.0    4.0   0.76184E+00   0.21852E-02
      6      2    3.0    2.0   0.84747E-01   0.24308E-03
      6      3    3.0    2.0   0.70677E-01   0.20273E-03
      6      5    3.0    4.0   0.11434E-01   0.32796E-04
      5      2    4.0    2.0   0.33141E+02   0.95059E-01
      4      2    0.0    2.0   0.22550E+02   0.64681E-01
      4      3    0.0    2.0   0.53322E-05   0.15295E-07
      3      1    2.0    0.0   0.94593E+01   0.27132E-01
      3      2    2.0    2.0   0.26565E+02   0.76198E-01
      2      1    2.0    0.0   0.34864E+03   0.10000E+01



          EXPERIMENT  1        DETECTOR  1

         NI     NF     YEXP        YCOR        COR.F

        5        2   .193E+03    .165E+03    .853E+00
        2        1   .211E+05    .211E+05    .100E+01



          EXPERIMENT  2        DETECTOR  1

         NI     NF     YEXP        YCOR        COR.F

        5        2   .594E+03    .711E+03    .120E+01
        3        1   .370E+02    .446E+02    .121E+01
        3        2   .936E+02    .113E+03    .120E+01
        2        1   .195E+05    .243E+05    .125E+01



          EXPERIMENT  3        DETECTOR  1

         NI     NF     YEXP        YCOR        COR.F

        5        2   .649E+03    .750E+03    .116E+01
        3        1   .924E+02    .106E+03    .115E+01
        3        2   .176E+03    .202E+03    .115E+01
        2        1   .194E+05    .229E+05    .118E+01



          EXPERIMENT  4        DETECTOR  1

         NI     NF     YEXP        YCOR        COR.F

        5        2   .195E+04    .205E+04    .105E+01
        3        1   .166E+03    .173E+03    .104E+01
        3        2   .585E+03    .611E+03    .104E+01
        2        1   .245E+05    .254E+05    .104E+01



          EXPERIMENT  5        DETECTOR  1

         NI     NF     YEXP        YCOR        COR.F

        7        3   .131E+03    .767E+02    .584E+00
        5        2   .235E+04    .136E+04    .579E+00
        3        1   .296E+03    .175E+03    .593E+00
      302      201   .227E+05    .129E+05    .568E+00



          EXPERIMENT  6        DETECTOR  1

         NI     NF     YEXP        YCOR        COR.F

        5        2   .276E+03    .103E+03    .372E+00
        4        2   .175E+03    .669E+02    .383E+00
        3        1   .111E+03    .423E+02    .382E+00
        3        2   .205E+03    .779E+02    .381E+00
        2        1   .250E+04    .949E+03    .379E+00
               ********* END OF EXECUTION **********
