1
 *****************************************************************************************************************************
 *****************************************************************************************************************************
 **************************************************                         **************************************************
 **************************************************          GOSIA          **************************************************
 **************************************************                         **************************************************
 *****************************************************************************************************************************
 *****************************************************************************************************************************





                    ROCHESTER COULOMB EXCITATION DATA ANALYSIS CODE BY T.CZOSNYKA,D.CLINE AND C.Y.WU
                                                  VERSION: 20081208.18






               Coulomb excitation of 80Kr on a 196Pt target                               
          ----------------------------------------------------------------------------------------------------

                                        LEVELS

     INDEX     PARITY         SPIN           ENERGY(MEV)
       1           +           0.0            0.0000
       2           +           2.0            0.6166
       3           +           2.0            1.2562
       4           +           0.0            1.3205
       5           +           4.0            1.4361
       6           +           3.0            1.7880
       7           +           4.0            2.1459
       8           +           6.0            2.3921
       9           +           8.0            3.4100
      10           +           2.0            2.3205
      11           +           6.0            3.1102

                                        MATRIX ELEMENTS


     MULTIPOLARITY=2
    INDEX   NF     NS          ME               LIMITS
       1      1      2        0.64500     FIXED
       2      1      3        0.07800     FIXED
       3      2      2       -0.43000     FIXED
       4      2      3        0.73000     FIXED
       5      2      4        0.33000     FIXED
       6      2      5        1.06900     FIXED
       7      2      6        0.09000     FIXED
       8      2      7        0.06900     FIXED
       9      3      3        0.40000     FIXED
      10      3      4       -0.08000     FIXED
      11      3      6        0.69800     FIXED
      12      3      7        0.96000     FIXED
      13      4     10        0.10000     FIXED
      14      5      5       -0.77000     FIXED
      15      5      6        0.84700     FIXED
      16      5      7        0.76800     FIXED
      17      5      8        1.68000     FIXED
      18      6      6        0.00000     FIXED
      19      7      7        0.00000     FIXED
      20      7     11        0.10000     FIXED
      21      8      8       -0.90000     FIXED
      22      8      9        1.77300     FIXED
      23      9      9       -1.10000     FIXED
      24     10     10        0.00000     FIXED
      25     11     11        0.00000     FIXED
     MULTIPOLARITY=7
    INDEX   NF     NS          ME               LIMITS
      26      2      3        0.06500     FIXED
      27      2      6        0.06800     FIXED
      28      3      6        0.10400     FIXED
      29      5      6        0.03500     FIXED
      30      5      7        0.22000     FIXED

                                               REPRINT OF EXPERIMENTAL DATA TO BE FITTED





     EXPERIMENT  1
  PROJECTILE ( 36., 80.) 267.940 MEV ---1 GE(LI) DETECTOR(S)  WEIGHT=0.10E+01
                    ** EXPERIMENTAL YIELDS **
    DECAY IS  IF         YIELD+/-ERROR

      16   2   1  0.211328E+05     0.653200E+03
      11   5   2  0.193400E+03     0.691000E+02



     EXPERIMENT  2
  PROJECTILE ( 36., 80.) 267.940 MEV ---1 GE(LI) DETECTOR(S)  WEIGHT=0.10E+01
                    ** EXPERIMENTAL YIELDS **
    DECAY IS  IF         YIELD+/-ERROR

      16   2   1  0.194764E+05     0.591300E+03
      14   3   1  0.370000E+02     0.370000E+02
      15   3   2  0.936000E+02     0.468000E+02
      11   5   2  0.594000E+03     0.110900E+03



     EXPERIMENT  3
  PROJECTILE ( 36., 80.) 267.940 MEV ---1 GE(LI) DETECTOR(S)  WEIGHT=0.10E+01
                    ** EXPERIMENTAL YIELDS **
    DECAY IS  IF         YIELD+/-ERROR

      16   2   1  0.193964E+05     0.610700E+03
      14   3   1  0.924000E+02     0.555000E+02
      15   3   2  0.175600E+03     0.878000E+02
      11   5   2  0.649200E+03     0.110900E+03



     EXPERIMENT  4
  PROJECTILE ( 36., 80.) 267.940 MEV ---1 GE(LI) DETECTOR(S)  WEIGHT=0.10E+01
                    ** EXPERIMENTAL YIELDS **
    DECAY IS  IF         YIELD+/-ERROR

      16   2   1  0.244683E+05     0.678900E+03
      14   3   1  0.166300E+03     0.740000E+02
      15   3   2  0.585200E+03     0.164100E+03
      11   5   2  0.194770E+04     0.188800E+03



     EXPERIMENT  5
  PROJECTILE ( 36., 80.) 267.940 MEV ---1 GE(LI) DETECTOR(S)  WEIGHT=0.10E+01
                    ** EXPERIMENTAL YIELDS **
    DECAY IS  IF         YIELD+/-ERROR

   15016   3   2  0.227458E+05     0.773200E+03
      14   3   1  0.295600E+03     0.925000E+02
      11   5   2  0.234820E+04     0.245600E+03
       6   7   3  0.131400E+03     0.584000E+02



     EXPERIMENT  6
  PROJECTILE ( 36., 80.) 267.940 MEV ---1 GE(LI) DETECTOR(S)  WEIGHT=0.10E+01
                    ** EXPERIMENTAL YIELDS **
    DECAY IS  IF         YIELD+/-ERROR

      16   2   1  0.250170E+04     0.186600E+03
      14   3   1  0.110900E+03     0.462000E+02
      15   3   2  0.204800E+03     0.586000E+02
      12   4   2  0.174600E+03     0.525000E+02
      11   5   2  0.276300E+03     0.692000E+02


       23 EXPERIMENTAL YIELDS            0 MATRIX ELEMENTS TO BE VARIED



                                        BRANCHING RATIOS

     NS1     NF1     NS2     NF2     RATIO(1:2)         ERROR
      3       1       3       2        0.33100       -0.00400      0.00400
     BRANCHING RATIOS ARE TAKEN WITH WEIGHT    0.100000E+01


                    EXPERIMENTAL E2/M1 MIXING RATIOS


          TRANSITION            DELTA          ERROR

           3---  2                6.0000          -1.0000      1.0000

          E2/M1 MIXING RATIOS ARE TAKEN WITH WEIGHT    0.100000E+01



     *****  RESTART-MATRIX ELEMENTS OVERWRITTEN  *****




                                        MATRIX ELEMENTS


     MULTIPOLARITY=2
    INDEX   NF     NS          ME               LIMITS
       1      1      2        0.62361     FIXED
       2      1      3        0.06826     FIXED
       3      2      2       -0.39956     FIXED
       4      2      3        0.63909     FIXED
       5      2      4        0.44661     FIXED
       6      2      5        1.30000     FIXED
       7      2      6        0.09110     FIXED
       8      2      7        0.06810     FIXED
       9      3      3        0.39570     FIXED
      10      3      4        0.08621     FIXED
      11      3      6        0.71104     FIXED
      12      3      7        0.95257     FIXED
      13      4     10        0.17517     FIXED
      14      5      5       -1.33125     FIXED
      15      5      6        0.80202     FIXED
      16      5      7        0.78255     FIXED
      17      5      8        1.73601     FIXED
      18      6      6       -0.00001     FIXED
      19      7      7        0.86577     FIXED
      20      7     11        0.10202     FIXED
      21      8      8       -0.85624     FIXED
      22      8      9        1.91231     FIXED
      23      9      9       -1.20510     FIXED
      24     10     10        0.00074     FIXED
      25     11     11        0.00001     FIXED
     MULTIPOLARITY=7
    INDEX   NF     NS          ME               LIMITS
      26      2      3        0.05695     FIXED
      27      2      6        0.06848     FIXED
      28      3      6        0.10509     FIXED
      29      5      6        0.03364     FIXED
      30      5      7        0.23057     FIXED





     INTEGRATED RUTHERFORD CROSS SECTION=.4586E+05  FOR EXP. 1





                                                  INTEGRATED YIELDS

     EXPERIMENT  1  DETECTOR  1
     ENERGY RANGE  254.300--- 281.600 MEV   SCATTERING ANGLE RANGE  21.000--- 33.200 DEG

     NI     NF     II     IF     YIELD     NORMALIZED YIELD

      9      8    8.0    6.0   0.24104E-03   0.10272E-06
     11      7    6.0    4.0   0.84712E-06   0.36101E-09
      8      5    6.0    4.0   0.10248E+00   0.43673E-04
     10      4    2.0    0.0   0.11398E-03   0.48576E-07
      7      2    4.0    2.0   0.35333E-02   0.15058E-05
      7      3    4.0    2.0   0.46063E-01   0.19631E-04
      7      5    4.0    4.0   0.12962E-01   0.55239E-05
      6      2    3.0    2.0   0.86847E-02   0.37011E-05
      6      3    3.0    2.0   0.70628E-02   0.30099E-05
      6      5    3.0    4.0   0.99467E-03   0.42389E-06
      5      2    4.0    2.0   0.21600E+02   0.92053E-02
      4      2    0.0    2.0   0.48449E+00   0.20647E-03
      4      3    0.0    2.0   0.10903E-06   0.46467E-10
      3      1    2.0    0.0   0.14223E+01   0.60616E-03
      3      2    2.0    2.0   0.44996E+01   0.19176E-02
      2      1    2.0    0.0   0.23465E+04   0.10000E+01





     INTEGRATED RUTHERFORD CROSS SECTION=.1317E+05  FOR EXP. 2





                                                  INTEGRATED YIELDS

     EXPERIMENT  2  DETECTOR  1
     ENERGY RANGE  254.300--- 281.600 MEV   SCATTERING ANGLE RANGE  32.400--- 42.100 DEG

     NI     NF     II     IF     YIELD     NORMALIZED YIELD

      9      8    8.0    6.0   0.43959E-02   0.20868E-05
     11      7    6.0    4.0   0.12537E-04   0.59513E-08
      8      5    6.0    4.0   0.72497E+00   0.34415E-03
     10      4    2.0    0.0   0.13937E-02   0.66160E-06
      7      2    4.0    2.0   0.21837E-01   0.10366E-04
      7      3    4.0    2.0   0.28469E+00   0.13515E-03
      7      5    4.0    4.0   0.80174E-01   0.38060E-04
      6      2    3.0    2.0   0.62850E-01   0.29836E-04
      6      3    3.0    2.0   0.51227E-01   0.24318E-04
      6      5    3.0    4.0   0.72648E-02   0.34487E-05
      5      2    4.0    2.0   0.55449E+02   0.26322E-01
      4      2    0.0    2.0   0.23169E+01   0.10999E-02
      4      3    0.0    2.0   0.52454E-06   0.24901E-09
      3      1    2.0    0.0   0.31425E+01   0.14918E-02
      3      2    2.0    2.0   0.99570E+01   0.47267E-02
      2      1    2.0    0.0   0.21065E+04   0.10000E+01





     INTEGRATED RUTHERFORD CROSS SECTION=.7036E+04  FOR EXP. 3





                                                  INTEGRATED YIELDS

     EXPERIMENT  3  DETECTOR  1
     ENERGY RANGE  254.300--- 281.600 MEV   SCATTERING ANGLE RANGE  41.500--- 51.600 DEG

     NI     NF     II     IF     YIELD     NORMALIZED YIELD

      9      8    8.0    6.0   0.29123E-01   0.14085E-04
     11      7    6.0    4.0   0.77589E-04   0.37525E-07
      8      5    6.0    4.0   0.25168E+01   0.12172E-02
     10      4    2.0    0.0   0.77842E-02   0.37647E-05
      7      2    4.0    2.0   0.77797E-01   0.37625E-04
      7      3    4.0    2.0   0.10143E+01   0.49053E-03
      7      5    4.0    4.0   0.28565E+00   0.13815E-03
      6      2    3.0    2.0   0.23817E+00   0.11519E-03
      6      3    3.0    2.0   0.19466E+00   0.94145E-04
      6      5    3.0    4.0   0.27949E-01   0.13517E-04
      5      2    4.0    2.0   0.99410E+02   0.48078E-01
      4      2    0.0    2.0   0.68243E+01   0.33005E-02
      4      3    0.0    2.0   0.15561E-05   0.75259E-09
      3      1    2.0    0.0   0.58302E+01   0.28197E-02
      3      2    2.0    2.0   0.18506E+02   0.89500E-02
      2      1    2.0    0.0   0.20677E+04   0.10000E+01





     INTEGRATED RUTHERFORD CROSS SECTION=.4691E+04  FOR EXP. 4





                                                  INTEGRATED YIELDS

     EXPERIMENT  4  DETECTOR  1
     ENERGY RANGE  254.300--- 281.600 MEV   SCATTERING ANGLE RANGE  40.300--- 51.600 DEG

     NI     NF     II     IF     YIELD     NORMALIZED YIELD

      9      8    8.0    6.0   0.31143E+00   0.11705E-03
     11      7    6.0    4.0   0.96141E-03   0.36136E-06
      8      5    6.0    4.0   0.12656E+02   0.47569E-02
     10      4    2.0    0.0   0.87693E-01   0.32961E-04
      7      2    4.0    2.0   0.49766E+00   0.18705E-03
      7      3    4.0    2.0   0.64881E+01   0.24386E-02
      7      5    4.0    4.0   0.18278E+01   0.68702E-03
      6      2    3.0    2.0   0.13913E+01   0.52294E-03
      6      3    3.0    2.0   0.11443E+01   0.43011E-03
      6      5    3.0    4.0   0.16977E+00   0.63810E-04
      5      2    4.0    2.0   0.23334E+03   0.87704E-01
      4      2    0.0    2.0   0.35904E+02   0.13495E-01
      4      3    0.0    2.0   0.17645E-03   0.66321E-07
      3      1    2.0    0.0   0.18677E+02   0.70202E-02
      3      2    2.0    2.0   0.59524E+02   0.22373E-01
      2      1    2.0    0.0   0.26605E+04   0.10000E+01





     INTEGRATED RUTHERFORD CROSS SECTION=.3308E+04  FOR EXP. 5





                                                  INTEGRATED YIELDS

     EXPERIMENT  5  DETECTOR  1
     ENERGY RANGE  254.300--- 281.600 MEV   SCATTERING ANGLE RANGE  21.000--- 41.000 DEG

     NI     NF     II     IF     YIELD     NORMALIZED YIELD

      9      8    8.0    6.0   0.71762E+00   0.26865E-03
     11      7    6.0    4.0   0.31789E-02   0.11900E-05
      8      5    6.0    4.0   0.21148E+02   0.79170E-02
     10      4    2.0    0.0   0.34302E+00   0.12841E-03
      7      2    4.0    2.0   0.12402E+01   0.46429E-03
      7      3    4.0    2.0   0.16169E+02   0.60531E-02
      7      5    4.0    4.0   0.45711E+01   0.17113E-02
      6      2    3.0    2.0   0.23372E+01   0.87494E-03
      6      3    3.0    2.0   0.19348E+01   0.72431E-03
      6      5    3.0    4.0   0.29864E+00   0.11180E-03
      5      2    4.0    2.0   0.27164E+03   0.10169E+00
      4      2    0.0    2.0   0.91129E+02   0.34115E-01
      4      3    0.0    2.0   0.21548E-04   0.80668E-08
      3      1    2.0    0.0   0.38305E+02   0.14340E-01
      3      2    2.0    2.0   0.12210E+03   0.45710E-01
      2      1    2.0    0.0   0.26712E+04   0.10000E+01





     INTEGRATED RUTHERFORD CROSS SECTION=.3492E+03  FOR EXP. 6





                                                  INTEGRATED YIELDS

     EXPERIMENT  6  DETECTOR  1
     ENERGY RANGE  254.300--- 281.600 MEV   SCATTERING ANGLE RANGE 132.440---161.030 DEG

     NI     NF     II     IF     YIELD     NORMALIZED YIELD

      9      8    8.0    6.0   0.62001E-01   0.18398E-03
     11      7    6.0    4.0   0.53140E-03   0.15769E-05
      8      5    6.0    4.0   0.20148E+01   0.59787E-02
     10      4    2.0    0.0   0.10111E+00   0.30003E-03
      7      2    4.0    2.0   0.23658E+00   0.70204E-03
      7      3    4.0    2.0   0.30844E+01   0.91526E-02
      7      5    4.0    4.0   0.87993E+00   0.26111E-02
      6      2    3.0    2.0   0.86708E-01   0.25729E-03
      6      3    3.0    2.0   0.72314E-01   0.21458E-03
      6      5    3.0    4.0   0.11702E-01   0.34723E-04
      5      2    4.0    2.0   0.25321E+02   0.75138E-01
      4      2    0.0    2.0   0.21123E+02   0.62680E-01
      4      3    0.0    2.0   0.49948E-05   0.14821E-07
      3      1    2.0    0.0   0.85184E+01   0.25277E-01
      3      2    2.0    2.0   0.27004E+02   0.80132E-01
      2      1    2.0    0.0   0.33700E+03   0.10000E+01



          EXPERIMENT  1        DETECTOR  1

         NI     NF     YEXP        YCOR        COR.F

        5        2   .193E+03    .166E+03    .858E+00
        2        1   .211E+05    .211E+05    .100E+01



          EXPERIMENT  2        DETECTOR  1

         NI     NF     YEXP        YCOR        COR.F

        5        2   .594E+03    .713E+03    .120E+01
        3        1   .370E+02    .443E+02    .120E+01
        3        2   .936E+02    .112E+03    .120E+01
        2        1   .195E+05    .243E+05    .125E+01



          EXPERIMENT  3        DETECTOR  1

         NI     NF     YEXP        YCOR        COR.F

        5        2   .649E+03    .751E+03    .116E+01
        3        1   .924E+02    .106E+03    .115E+01
        3        2   .176E+03    .202E+03    .115E+01
        2        1   .194E+05    .229E+05    .118E+01



          EXPERIMENT  4        DETECTOR  1

         NI     NF     YEXP        YCOR        COR.F

        5        2   .195E+04    .205E+04    .105E+01
        3        1   .166E+03    .174E+03    .104E+01
        3        2   .585E+03    .611E+03    .104E+01
        2        1   .245E+05    .254E+05    .104E+01



          EXPERIMENT  5        DETECTOR  1

         NI     NF     YEXP        YCOR        COR.F

        7        3   .131E+03    .768E+02    .585E+00
        5        2   .235E+04    .134E+04    .571E+00
        3        1   .296E+03    .175E+03    .592E+00
      302      201   .227E+05    .129E+05    .568E+00



          EXPERIMENT  6        DETECTOR  1

         NI     NF     YEXP        YCOR        COR.F

        5        2   .276E+03    .102E+03    .368E+00
        4        2   .175E+03    .669E+02    .383E+00
        3        1   .111E+03    .422E+02    .381E+00
        3        2   .205E+03    .779E+02    .380E+00
        2        1   .250E+04    .949E+03    .379E+00
               ********* END OF EXECUTION **********
