1
 *****************************************************************************************************************************
 *****************************************************************************************************************************
 **************************************************                         **************************************************
 **************************************************          GOSIA          **************************************************
 **************************************************                         **************************************************
 *****************************************************************************************************************************
 *****************************************************************************************************************************





                    ROCHESTER COULOMB EXCITATION DATA ANALYSIS CODE BY T.CZOSNYKA,D.CLINE AND C.Y.WU
                                                  VERSION: 20081208.18






               Coulomb excitation of 80Kr on a 196Pt target                               
          ----------------------------------------------------------------------------------------------------

                                        LEVELS

     INDEX     PARITY         SPIN           ENERGY(MEV)
       1           +           0.0            0.0000
       2           +           2.0            0.6166
       3           +           2.0            1.2562
       4           +           0.0            1.3205
       5           +           4.0            1.4361
       6           +           3.0            1.7880
       7           +           4.0            2.1459
       8           +           6.0            2.3921
       9           +           8.0            3.4100
      10           +           2.0            2.3205
      11           +           6.0            3.1102

                                        MATRIX ELEMENTS


     MULTIPOLARITY=2
    INDEX   NF     NS          ME               LIMITS
       1      1      2        0.64500     FIXED
       2      1      3        0.07800     FIXED
       3      2      2       -0.43000     FIXED
       4      2      3        0.73000     FIXED
       5      2      4        0.33000     FIXED
       6      2      5        1.06900     FIXED
       7      2      6        0.09000     FIXED
       8      2      7        0.06900     FIXED
       9      3      3        0.40000     FIXED
      10      3      4       -0.08000     FIXED
      11      3      6        0.69800     FIXED
      12      3      7        0.96000     FIXED
      13      4     10        0.10000     FIXED
      14      5      5       -0.77000     FIXED
      15      5      6        0.84700     FIXED
      16      5      7        0.76800     FIXED
      17      5      8        1.68000     FIXED
      18      6      6        0.00000     FIXED
      19      7      7        0.00000     FIXED
      20      7     11        0.10000     FIXED
      21      8      8       -0.90000     FIXED
      22      8      9        1.77300     FIXED
      23      9      9       -1.10000     FIXED
      24     10     10        0.00000     FIXED
      25     11     11        0.00000     FIXED
     MULTIPOLARITY=7
    INDEX   NF     NS          ME               LIMITS
      26      2      3        0.06500     FIXED
      27      2      6        0.06800     FIXED
      28      3      6        0.10400     FIXED
      29      5      6        0.03500     FIXED
      30      5      7        0.22000     FIXED

                                               REPRINT OF EXPERIMENTAL DATA TO BE FITTED





     EXPERIMENT  1
  PROJECTILE ( 36., 80.) 267.940 MEV ---1 GE(LI) DETECTOR(S)  WEIGHT=0.10E+01
                    ** EXPERIMENTAL YIELDS **
    DECAY IS  IF         YIELD+/-ERROR

      16   2   1  0.211328E+05     0.653200E+03
      11   5   2  0.193400E+03     0.691000E+02



     EXPERIMENT  2
  PROJECTILE ( 36., 80.) 267.940 MEV ---1 GE(LI) DETECTOR(S)  WEIGHT=0.10E+01
                    ** EXPERIMENTAL YIELDS **
    DECAY IS  IF         YIELD+/-ERROR

      16   2   1  0.194764E+05     0.591300E+03
      14   3   1  0.370000E+02     0.370000E+02
      15   3   2  0.936000E+02     0.468000E+02
      11   5   2  0.594000E+03     0.110900E+03



     EXPERIMENT  3
  PROJECTILE ( 36., 80.) 267.940 MEV ---1 GE(LI) DETECTOR(S)  WEIGHT=0.10E+01
                    ** EXPERIMENTAL YIELDS **
    DECAY IS  IF         YIELD+/-ERROR

      16   2   1  0.193964E+05     0.610700E+03
      14   3   1  0.924000E+02     0.555000E+02
      15   3   2  0.175600E+03     0.878000E+02
      11   5   2  0.649200E+03     0.110900E+03



     EXPERIMENT  4
  PROJECTILE ( 36., 80.) 267.940 MEV ---1 GE(LI) DETECTOR(S)  WEIGHT=0.10E+01
                    ** EXPERIMENTAL YIELDS **
    DECAY IS  IF         YIELD+/-ERROR

      16   2   1  0.244683E+05     0.678900E+03
      14   3   1  0.166300E+03     0.740000E+02
      15   3   2  0.585200E+03     0.164100E+03
      11   5   2  0.194770E+04     0.188800E+03



     EXPERIMENT  5
  PROJECTILE ( 36., 80.) 267.940 MEV ---1 GE(LI) DETECTOR(S)  WEIGHT=0.10E+01
                    ** EXPERIMENTAL YIELDS **
    DECAY IS  IF         YIELD+/-ERROR

   15016   3   2  0.227458E+05     0.773200E+03
      14   3   1  0.295600E+03     0.925000E+02
      11   5   2  0.234820E+04     0.245600E+03
       6   7   3  0.131400E+03     0.584000E+02



     EXPERIMENT  6
  PROJECTILE ( 36., 80.) 267.940 MEV ---1 GE(LI) DETECTOR(S)  WEIGHT=0.10E+01
                    ** EXPERIMENTAL YIELDS **
    DECAY IS  IF         YIELD+/-ERROR

      16   2   1  0.250170E+04     0.186600E+03
      14   3   1  0.110900E+03     0.462000E+02
      15   3   2  0.204800E+03     0.586000E+02
      12   4   2  0.174600E+03     0.525000E+02
      11   5   2  0.276300E+03     0.692000E+02


       23 EXPERIMENTAL YIELDS            0 MATRIX ELEMENTS TO BE VARIED



                                        BRANCHING RATIOS

     NS1     NF1     NS2     NF2     RATIO(1:2)         ERROR
      3       1       3       2        0.33100       -0.00400      0.00400
     BRANCHING RATIOS ARE TAKEN WITH WEIGHT    0.100000E+01


                    EXPERIMENTAL E2/M1 MIXING RATIOS


          TRANSITION            DELTA          ERROR

           3---  2                6.0000          -1.0000      1.0000

          E2/M1 MIXING RATIOS ARE TAKEN WITH WEIGHT    0.100000E+01



     *****  RESTART-MATRIX ELEMENTS OVERWRITTEN  *****




                                        MATRIX ELEMENTS


     MULTIPOLARITY=2
    INDEX   NF     NS          ME               LIMITS
       1      1      2        0.62361     FIXED
       2      1      3        0.08500     FIXED
       3      2      2       -0.23000     FIXED
       4      2      3        0.65300     FIXED
       5      2      4        0.44661     FIXED
       6      2      5        1.10825     FIXED
       7      2      6        0.09110     FIXED
       8      2      7        0.06810     FIXED
       9      3      3        0.34759     FIXED
      10      3      4        0.08621     FIXED
      11      3      6        0.71104     FIXED
      12      3      7        0.95257     FIXED
      13      4     10        0.17517     FIXED
      14      5      5       -0.55804     FIXED
      15      5      6        0.80202     FIXED
      16      5      7        0.78255     FIXED
      17      5      8        1.73601     FIXED
      18      6      6       -0.00001     FIXED
      19      7      7        0.86577     FIXED
      20      7     11        0.10202     FIXED
      21      8      8       -0.85624     FIXED
      22      8      9        1.91231     FIXED
      23      9      9       -1.20510     FIXED
      24     10     10        0.00074     FIXED
      25     11     11        0.00001     FIXED
     MULTIPOLARITY=7
    INDEX   NF     NS          ME               LIMITS
      26      2      3        0.22865     FIXED
      27      2      6        0.06848     FIXED
      28      3      6        0.10509     FIXED
      29      5      6        0.03364     FIXED
      30      5      7        0.23057     FIXED





     INTEGRATED RUTHERFORD CROSS SECTION=.4586E+05  FOR EXP. 1





                                                  INTEGRATED YIELDS

     EXPERIMENT  1  DETECTOR  1
     ENERGY RANGE  254.300--- 281.600 MEV   SCATTERING ANGLE RANGE  21.000--- 33.200 DEG

     NI     NF     II     IF     YIELD     NORMALIZED YIELD

      9      8    8.0    6.0   0.18919E-03   0.79155E-07
     11      7    6.0    4.0   0.97197E-06   0.40667E-09
      8      5    6.0    4.0   0.76142E-01   0.31857E-04
     10      4    2.0    0.0   0.11461E-03   0.47953E-07
      7      2    4.0    2.0   0.38777E-02   0.16224E-05
      7      3    4.0    2.0   0.50554E-01   0.21151E-04
      7      5    4.0    4.0   0.14214E-01   0.59472E-05
      6      2    3.0    2.0   0.76315E-02   0.31930E-05
      6      3    3.0    2.0   0.62013E-02   0.25946E-05
      6      5    3.0    4.0   0.86785E-03   0.36310E-06
      5      2    4.0    2.0   0.16949E+02   0.70914E-02
      4      2    0.0    2.0   0.49146E+00   0.20562E-03
      4      3    0.0    2.0   0.11060E-06   0.46275E-10
      3      1    2.0    0.0   0.19434E+01   0.81312E-03
      3      2    2.0    2.0   0.56023E+01   0.23440E-02
      2      1    2.0    0.0   0.23901E+04   0.10000E+01





     INTEGRATED RUTHERFORD CROSS SECTION=.1317E+05  FOR EXP. 2





                                                  INTEGRATED YIELDS

     EXPERIMENT  2  DETECTOR  1
     ENERGY RANGE  254.300--- 281.600 MEV   SCATTERING ANGLE RANGE  32.400--- 42.100 DEG

     NI     NF     II     IF     YIELD     NORMALIZED YIELD

      9      8    8.0    6.0   0.32318E-02   0.14935E-05
     11      7    6.0    4.0   0.12898E-04   0.59606E-08
      8      5    6.0    4.0   0.54489E+00   0.25181E-03
     10      4    2.0    0.0   0.14020E-02   0.64791E-06
      7      2    4.0    2.0   0.21753E-01   0.10053E-04
      7      3    4.0    2.0   0.28360E+00   0.13106E-03
      7      5    4.0    4.0   0.79815E-01   0.36884E-04
      6      2    3.0    2.0   0.52357E-01   0.24195E-04
      6      3    3.0    2.0   0.42630E-01   0.19700E-04
      6      5    3.0    4.0   0.60138E-02   0.27791E-05
      5      2    4.0    2.0   0.44945E+02   0.20770E-01
      4      2    0.0    2.0   0.23568E+01   0.10891E-02
      4      3    0.0    2.0   0.53357E-06   0.24657E-09
      3      1    2.0    0.0   0.39298E+01   0.18160E-02
      3      2    2.0    2.0   0.11340E+02   0.52405E-02
      2      1    2.0    0.0   0.21639E+04   0.10000E+01





     INTEGRATED RUTHERFORD CROSS SECTION=.7036E+04  FOR EXP. 3





                                                  INTEGRATED YIELDS

     EXPERIMENT  3  DETECTOR  1
     ENERGY RANGE  254.300--- 281.600 MEV   SCATTERING ANGLE RANGE  41.500--- 51.600 DEG

     NI     NF     II     IF     YIELD     NORMALIZED YIELD

      9      8    8.0    6.0   0.21519E-01   0.10053E-04
     11      7    6.0    4.0   0.75648E-04   0.35341E-07
      8      5    6.0    4.0   0.19185E+01   0.89625E-03
     10      4    2.0    0.0   0.78452E-02   0.36651E-05
      7      2    4.0    2.0   0.72817E-01   0.34018E-04
      7      3    4.0    2.0   0.94934E+00   0.44351E-03
      7      5    4.0    4.0   0.26727E+00   0.12486E-03
      6      2    3.0    2.0   0.19620E+00   0.91661E-04
      6      3    3.0    2.0   0.16020E+00   0.74842E-04
      6      5    3.0    4.0   0.22882E-01   0.10690E-04
      5      2    4.0    2.0   0.83795E+02   0.39147E-01
      4      2    0.0    2.0   0.69801E+01   0.32609E-02
      4      3    0.0    2.0   0.15916E-05   0.74357E-09
      3      1    2.0    0.0   0.68620E+01   0.32057E-02
      3      2    2.0    2.0   0.19873E+02   0.92840E-02
      2      1    2.0    0.0   0.21405E+04   0.10000E+01





     INTEGRATED RUTHERFORD CROSS SECTION=.4691E+04  FOR EXP. 4





                                                  INTEGRATED YIELDS

     EXPERIMENT  4  DETECTOR  1
     ENERGY RANGE  254.300--- 281.600 MEV   SCATTERING ANGLE RANGE  40.300--- 51.600 DEG

     NI     NF     II     IF     YIELD     NORMALIZED YIELD

      9      8    8.0    6.0   0.23228E+00   0.83373E-04
     11      7    6.0    4.0   0.86115E-03   0.30909E-06
      8      5    6.0    4.0   0.99775E+01   0.35812E-02
     10      4    2.0    0.0   0.89204E-01   0.32018E-04
      7      2    4.0    2.0   0.44780E+00   0.16073E-03
      7      3    4.0    2.0   0.58381E+01   0.20955E-02
      7      5    4.0    4.0   0.16444E+01   0.59023E-03
      6      2    3.0    2.0   0.11905E+01   0.42732E-03
      6      3    3.0    2.0   0.97854E+00   0.35123E-03
      6      5    3.0    4.0   0.14457E+00   0.51891E-04
      5      2    4.0    2.0   0.21671E+03   0.77783E-01
      4      2    0.0    2.0   0.37400E+02   0.13424E-01
      4      3    0.0    2.0   0.18370E-02   0.65935E-06
      3      1    2.0    0.0   0.20594E+02   0.73918E-02
      3      2    2.0    2.0   0.59890E+02   0.21496E-01
      2      1    2.0    0.0   0.27861E+04   0.10000E+01





     INTEGRATED RUTHERFORD CROSS SECTION=.3308E+04  FOR EXP. 5





                                                  INTEGRATED YIELDS

     EXPERIMENT  5  DETECTOR  1
     ENERGY RANGE  254.300--- 281.600 MEV   SCATTERING ANGLE RANGE  21.000--- 41.000 DEG

     NI     NF     II     IF     YIELD     NORMALIZED YIELD

      9      8    8.0    6.0   0.53697E+00   0.19103E-03
     11      7    6.0    4.0   0.27756E-02   0.98744E-06
      8      5    6.0    4.0   0.17347E+02   0.61714E-02
     10      4    2.0    0.0   0.35571E+00   0.12654E-03
      7      2    4.0    2.0   0.11439E+01   0.40694E-03
      7      3    4.0    2.0   0.14913E+02   0.53054E-02
      7      5    4.0    4.0   0.42152E+01   0.14996E-02
      6      2    3.0    2.0   0.21651E+01   0.77024E-03
      6      3    3.0    2.0   0.17918E+01   0.63743E-03
      6      5    3.0    4.0   0.27593E+00   0.98162E-04
      5      2    4.0    2.0   0.28793E+03   0.10243E+00
      4      2    0.0    2.0   0.96863E+02   0.34459E-01
      4      3    0.0    2.0   0.22904E-04   0.81483E-08
      3      1    2.0    0.0   0.40843E+02   0.14530E-01
      3      2    2.0    2.0   0.11701E+03   0.41626E-01
      2      1    2.0    0.0   0.28109E+04   0.10000E+01





     INTEGRATED RUTHERFORD CROSS SECTION=.3492E+03  FOR EXP. 6





                                                  INTEGRATED YIELDS

     EXPERIMENT  6  DETECTOR  1
     ENERGY RANGE  254.300--- 281.600 MEV   SCATTERING ANGLE RANGE 132.440---161.030 DEG

     NI     NF     II     IF     YIELD     NORMALIZED YIELD

      9      8    8.0    6.0   0.45365E-01   0.12787E-03
     11      7    6.0    4.0   0.46707E-03   0.13165E-05
      8      5    6.0    4.0   0.17191E+01   0.48454E-02
     10      4    2.0    0.0   0.10772E+00   0.30363E-03
      7      2    4.0    2.0   0.23322E+00   0.65736E-03
      7      3    4.0    2.0   0.30406E+01   0.85702E-02
      7      5    4.0    4.0   0.86736E+00   0.24447E-02
      6      2    3.0    2.0   0.90162E-01   0.25413E-03
      6      3    3.0    2.0   0.75191E-01   0.21193E-03
      6      5    3.0    4.0   0.12160E-01   0.34275E-04
      5      2    4.0    2.0   0.32973E+02   0.92939E-01
      4      2    0.0    2.0   0.22586E+02   0.63660E-01
      4      3    0.0    2.0   0.53406E-05   0.15053E-07
      3      1    2.0    0.0   0.88621E+01   0.24979E-01
      3      2    2.0    2.0   0.24616E+02   0.69382E-01
      2      1    2.0    0.0   0.35479E+03   0.10000E+01



          EXPERIMENT  1        DETECTOR  1

         NI     NF     YEXP        YCOR        COR.F

        5        2   .193E+03    .165E+03    .853E+00
        2        1   .211E+05    .211E+05    .100E+01



          EXPERIMENT  2        DETECTOR  1

         NI     NF     YEXP        YCOR        COR.F

        5        2   .594E+03    .711E+03    .120E+01
        3        1   .370E+02    .445E+02    .120E+01
        3        2   .936E+02    .113E+03    .120E+01
        2        1   .195E+05    .243E+05    .125E+01



          EXPERIMENT  3        DETECTOR  1

         NI     NF     YEXP        YCOR        COR.F

        5        2   .649E+03    .750E+03    .116E+01
        3        1   .924E+02    .106E+03    .115E+01
        3        2   .176E+03    .202E+03    .115E+01
        2        1   .194E+05    .229E+05    .118E+01



          EXPERIMENT  4        DETECTOR  1

         NI     NF     YEXP        YCOR        COR.F

        5        2   .195E+04    .205E+04    .105E+01
        3        1   .166E+03    .174E+03    .104E+01
        3        2   .585E+03    .612E+03    .105E+01
        2        1   .245E+05    .254E+05    .104E+01



          EXPERIMENT  5        DETECTOR  1

         NI     NF     YEXP        YCOR        COR.F

        7        3   .131E+03    .766E+02    .583E+00
        5        2   .235E+04    .136E+04    .579E+00
        3        1   .296E+03    .175E+03    .592E+00
      302      201   .227E+05    .129E+05    .568E+00



          EXPERIMENT  6        DETECTOR  1

         NI     NF     YEXP        YCOR        COR.F

        5        2   .276E+03    .103E+03    .371E+00
        4        2   .175E+03    .669E+02    .383E+00
        3        1   .111E+03    .423E+02    .381E+00
        3        2   .205E+03    .779E+02    .380E+00
        2        1   .250E+04    .950E+03    .380E+00
               ********* END OF EXECUTION **********
