1
 *****************************************************************************************************************************
 *****************************************************************************************************************************
 **************************************************                         **************************************************
 **************************************************          GOSIA          **************************************************
 **************************************************                         **************************************************
 *****************************************************************************************************************************
 *****************************************************************************************************************************





                    ROCHESTER COULOMB EXCITATION DATA ANALYSIS CODE BY T.CZOSNYKA,D.CLINE AND C.Y.WU
                                                  VERSION: 20081208.18






               Coulomb excitation of 80Kr on a 196Pt target                               
          ----------------------------------------------------------------------------------------------------

                                        LEVELS

     INDEX     PARITY         SPIN           ENERGY(MEV)
       1           +           0.0            0.0000
       2           +           2.0            0.6166
       3           +           2.0            1.2562
       4           +           0.0            1.3205
       5           +           4.0            1.4361
       6           +           3.0            1.7880
       7           +           4.0            2.1459
       8           +           6.0            2.3921
       9           +           8.0            3.4100
      10           +           2.0            2.3205
      11           +           6.0            3.1102

                                        MATRIX ELEMENTS


     MULTIPOLARITY=2
    INDEX   NF     NS          ME               LIMITS
       1      1      2        0.64500     FIXED
       2      1      3        0.07800     FIXED
       3      2      2       -0.43000     FIXED
       4      2      3        0.73000     FIXED
       5      2      4        0.33000     FIXED
       6      2      5        1.06900     FIXED
       7      2      6        0.09000     FIXED
       8      2      7        0.06900     FIXED
       9      3      3        0.40000     FIXED
      10      3      4       -0.08000     FIXED
      11      3      6        0.69800     FIXED
      12      3      7        0.96000     FIXED
      13      4     10        0.10000     FIXED
      14      5      5       -0.77000     FIXED
      15      5      6        0.84700     FIXED
      16      5      7        0.76800     FIXED
      17      5      8        1.68000     FIXED
      18      6      6        0.00000     FIXED
      19      7      7        0.00000     FIXED
      20      7     11        0.10000     FIXED
      21      8      8       -0.90000     FIXED
      22      8      9        1.77300     FIXED
      23      9      9       -1.10000     FIXED
      24     10     10        0.00000     FIXED
      25     11     11        0.00000     FIXED
     MULTIPOLARITY=7
    INDEX   NF     NS          ME               LIMITS
      26      2      3        0.06500     FIXED
      27      2      6        0.06800     FIXED
      28      3      6        0.10400     FIXED
      29      5      6        0.03500     FIXED
      30      5      7        0.22000     FIXED

                                               REPRINT OF EXPERIMENTAL DATA TO BE FITTED





     EXPERIMENT  1
  PROJECTILE ( 36., 80.) 267.940 MEV ---1 GE(LI) DETECTOR(S)  WEIGHT=0.10E+01
                    ** EXPERIMENTAL YIELDS **
    DECAY IS  IF         YIELD+/-ERROR

      16   2   1  0.211328E+05     0.653200E+03
      11   5   2  0.193400E+03     0.691000E+02



     EXPERIMENT  2
  PROJECTILE ( 36., 80.) 267.940 MEV ---1 GE(LI) DETECTOR(S)  WEIGHT=0.10E+01
                    ** EXPERIMENTAL YIELDS **
    DECAY IS  IF         YIELD+/-ERROR

      16   2   1  0.194764E+05     0.591300E+03
      14   3   1  0.370000E+02     0.370000E+02
      15   3   2  0.936000E+02     0.468000E+02
      11   5   2  0.594000E+03     0.110900E+03



     EXPERIMENT  3
  PROJECTILE ( 36., 80.) 267.940 MEV ---1 GE(LI) DETECTOR(S)  WEIGHT=0.10E+01
                    ** EXPERIMENTAL YIELDS **
    DECAY IS  IF         YIELD+/-ERROR

      16   2   1  0.193964E+05     0.610700E+03
      14   3   1  0.924000E+02     0.555000E+02
      15   3   2  0.175600E+03     0.878000E+02
      11   5   2  0.649200E+03     0.110900E+03



     EXPERIMENT  4
  PROJECTILE ( 36., 80.) 267.940 MEV ---1 GE(LI) DETECTOR(S)  WEIGHT=0.10E+01
                    ** EXPERIMENTAL YIELDS **
    DECAY IS  IF         YIELD+/-ERROR

      16   2   1  0.244683E+05     0.678900E+03
      14   3   1  0.166300E+03     0.740000E+02
      15   3   2  0.585200E+03     0.164100E+03
      11   5   2  0.194770E+04     0.188800E+03



     EXPERIMENT  5
  PROJECTILE ( 36., 80.) 267.940 MEV ---1 GE(LI) DETECTOR(S)  WEIGHT=0.10E+01
                    ** EXPERIMENTAL YIELDS **
    DECAY IS  IF         YIELD+/-ERROR

   15016   3   2  0.227458E+05     0.773200E+03
      14   3   1  0.295600E+03     0.925000E+02
      11   5   2  0.234820E+04     0.245600E+03
       6   7   3  0.131400E+03     0.584000E+02



     EXPERIMENT  6
  PROJECTILE ( 36., 80.) 267.940 MEV ---1 GE(LI) DETECTOR(S)  WEIGHT=0.10E+01
                    ** EXPERIMENTAL YIELDS **
    DECAY IS  IF         YIELD+/-ERROR

      16   2   1  0.250170E+04     0.186600E+03
      14   3   1  0.110900E+03     0.462000E+02
      15   3   2  0.204800E+03     0.586000E+02
      12   4   2  0.174600E+03     0.525000E+02
      11   5   2  0.276300E+03     0.692000E+02


       23 EXPERIMENTAL YIELDS            0 MATRIX ELEMENTS TO BE VARIED



                                        BRANCHING RATIOS

     NS1     NF1     NS2     NF2     RATIO(1:2)         ERROR
      3       1       3       2        0.33100       -0.00400      0.00400
     BRANCHING RATIOS ARE TAKEN WITH WEIGHT    0.100000E+01


                    EXPERIMENTAL E2/M1 MIXING RATIOS


          TRANSITION            DELTA          ERROR

           3---  2                6.0000          -1.0000      1.0000

          E2/M1 MIXING RATIOS ARE TAKEN WITH WEIGHT    0.100000E+01



     *****  RESTART-MATRIX ELEMENTS OVERWRITTEN  *****




                                        MATRIX ELEMENTS


     MULTIPOLARITY=2
    INDEX   NF     NS          ME               LIMITS
       1      1      2        0.62361     FIXED
       2      1      3        0.06826     FIXED
       3      2      2       -0.39956     FIXED
       4      2      3        0.63909     FIXED
       5      2      4        0.44661     FIXED
       6      2      5        1.30000     FIXED
       7      2      6        0.09110     FIXED
       8      2      7        0.06810     FIXED
       9      3      3        0.39570     FIXED
      10      3      4        0.08621     FIXED
      11      3      6        0.71104     FIXED
      12      3      7        0.95257     FIXED
      13      4     10        0.17517     FIXED
      14      5      5       -0.20625     FIXED
      15      5      6        0.80202     FIXED
      16      5      7        0.78255     FIXED
      17      5      8        1.73601     FIXED
      18      6      6       -0.00001     FIXED
      19      7      7        0.86577     FIXED
      20      7     11        0.10202     FIXED
      21      8      8       -0.85624     FIXED
      22      8      9        1.91231     FIXED
      23      9      9       -1.20510     FIXED
      24     10     10        0.00074     FIXED
      25     11     11        0.00001     FIXED
     MULTIPOLARITY=7
    INDEX   NF     NS          ME               LIMITS
      26      2      3        0.05695     FIXED
      27      2      6        0.06848     FIXED
      28      3      6        0.10509     FIXED
      29      5      6        0.03364     FIXED
      30      5      7        0.23057     FIXED





     INTEGRATED RUTHERFORD CROSS SECTION=.4586E+05  FOR EXP. 1





                                                  INTEGRATED YIELDS

     EXPERIMENT  1  DETECTOR  1
     ENERGY RANGE  254.300--- 281.600 MEV   SCATTERING ANGLE RANGE  21.000--- 33.200 DEG

     NI     NF     II     IF     YIELD     NORMALIZED YIELD

      9      8    8.0    6.0   0.24231E-03   0.10328E-06
     11      7    6.0    4.0   0.82493E-06   0.35162E-09
      8      5    6.0    4.0   0.10463E+00   0.44596E-04
     10      4    2.0    0.0   0.11400E-03   0.48590E-07
      7      2    4.0    2.0   0.34115E-02   0.14541E-05
      7      3    4.0    2.0   0.44475E-01   0.18957E-04
      7      5    4.0    4.0   0.12516E-01   0.53346E-05
      6      2    3.0    2.0   0.83522E-02   0.35600E-05
      6      3    3.0    2.0   0.67919E-02   0.28950E-05
      6      5    3.0    4.0   0.95613E-03   0.40754E-06
      5      2    4.0    2.0   0.23563E+02   0.10043E-01
      4      2    0.0    2.0   0.48485E+00   0.20666E-03
      4      3    0.0    2.0   0.10912E-06   0.46510E-10
      3      1    2.0    0.0   0.14216E+01   0.60595E-03
      3      2    2.0    2.0   0.44973E+01   0.19169E-02
      2      1    2.0    0.0   0.23461E+04   0.10000E+01





     INTEGRATED RUTHERFORD CROSS SECTION=.1317E+05  FOR EXP. 2





                                                  INTEGRATED YIELDS

     EXPERIMENT  2  DETECTOR  1
     ENERGY RANGE  254.300--- 281.600 MEV   SCATTERING ANGLE RANGE  32.400--- 42.100 DEG

     NI     NF     II     IF     YIELD     NORMALIZED YIELD

      9      8    8.0    6.0   0.44298E-02   0.21045E-05
     11      7    6.0    4.0   0.12021E-04   0.57107E-08
      8      5    6.0    4.0   0.74653E+00   0.35465E-03
     10      4    2.0    0.0   0.13940E-02   0.66225E-06
      7      2    4.0    2.0   0.20776E-01   0.98702E-05
      7      3    4.0    2.0   0.27087E+00   0.12868E-03
      7      5    4.0    4.0   0.76291E-01   0.36244E-04
      6      2    3.0    2.0   0.60584E-01   0.28782E-04
      6      3    3.0    2.0   0.49380E-01   0.23459E-04
      6      5    3.0    4.0   0.70029E-02   0.33269E-05
      5      2    4.0    2.0   0.62360E+02   0.29625E-01
      4      2    0.0    2.0   0.23209E+01   0.11026E-02
      4      3    0.0    2.0   0.52544E-06   0.24962E-09
      3      1    2.0    0.0   0.31355E+01   0.14896E-02
      3      2    2.0    2.0   0.99342E+01   0.47195E-02
      2      1    2.0    0.0   0.21050E+04   0.10000E+01





     INTEGRATED RUTHERFORD CROSS SECTION=.7036E+04  FOR EXP. 3





                                                  INTEGRATED YIELDS

     EXPERIMENT  3  DETECTOR  1
     ENERGY RANGE  254.300--- 281.600 MEV   SCATTERING ANGLE RANGE  41.500--- 51.600 DEG

     NI     NF     II     IF     YIELD     NORMALIZED YIELD

      9      8    8.0    6.0   0.29416E-01   0.14250E-04
     11      7    6.0    4.0   0.73549E-04   0.35631E-07
      8      5    6.0    4.0   0.26187E+01   0.12686E-02
     10      4    2.0    0.0   0.77869E-02   0.37724E-05
      7      2    4.0    2.0   0.73534E-01   0.35624E-04
      7      3    4.0    2.0   0.95868E+00   0.46443E-03
      7      5    4.0    4.0   0.27005E+00   0.13083E-03
      6      2    3.0    2.0   0.23233E+00   0.11255E-03
      6      3    3.0    2.0   0.18991E+00   0.92001E-04
      6      5    3.0    4.0   0.27280E-01   0.13216E-04
      5      2    4.0    2.0   0.11591E+03   0.56151E-01
      4      2    0.0    2.0   0.68427E+01   0.33150E-02
      4      3    0.0    2.0   0.15603E-05   0.75589E-09
      3      1    2.0    0.0   0.57954E+01   0.28076E-02
      3      2    2.0    2.0   0.18393E+02   0.89106E-02
      2      1    2.0    0.0   0.20642E+04   0.10000E+01





     INTEGRATED RUTHERFORD CROSS SECTION=.4691E+04  FOR EXP. 4





                                                  INTEGRATED YIELDS

     EXPERIMENT  4  DETECTOR  1
     ENERGY RANGE  254.300--- 281.600 MEV   SCATTERING ANGLE RANGE  40.300--- 51.600 DEG

     NI     NF     II     IF     YIELD     NORMALIZED YIELD

      9      8    8.0    6.0   0.31544E+00   0.11897E-03
     11      7    6.0    4.0   0.90516E-03   0.34139E-06
      8      5    6.0    4.0   0.13504E+02   0.50931E-02
     10      4    2.0    0.0   0.87660E-01   0.33062E-04
      7      2    4.0    2.0   0.47551E+00   0.17934E-03
      7      3    4.0    2.0   0.61994E+01   0.23381E-02
      7      5    4.0    4.0   0.17468E+01   0.65880E-03
      6      2    3.0    2.0   0.14207E+01   0.53583E-03
      6      3    3.0    2.0   0.11688E+01   0.44083E-03
      6      5    3.0    4.0   0.17358E+00   0.65466E-04
      5      2    4.0    2.0   0.29819E+03   0.11246E+00
      4      2    0.0    2.0   0.35873E+02   0.13530E-01
      4      3    0.0    2.0   0.17427E-03   0.65727E-07
      3      1    2.0    0.0   0.18299E+02   0.69017E-02
      3      2    2.0    2.0   0.58301E+02   0.21988E-01
      2      1    2.0    0.0   0.26514E+04   0.10000E+01





     INTEGRATED RUTHERFORD CROSS SECTION=.3308E+04  FOR EXP. 5





                                                  INTEGRATED YIELDS

     EXPERIMENT  5  DETECTOR  1
     ENERGY RANGE  254.300--- 281.600 MEV   SCATTERING ANGLE RANGE  21.000--- 41.000 DEG

     NI     NF     II     IF     YIELD     NORMALIZED YIELD

      9      8    8.0    6.0   0.72351E+00   0.27058E-03
     11      7    6.0    4.0   0.30296E-02   0.11330E-05
      8      5    6.0    4.0   0.23233E+02   0.86887E-02
     10      4    2.0    0.0   0.34162E+00   0.12776E-03
      7      2    4.0    2.0   0.12335E+01   0.46131E-03
      7      3    4.0    2.0   0.16081E+02   0.60143E-02
      7      5    4.0    4.0   0.45466E+01   0.17004E-02
      6      2    3.0    2.0   0.25587E+01   0.95693E-03
      6      3    3.0    2.0   0.21187E+01   0.79239E-03
      6      5    3.0    4.0   0.32747E+00   0.12247E-03
      5      2    4.0    2.0   0.39672E+03   0.14837E+00
      4      2    0.0    2.0   0.88321E+02   0.33031E-01
      4      3    0.0    2.0   0.20884E-04   0.78106E-08
      3      1    2.0    0.0   0.36524E+02   0.13660E-01
      3      2    2.0    2.0   0.11639E+03   0.43530E-01
      2      1    2.0    0.0   0.26739E+04   0.10000E+01





     INTEGRATED RUTHERFORD CROSS SECTION=.3492E+03  FOR EXP. 6





                                                  INTEGRATED YIELDS

     EXPERIMENT  6  DETECTOR  1
     ENERGY RANGE  254.300--- 281.600 MEV   SCATTERING ANGLE RANGE 132.440---161.030 DEG

     NI     NF     II     IF     YIELD     NORMALIZED YIELD

      9      8    8.0    6.0   0.60356E-01   0.17498E-03
     11      7    6.0    4.0   0.52277E-03   0.15156E-05
      8      5    6.0    4.0   0.22552E+01   0.65382E-02
     10      4    2.0    0.0   0.10022E+00   0.29056E-03
      7      2    4.0    2.0   0.25238E+00   0.73169E-03
      7      3    4.0    2.0   0.32903E+01   0.95392E-02
      7      5    4.0    4.0   0.93868E+00   0.27214E-02
      6      2    3.0    2.0   0.10443E+00   0.30275E-03
      6      3    3.0    2.0   0.87097E-01   0.25251E-03
      6      5    3.0    4.0   0.14099E-01   0.40874E-04
      5      2    4.0    2.0   0.46276E+02   0.13416E+00
      4      2    0.0    2.0   0.18972E+02   0.55002E-01
      4      3    0.0    2.0   0.44860E-05   0.13006E-07
      3      1    2.0    0.0   0.78064E+01   0.22632E-01
      3      2    2.0    2.0   0.24749E+02   0.71753E-01
      2      1    2.0    0.0   0.34493E+03   0.10000E+01



          EXPERIMENT  1        DETECTOR  1

         NI     NF     YEXP        YCOR        COR.F

        5        2   .193E+03    .165E+03    .854E+00
        2        1   .211E+05    .211E+05    .100E+01



          EXPERIMENT  2        DETECTOR  1

         NI     NF     YEXP        YCOR        COR.F

        5        2   .594E+03    .712E+03    .120E+01
        3        1   .370E+02    .443E+02    .120E+01
        3        2   .936E+02    .112E+03    .120E+01
        2        1   .195E+05    .243E+05    .125E+01



          EXPERIMENT  3        DETECTOR  1

         NI     NF     YEXP        YCOR        COR.F

        5        2   .649E+03    .750E+03    .116E+01
        3        1   .924E+02    .106E+03    .115E+01
        3        2   .176E+03    .202E+03    .115E+01
        2        1   .194E+05    .229E+05    .118E+01



          EXPERIMENT  4        DETECTOR  1

         NI     NF     YEXP        YCOR        COR.F

        5        2   .195E+04    .205E+04    .105E+01
        3        1   .166E+03    .174E+03    .105E+01
        3        2   .585E+03    .612E+03    .105E+01
        2        1   .245E+05    .254E+05    .104E+01



          EXPERIMENT  5        DETECTOR  1

         NI     NF     YEXP        YCOR        COR.F

        7        3   .131E+03    .768E+02    .584E+00
        5        2   .235E+04    .136E+04    .580E+00
        3        1   .296E+03    .175E+03    .593E+00
      302      201   .227E+05    .129E+05    .568E+00



          EXPERIMENT  6        DETECTOR  1

         NI     NF     YEXP        YCOR        COR.F

        5        2   .276E+03    .103E+03    .373E+00
        4        2   .175E+03    .668E+02    .383E+00
        3        1   .111E+03    .422E+02    .381E+00
        3        2   .205E+03    .780E+02    .381E+00
        2        1   .250E+04    .950E+03    .380E+00
               ********* END OF EXECUTION **********
