1
 *****************************************************************************************************************************
 *****************************************************************************************************************************
 **************************************************                         **************************************************
 **************************************************          GOSIA          **************************************************
 **************************************************                         **************************************************
 *****************************************************************************************************************************
 *****************************************************************************************************************************





                    ROCHESTER COULOMB EXCITATION DATA ANALYSIS CODE BY T.CZOSNYKA,D.CLINE AND C.Y.WU
                                                  VERSION: 20081208.18






               Coulomb excitation of 80Kr on a 196Pt target                               
          ----------------------------------------------------------------------------------------------------

                                        LEVELS

     INDEX     PARITY         SPIN           ENERGY(MEV)
       1           +           0.0            0.0000
       2           +           2.0            0.6166
       3           +           2.0            1.2562
       4           +           0.0            1.3205
       5           +           4.0            1.4361
       6           +           3.0            1.7880
       7           +           4.0            2.1459
       8           +           6.0            2.3921
       9           +           8.0            3.4100
      10           +           2.0            2.3205
      11           +           6.0            3.1102

                                        MATRIX ELEMENTS


     MULTIPOLARITY=2
    INDEX   NF     NS          ME               LIMITS
       1      1      2        0.64500     FIXED
       2      1      3        0.07800     FIXED
       3      2      2       -0.43000     FIXED
       4      2      3        0.73000     FIXED
       5      2      4        0.33000     FIXED
       6      2      5        1.06900     FIXED
       7      2      6        0.09000     FIXED
       8      2      7        0.06900     FIXED
       9      3      3        0.40000     FIXED
      10      3      4       -0.08000     FIXED
      11      3      6        0.69800     FIXED
      12      3      7        0.96000     FIXED
      13      4     10        0.10000     FIXED
      14      5      5       -0.77000     FIXED
      15      5      6        0.84700     FIXED
      16      5      7        0.76800     FIXED
      17      5      8        1.68000     FIXED
      18      6      6        0.00000     FIXED
      19      7      7        0.00000     FIXED
      20      7     11        0.10000     FIXED
      21      8      8       -0.90000     FIXED
      22      8      9        1.77300     FIXED
      23      9      9       -1.10000     FIXED
      24     10     10        0.00000     FIXED
      25     11     11        0.00000     FIXED
     MULTIPOLARITY=7
    INDEX   NF     NS          ME               LIMITS
      26      2      3        0.06500     FIXED
      27      2      6        0.06800     FIXED
      28      3      6        0.10400     FIXED
      29      5      6        0.03500     FIXED
      30      5      7        0.22000     FIXED

                                               REPRINT OF EXPERIMENTAL DATA TO BE FITTED





     EXPERIMENT  1
  PROJECTILE ( 36., 80.) 267.940 MEV ---1 GE(LI) DETECTOR(S)  WEIGHT=0.10E+01
                    ** EXPERIMENTAL YIELDS **
    DECAY IS  IF         YIELD+/-ERROR

      16   2   1  0.211328E+05     0.653200E+03
      11   5   2  0.193400E+03     0.691000E+02



     EXPERIMENT  2
  PROJECTILE ( 36., 80.) 267.940 MEV ---1 GE(LI) DETECTOR(S)  WEIGHT=0.10E+01
                    ** EXPERIMENTAL YIELDS **
    DECAY IS  IF         YIELD+/-ERROR

      16   2   1  0.194764E+05     0.591300E+03
      14   3   1  0.370000E+02     0.370000E+02
      15   3   2  0.936000E+02     0.468000E+02
      11   5   2  0.594000E+03     0.110900E+03



     EXPERIMENT  3
  PROJECTILE ( 36., 80.) 267.940 MEV ---1 GE(LI) DETECTOR(S)  WEIGHT=0.10E+01
                    ** EXPERIMENTAL YIELDS **
    DECAY IS  IF         YIELD+/-ERROR

      16   2   1  0.193964E+05     0.610700E+03
      14   3   1  0.924000E+02     0.555000E+02
      15   3   2  0.175600E+03     0.878000E+02
      11   5   2  0.649200E+03     0.110900E+03



     EXPERIMENT  4
  PROJECTILE ( 36., 80.) 267.940 MEV ---1 GE(LI) DETECTOR(S)  WEIGHT=0.10E+01
                    ** EXPERIMENTAL YIELDS **
    DECAY IS  IF         YIELD+/-ERROR

      16   2   1  0.244683E+05     0.678900E+03
      14   3   1  0.166300E+03     0.740000E+02
      15   3   2  0.585200E+03     0.164100E+03
      11   5   2  0.194770E+04     0.188800E+03



     EXPERIMENT  5
  PROJECTILE ( 36., 80.) 267.940 MEV ---1 GE(LI) DETECTOR(S)  WEIGHT=0.10E+01
                    ** EXPERIMENTAL YIELDS **
    DECAY IS  IF         YIELD+/-ERROR

   15016   3   2  0.227458E+05     0.773200E+03
      14   3   1  0.295600E+03     0.925000E+02
      11   5   2  0.234820E+04     0.245600E+03
       6   7   3  0.131400E+03     0.584000E+02



     EXPERIMENT  6
  PROJECTILE ( 36., 80.) 267.940 MEV ---1 GE(LI) DETECTOR(S)  WEIGHT=0.10E+01
                    ** EXPERIMENTAL YIELDS **
    DECAY IS  IF         YIELD+/-ERROR

      16   2   1  0.250170E+04     0.186600E+03
      14   3   1  0.110900E+03     0.462000E+02
      15   3   2  0.204800E+03     0.586000E+02
      12   4   2  0.174600E+03     0.525000E+02
      11   5   2  0.276300E+03     0.692000E+02


       23 EXPERIMENTAL YIELDS            0 MATRIX ELEMENTS TO BE VARIED



                                        BRANCHING RATIOS

     NS1     NF1     NS2     NF2     RATIO(1:2)         ERROR
      3       1       3       2        0.33100       -0.00400      0.00400
     BRANCHING RATIOS ARE TAKEN WITH WEIGHT    0.100000E+01


                    EXPERIMENTAL E2/M1 MIXING RATIOS


          TRANSITION            DELTA          ERROR

           3---  2                6.0000          -1.0000      1.0000

          E2/M1 MIXING RATIOS ARE TAKEN WITH WEIGHT    0.100000E+01



     *****  RESTART-MATRIX ELEMENTS OVERWRITTEN  *****




                                        MATRIX ELEMENTS


     MULTIPOLARITY=2
    INDEX   NF     NS          ME               LIMITS
       1      1      2        0.62361     FIXED
       2      1      3        0.08500     FIXED
       3      2      2       -0.23000     FIXED
       4      2      3        0.72300     FIXED
       5      2      4        0.44661     FIXED
       6      2      5        1.10825     FIXED
       7      2      6        0.09110     FIXED
       8      2      7        0.06810     FIXED
       9      3      3       -0.01172     FIXED
      10      3      4        0.08621     FIXED
      11      3      6        0.71104     FIXED
      12      3      7        0.95257     FIXED
      13      4     10        0.17517     FIXED
      14      5      5       -0.55804     FIXED
      15      5      6        0.80202     FIXED
      16      5      7        0.78255     FIXED
      17      5      8        1.73601     FIXED
      18      6      6       -0.00001     FIXED
      19      7      7        0.86577     FIXED
      20      7     11        0.10202     FIXED
      21      8      8       -0.85624     FIXED
      22      8      9        1.91231     FIXED
      23      9      9       -1.20510     FIXED
      24     10     10        0.00074     FIXED
      25     11     11        0.00001     FIXED
     MULTIPOLARITY=7
    INDEX   NF     NS          ME               LIMITS
      26      2      3        0.06952     FIXED
      27      2      6        0.06848     FIXED
      28      3      6        0.10509     FIXED
      29      5      6        0.03364     FIXED
      30      5      7        0.23057     FIXED





     INTEGRATED RUTHERFORD CROSS SECTION=.4586E+05  FOR EXP. 1





                                                  INTEGRATED YIELDS

     EXPERIMENT  1  DETECTOR  1
     ENERGY RANGE  254.300--- 281.600 MEV   SCATTERING ANGLE RANGE  21.000--- 33.200 DEG

     NI     NF     II     IF     YIELD     NORMALIZED YIELD

      9      8    8.0    6.0   0.18915E-03   0.79064E-07
     11      7    6.0    4.0   0.98401E-06   0.41130E-09
      8      5    6.0    4.0   0.76139E-01   0.31825E-04
     10      4    2.0    0.0   0.11457E-03   0.47889E-07
      7      2    4.0    2.0   0.39481E-02   0.16502E-05
      7      3    4.0    2.0   0.51472E-01   0.21514E-04
      7      5    4.0    4.0   0.14474E-01   0.60500E-05
      6      2    3.0    2.0   0.78863E-02   0.32964E-05
      6      3    3.0    2.0   0.64083E-02   0.26786E-05
      6      5    3.0    4.0   0.89896E-03   0.37575E-06
      5      2    4.0    2.0   0.16956E+02   0.70874E-02
      4      2    0.0    2.0   0.49114E+00   0.20529E-03
      4      3    0.0    2.0   0.11053E-06   0.46200E-10
      3      1    2.0    0.0   0.21415E+01   0.89512E-03
      3      2    2.0    2.0   0.56202E+01   0.23492E-02
      2      1    2.0    0.0   0.23924E+04   0.10000E+01





     INTEGRATED RUTHERFORD CROSS SECTION=.1317E+05  FOR EXP. 2





                                                  INTEGRATED YIELDS

     EXPERIMENT  2  DETECTOR  1
     ENERGY RANGE  254.300--- 281.600 MEV   SCATTERING ANGLE RANGE  32.400--- 42.100 DEG

     NI     NF     II     IF     YIELD     NORMALIZED YIELD

      9      8    8.0    6.0   0.32302E-02   0.14905E-05
     11      7    6.0    4.0   0.13073E-04   0.60321E-08
      8      5    6.0    4.0   0.54471E+00   0.25135E-03
     10      4    2.0    0.0   0.14012E-02   0.64656E-06
      7      2    4.0    2.0   0.22406E-01   0.10339E-04
      7      3    4.0    2.0   0.29211E+00   0.13479E-03
      7      5    4.0    4.0   0.82216E-01   0.37937E-04
      6      2    3.0    2.0   0.54107E-01   0.24967E-04
      6      3    3.0    2.0   0.44052E-01   0.20327E-04
      6      5    3.0    4.0   0.62121E-02   0.28664E-05
      5      2    4.0    2.0   0.44963E+02   0.20747E-01
      4      2    0.0    2.0   0.23554E+01   0.10868E-02
      4      3    0.0    2.0   0.53325E-06   0.24606E-09
      3      1    2.0    0.0   0.43992E+01   0.20299E-02
      3      2    2.0    2.0   0.11572E+02   0.53399E-02
      2      1    2.0    0.0   0.21672E+04   0.10000E+01





     INTEGRATED RUTHERFORD CROSS SECTION=.7036E+04  FOR EXP. 3





                                                  INTEGRATED YIELDS

     EXPERIMENT  3  DETECTOR  1
     ENERGY RANGE  254.300--- 281.600 MEV   SCATTERING ANGLE RANGE  41.500--- 51.600 DEG

     NI     NF     II     IF     YIELD     NORMALIZED YIELD

      9      8    8.0    6.0   0.21497E-01   0.10023E-04
     11      7    6.0    4.0   0.78434E-04   0.36570E-07
      8      5    6.0    4.0   0.19168E+01   0.89368E-03
     10      4    2.0    0.0   0.78380E-02   0.36545E-05
      7      2    4.0    2.0   0.75498E-01   0.35201E-04
      7      3    4.0    2.0   0.98428E+00   0.45892E-03
      7      5    4.0    4.0   0.27711E+00   0.12920E-03
      6      2    3.0    2.0   0.20230E+00   0.94320E-04
      6      3    3.0    2.0   0.16516E+00   0.77003E-04
      6      5    3.0    4.0   0.23573E-01   0.10991E-04
      5      2    4.0    2.0   0.83818E+02   0.39080E-01
      4      2    0.0    2.0   0.69768E+01   0.32529E-02
      4      3    0.0    2.0   0.15909E-05   0.74174E-09
      3      1    2.0    0.0   0.76998E+01   0.35900E-02
      3      2    2.0    2.0   0.20311E+02   0.94701E-02
      2      1    2.0    0.0   0.21448E+04   0.10000E+01





     INTEGRATED RUTHERFORD CROSS SECTION=.4691E+04  FOR EXP. 4





                                                  INTEGRATED YIELDS

     EXPERIMENT  4  DETECTOR  1
     ENERGY RANGE  254.300--- 281.600 MEV   SCATTERING ANGLE RANGE  40.300--- 51.600 DEG

     NI     NF     II     IF     YIELD     NORMALIZED YIELD

      9      8    8.0    6.0   0.23155E+00   0.82834E-04
     11      7    6.0    4.0   0.90694E-03   0.32445E-06
      8      5    6.0    4.0   0.99502E+01   0.35596E-02
     10      4    2.0    0.0   0.89033E-01   0.31851E-04
      7      2    4.0    2.0   0.46564E+00   0.16658E-03
      7      3    4.0    2.0   0.60707E+01   0.21717E-02
      7      5    4.0    4.0   0.17100E+01   0.61173E-03
      6      2    3.0    2.0   0.12217E+01   0.43704E-03
      6      3    3.0    2.0   0.10040E+01   0.35917E-03
      6      5    3.0    4.0   0.14822E+00   0.53024E-04
      5      2    4.0    2.0   0.21675E+03   0.77541E-01
      4      2    0.0    2.0   0.37402E+02   0.13380E-01
      4      3    0.0    2.0   0.18375E-02   0.65734E-06
      3      1    2.0    0.0   0.22459E+02   0.80347E-02
      3      2    2.0    2.0   0.59519E+02   0.21292E-01
      2      1    2.0    0.0   0.27953E+04   0.10000E+01





     INTEGRATED RUTHERFORD CROSS SECTION=.3308E+04  FOR EXP. 5





                                                  INTEGRATED YIELDS

     EXPERIMENT  5  DETECTOR  1
     ENERGY RANGE  254.300--- 281.600 MEV   SCATTERING ANGLE RANGE  21.000--- 41.000 DEG

     NI     NF     II     IF     YIELD     NORMALIZED YIELD

      9      8    8.0    6.0   0.53287E+00   0.18846E-03
     11      7    6.0    4.0   0.29681E-02   0.10497E-05
      8      5    6.0    4.0   0.17230E+02   0.60939E-02
     10      4    2.0    0.0   0.35439E+00   0.12534E-03
      7      2    4.0    2.0   0.11938E+01   0.42222E-03
      7      3    4.0    2.0   0.15564E+02   0.55045E-02
      7      5    4.0    4.0   0.43995E+01   0.15560E-02
      6      2    3.0    2.0   0.22176E+01   0.78429E-03
      6      3    3.0    2.0   0.18351E+01   0.64901E-03
      6      5    3.0    4.0   0.28247E+00   0.99904E-04
      5      2    4.0    2.0   0.28817E+03   0.10192E+00
      4      2    0.0    2.0   0.97019E+02   0.34313E-01
      4      3    0.0    2.0   0.22941E-04   0.81137E-08
      3      1    2.0    0.0   0.42042E+02   0.14869E-01
      3      2    2.0    2.0   0.11116E+03   0.39314E-01
      2      1    2.0    0.0   0.28275E+04   0.10000E+01





     INTEGRATED RUTHERFORD CROSS SECTION=.3492E+03  FOR EXP. 6





                                                  INTEGRATED YIELDS

     EXPERIMENT  6  DETECTOR  1
     ENERGY RANGE  254.300--- 281.600 MEV   SCATTERING ANGLE RANGE 132.440---161.030 DEG

     NI     NF     II     IF     YIELD     NORMALIZED YIELD

      9      8    8.0    6.0   0.44504E-01   0.12419E-03
     11      7    6.0    4.0   0.51467E-03   0.14362E-05
      8      5    6.0    4.0   0.16860E+01   0.47048E-02
     10      4    2.0    0.0   0.10705E+00   0.29871E-03
      7      2    4.0    2.0   0.24760E+00   0.69092E-03
      7      3    4.0    2.0   0.32280E+01   0.90077E-02
      7      5    4.0    4.0   0.92088E+00   0.25697E-02
      6      2    3.0    2.0   0.92689E-01   0.25865E-03
      6      3    3.0    2.0   0.77298E-01   0.21570E-03
      6      5    3.0    4.0   0.12501E-01   0.34882E-04
      5      2    4.0    2.0   0.33040E+02   0.92196E-01
      4      2    0.0    2.0   0.22689E+02   0.63314E-01
      4      3    0.0    2.0   0.53651E-05   0.14971E-07
      3      1    2.0    0.0   0.84998E+01   0.23718E-01
      3      2    2.0    2.0   0.22280E+02   0.62172E-01
      2      1    2.0    0.0   0.35836E+03   0.10000E+01



          EXPERIMENT  1        DETECTOR  1

         NI     NF     YEXP        YCOR        COR.F

        5        2   .193E+03    .165E+03    .853E+00
        2        1   .211E+05    .211E+05    .100E+01



          EXPERIMENT  2        DETECTOR  1

         NI     NF     YEXP        YCOR        COR.F

        5        2   .594E+03    .711E+03    .120E+01
        3        1   .370E+02    .445E+02    .120E+01
        3        2   .936E+02    .113E+03    .120E+01
        2        1   .195E+05    .243E+05    .125E+01



          EXPERIMENT  3        DETECTOR  1

         NI     NF     YEXP        YCOR        COR.F

        5        2   .649E+03    .750E+03    .116E+01
        3        1   .924E+02    .106E+03    .115E+01
        3        2   .176E+03    .202E+03    .115E+01
        2        1   .194E+05    .229E+05    .118E+01



          EXPERIMENT  4        DETECTOR  1

         NI     NF     YEXP        YCOR        COR.F

        5        2   .195E+04    .205E+04    .105E+01
        3        1   .166E+03    .174E+03    .105E+01
        3        2   .585E+03    .612E+03    .105E+01
        2        1   .245E+05    .254E+05    .104E+01



          EXPERIMENT  5        DETECTOR  1

         NI     NF     YEXP        YCOR        COR.F

        7        3   .131E+03    .766E+02    .583E+00
        5        2   .235E+04    .136E+04    .579E+00
        3        1   .296E+03    .175E+03    .591E+00
      302      201   .227E+05    .129E+05    .568E+00



          EXPERIMENT  6        DETECTOR  1

         NI     NF     YEXP        YCOR        COR.F

        5        2   .276E+03    .103E+03    .371E+00
        4        2   .175E+03    .669E+02    .383E+00
        3        1   .111E+03    .422E+02    .380E+00
        3        2   .205E+03    .778E+02    .380E+00
        2        1   .250E+04    .950E+03    .380E+00
               ********* END OF EXECUTION **********
