1
 *****************************************************************************************************************************
 *****************************************************************************************************************************
 **************************************************                         **************************************************
 **************************************************          GOSIA          **************************************************
 **************************************************                         **************************************************
 *****************************************************************************************************************************
 *****************************************************************************************************************************





                    ROCHESTER COULOMB EXCITATION DATA ANALYSIS CODE BY T.CZOSNYKA,D.CLINE AND C.Y.WU
                                                  VERSION: 20081208.18






               Coulomb excitation of 80Kr on a 196Pt target                               
          ----------------------------------------------------------------------------------------------------

                                        LEVELS

     INDEX     PARITY         SPIN           ENERGY(MEV)
       1           +           0.0            0.0000
       2           +           2.0            0.6166
       3           +           2.0            1.2562
       4           +           0.0            1.3205
       5           +           4.0            1.4361
       6           +           3.0            1.7880
       7           +           4.0            2.1459
       8           +           6.0            2.3921
       9           +           8.0            3.4100
      10           +           2.0            2.3205
      11           +           6.0            3.1102

                                        MATRIX ELEMENTS


     MULTIPOLARITY=2
    INDEX   NF     NS          ME               LIMITS
       1      1      2        0.64500     FIXED
       2      1      3        0.07800     FIXED
       3      2      2       -0.43000     FIXED
       4      2      3        0.73000     FIXED
       5      2      4        0.33000     FIXED
       6      2      5        1.06900     FIXED
       7      2      6        0.09000     FIXED
       8      2      7        0.06900     FIXED
       9      3      3        0.40000     FIXED
      10      3      4       -0.08000     FIXED
      11      3      6        0.69800     FIXED
      12      3      7        0.96000     FIXED
      13      4     10        0.10000     FIXED
      14      5      5       -0.77000     FIXED
      15      5      6        0.84700     FIXED
      16      5      7        0.76800     FIXED
      17      5      8        1.68000     FIXED
      18      6      6        0.00000     FIXED
      19      7      7        0.00000     FIXED
      20      7     11        0.10000     FIXED
      21      8      8       -0.90000     FIXED
      22      8      9        1.77300     FIXED
      23      9      9       -1.10000     FIXED
      24     10     10        0.00000     FIXED
      25     11     11        0.00000     FIXED
     MULTIPOLARITY=7
    INDEX   NF     NS          ME               LIMITS
      26      2      3        0.06500     FIXED
      27      2      6        0.06800     FIXED
      28      3      6        0.10400     FIXED
      29      5      6        0.03500     FIXED
      30      5      7        0.22000     FIXED

                                               REPRINT OF EXPERIMENTAL DATA TO BE FITTED





     EXPERIMENT  1
  PROJECTILE ( 36., 80.) 267.940 MEV ---1 GE(LI) DETECTOR(S)  WEIGHT=0.10E+01
                    ** EXPERIMENTAL YIELDS **
    DECAY IS  IF         YIELD+/-ERROR

      16   2   1  0.211328E+05     0.653200E+03
      11   5   2  0.193400E+03     0.691000E+02



     EXPERIMENT  2
  PROJECTILE ( 36., 80.) 267.940 MEV ---1 GE(LI) DETECTOR(S)  WEIGHT=0.10E+01
                    ** EXPERIMENTAL YIELDS **
    DECAY IS  IF         YIELD+/-ERROR

      16   2   1  0.194764E+05     0.591300E+03
      14   3   1  0.370000E+02     0.370000E+02
      15   3   2  0.936000E+02     0.468000E+02
      11   5   2  0.594000E+03     0.110900E+03



     EXPERIMENT  3
  PROJECTILE ( 36., 80.) 267.940 MEV ---1 GE(LI) DETECTOR(S)  WEIGHT=0.10E+01
                    ** EXPERIMENTAL YIELDS **
    DECAY IS  IF         YIELD+/-ERROR

      16   2   1  0.193964E+05     0.610700E+03
      14   3   1  0.924000E+02     0.555000E+02
      15   3   2  0.175600E+03     0.878000E+02
      11   5   2  0.649200E+03     0.110900E+03



     EXPERIMENT  4
  PROJECTILE ( 36., 80.) 267.940 MEV ---1 GE(LI) DETECTOR(S)  WEIGHT=0.10E+01
                    ** EXPERIMENTAL YIELDS **
    DECAY IS  IF         YIELD+/-ERROR

      16   2   1  0.244683E+05     0.678900E+03
      14   3   1  0.166300E+03     0.740000E+02
      15   3   2  0.585200E+03     0.164100E+03
      11   5   2  0.194770E+04     0.188800E+03



     EXPERIMENT  5
  PROJECTILE ( 36., 80.) 267.940 MEV ---1 GE(LI) DETECTOR(S)  WEIGHT=0.10E+01
                    ** EXPERIMENTAL YIELDS **
    DECAY IS  IF         YIELD+/-ERROR

   15016   3   2  0.227458E+05     0.773200E+03
      14   3   1  0.295600E+03     0.925000E+02
      11   5   2  0.234820E+04     0.245600E+03
       6   7   3  0.131400E+03     0.584000E+02



     EXPERIMENT  6
  PROJECTILE ( 36., 80.) 267.940 MEV ---1 GE(LI) DETECTOR(S)  WEIGHT=0.10E+01
                    ** EXPERIMENTAL YIELDS **
    DECAY IS  IF         YIELD+/-ERROR

      16   2   1  0.250170E+04     0.186600E+03
      14   3   1  0.110900E+03     0.462000E+02
      15   3   2  0.204800E+03     0.586000E+02
      12   4   2  0.174600E+03     0.525000E+02
      11   5   2  0.276300E+03     0.692000E+02


       23 EXPERIMENTAL YIELDS            0 MATRIX ELEMENTS TO BE VARIED



                                        BRANCHING RATIOS

     NS1     NF1     NS2     NF2     RATIO(1:2)         ERROR
      3       1       3       2        0.33100       -0.00400      0.00400
     BRANCHING RATIOS ARE TAKEN WITH WEIGHT    0.100000E+01


                    EXPERIMENTAL E2/M1 MIXING RATIOS


          TRANSITION            DELTA          ERROR

           3---  2                6.0000          -1.0000      1.0000

          E2/M1 MIXING RATIOS ARE TAKEN WITH WEIGHT    0.100000E+01



     *****  RESTART-MATRIX ELEMENTS OVERWRITTEN  *****




                                        MATRIX ELEMENTS


     MULTIPOLARITY=2
    INDEX   NF     NS          ME               LIMITS
       1      1      2        0.62361     FIXED
       2      1      3        0.08500     FIXED
       3      2      2       -0.23000     FIXED
       4      2      3        0.80000     FIXED
       5      2      4        0.44661     FIXED
       6      2      5        1.10825     FIXED
       7      2      6        0.09110     FIXED
       8      2      7        0.06810     FIXED
       9      3      3       -0.21654     FIXED
      10      3      4        0.08621     FIXED
      11      3      6        0.71104     FIXED
      12      3      7        0.95257     FIXED
      13      4     10        0.17517     FIXED
      14      5      5       -0.55804     FIXED
      15      5      6        0.80202     FIXED
      16      5      7        0.78255     FIXED
      17      5      8        1.73601     FIXED
      18      6      6       -0.00001     FIXED
      19      7      7        0.86577     FIXED
      20      7     11        0.10202     FIXED
      21      8      8       -0.85624     FIXED
      22      8      9        1.91231     FIXED
      23      9      9       -1.20510     FIXED
      24     10     10        0.00074     FIXED
      25     11     11        0.00001     FIXED
     MULTIPOLARITY=7
    INDEX   NF     NS          ME               LIMITS
      26      2      3        0.07092     FIXED
      27      2      6        0.06848     FIXED
      28      3      6        0.10509     FIXED
      29      5      6        0.03364     FIXED
      30      5      7        0.23057     FIXED





     INTEGRATED RUTHERFORD CROSS SECTION=.4586E+05  FOR EXP. 1





                                                  INTEGRATED YIELDS

     EXPERIMENT  1  DETECTOR  1
     ENERGY RANGE  254.300--- 281.600 MEV   SCATTERING ANGLE RANGE  21.000--- 33.200 DEG

     NI     NF     II     IF     YIELD     NORMALIZED YIELD

      9      8    8.0    6.0   0.18910E-03   0.78927E-07
     11      7    6.0    4.0   0.10083E-05   0.42084E-09
      8      5    6.0    4.0   0.76127E-01   0.31775E-04
     10      4    2.0    0.0   0.11452E-03   0.47798E-07
      7      2    4.0    2.0   0.40916E-02   0.17078E-05
      7      3    4.0    2.0   0.53343E-01   0.22265E-04
      7      5    4.0    4.0   0.15002E-01   0.62618E-05
      6      2    3.0    2.0   0.82508E-02   0.34438E-05
      6      3    3.0    2.0   0.67042E-02   0.27983E-05
      6      5    3.0    4.0   0.94037E-03   0.39250E-06
      5      2    4.0    2.0   0.16964E+02   0.70804E-02
      4      2    0.0    2.0   0.49080E+00   0.20486E-03
      4      3    0.0    2.0   0.11045E-06   0.46103E-10
      3      1    2.0    0.0   0.19324E+01   0.80655E-03
      3      2    2.0    2.0   0.61966E+01   0.25864E-02
      2      1    2.0    0.0   0.23958E+04   0.10000E+01





     INTEGRATED RUTHERFORD CROSS SECTION=.1317E+05  FOR EXP. 2





                                                  INTEGRATED YIELDS

     EXPERIMENT  2  DETECTOR  1
     ENERGY RANGE  254.300--- 281.600 MEV   SCATTERING ANGLE RANGE  32.400--- 42.100 DEG

     NI     NF     II     IF     YIELD     NORMALIZED YIELD

      9      8    8.0    6.0   0.32276E-02   0.14857E-05
     11      7    6.0    4.0   0.13539E-04   0.62323E-08
      8      5    6.0    4.0   0.54433E+00   0.25057E-03
     10      4    2.0    0.0   0.13998E-02   0.64437E-06
      7      2    4.0    2.0   0.23599E-01   0.10863E-04
      7      3    4.0    2.0   0.30767E+00   0.14163E-03
      7      5    4.0    4.0   0.86598E-01   0.39863E-04
      6      2    3.0    2.0   0.56702E-01   0.26101E-04
      6      3    3.0    2.0   0.46157E-01   0.21248E-04
      6      5    3.0    4.0   0.65047E-02   0.29943E-05
      5      2    4.0    2.0   0.44977E+02   0.20704E-01
      4      2    0.0    2.0   0.23531E+01   0.10832E-02
      4      3    0.0    2.0   0.53273E-06   0.24523E-09
      3      1    2.0    0.0   0.40755E+01   0.18760E-02
      3      2    2.0    2.0   0.13104E+02   0.60320E-02
      2      1    2.0    0.0   0.21724E+04   0.10000E+01





     INTEGRATED RUTHERFORD CROSS SECTION=.7036E+04  FOR EXP. 3





                                                  INTEGRATED YIELDS

     EXPERIMENT  3  DETECTOR  1
     ENERGY RANGE  254.300--- 281.600 MEV   SCATTERING ANGLE RANGE  41.500--- 51.600 DEG

     NI     NF     II     IF     YIELD     NORMALIZED YIELD

      9      8    8.0    6.0   0.21461E-01   0.99714E-05
     11      7    6.0    4.0   0.82890E-04   0.38513E-07
      8      5    6.0    4.0   0.19136E+01   0.88915E-03
     10      4    2.0    0.0   0.78239E-02   0.36353E-05
      7      2    4.0    2.0   0.80249E-01   0.37286E-04
      7      3    4.0    2.0   0.10462E+01   0.48611E-03
      7      5    4.0    4.0   0.29454E+00   0.13685E-03
      6      2    3.0    2.0   0.21170E+00   0.98361E-04
      6      3    3.0    2.0   0.17279E+00   0.80285E-04
      6      5    3.0    4.0   0.24636E-01   0.11447E-04
      5      2    4.0    2.0   0.83812E+02   0.38942E-01
      4      2    0.0    2.0   0.69666E+01   0.32369E-02
      4      3    0.0    2.0   0.15886E-05   0.73810E-09
      3      1    2.0    0.0   0.72072E+01   0.33487E-02
      3      2    2.0    2.0   0.23242E+02   0.10799E-01
      2      1    2.0    0.0   0.21522E+04   0.10000E+01





     INTEGRATED RUTHERFORD CROSS SECTION=.4691E+04  FOR EXP. 4





                                                  INTEGRATED YIELDS

     EXPERIMENT  4  DETECTOR  1
     ENERGY RANGE  254.300--- 281.600 MEV   SCATTERING ANGLE RANGE  40.300--- 51.600 DEG

     NI     NF     II     IF     YIELD     NORMALIZED YIELD

      9      8    8.0    6.0   0.23043E+00   0.81916E-04
     11      7    6.0    4.0   0.97350E-03   0.34607E-06
      8      5    6.0    4.0   0.99014E+01   0.35198E-02
     10      4    2.0    0.0   0.88641E-01   0.31511E-04
      7      2    4.0    2.0   0.49690E+00   0.17664E-03
      7      3    4.0    2.0   0.64782E+01   0.23029E-02
      7      5    4.0    4.0   0.18247E+01   0.64866E-03
      6      2    3.0    2.0   0.12720E+01   0.45218E-03
      6      3    3.0    2.0   0.10451E+01   0.37154E-03
      6      5    3.0    4.0   0.15410E+00   0.54782E-04
      5      2    4.0    2.0   0.21646E+03   0.76948E-01
      4      2    0.0    2.0   0.37284E+02   0.13254E-01
      4      3    0.0    2.0   0.31798E-02   0.11304E-05
      3      1    2.0    0.0   0.20758E+02   0.73792E-02
      3      2    2.0    2.0   0.67246E+02   0.23905E-01
      2      1    2.0    0.0   0.28130E+04   0.10000E+01





     INTEGRATED RUTHERFORD CROSS SECTION=.3308E+04  FOR EXP. 5





                                                  INTEGRATED YIELDS

     EXPERIMENT  5  DETECTOR  1
     ENERGY RANGE  254.300--- 281.600 MEV   SCATTERING ANGLE RANGE  21.000--- 41.000 DEG

     NI     NF     II     IF     YIELD     NORMALIZED YIELD

      9      8    8.0    6.0   0.52718E+00   0.18441E-03
     11      7    6.0    4.0   0.32169E-02   0.11253E-05
      8      5    6.0    4.0   0.17035E+02   0.59588E-02
     10      4    2.0    0.0   0.35134E+00   0.12290E-03
      7      2    4.0    2.0   0.12720E+01   0.44496E-03
      7      3    4.0    2.0   0.16584E+02   0.58010E-02
      7      5    4.0    4.0   0.46880E+01   0.16398E-02
      6      2    3.0    2.0   0.22965E+01   0.80332E-03
      6      3    3.0    2.0   0.19002E+01   0.66467E-03
      6      5    3.0    4.0   0.29226E+00   0.10223E-03
      5      2    4.0    2.0   0.28716E+03   0.10045E+00
      4      2    0.0    2.0   0.96485E+02   0.33750E-01
      4      3    0.0    2.0   0.22815E-04   0.79805E-08
      3      1    2.0    0.0   0.37367E+02   0.13071E-01
      3      2    2.0    2.0   0.12067E+03   0.42210E-01
      2      1    2.0    0.0   0.28588E+04   0.10000E+01





     INTEGRATED RUTHERFORD CROSS SECTION=.3492E+03  FOR EXP. 6





                                                  INTEGRATED YIELDS

     EXPERIMENT  6  DETECTOR  1
     ENERGY RANGE  254.300--- 281.600 MEV   SCATTERING ANGLE RANGE 132.440---161.030 DEG

     NI     NF     II     IF     YIELD     NORMALIZED YIELD

      9      8    8.0    6.0   0.43471E-01   0.11917E-03
     11      7    6.0    4.0   0.56678E-03   0.15538E-05
      8      5    6.0    4.0   0.16401E+01   0.44961E-02
     10      4    2.0    0.0   0.10559E+00   0.28946E-03
      7      2    4.0    2.0   0.26444E+00   0.72494E-03
      7      3    4.0    2.0   0.34476E+01   0.94512E-02
      7      5    4.0    4.0   0.98354E+00   0.26963E-02
      6      2    3.0    2.0   0.95515E-01   0.26184E-03
      6      3    3.0    2.0   0.79653E-01   0.21836E-03
      6      5    3.0    4.0   0.12880E-01   0.35308E-04
      5      2    4.0    2.0   0.32766E+02   0.89826E-01
      4      2    0.0    2.0   0.22516E+02   0.61724E-01
      4      3    0.0    2.0   0.53240E-05   0.14595E-07
      3      1    2.0    0.0   0.71669E+01   0.19647E-01
      3      2    2.0    2.0   0.22932E+02   0.62866E-01
      2      1    2.0    0.0   0.36478E+03   0.10000E+01



          EXPERIMENT  1        DETECTOR  1

         NI     NF     YEXP        YCOR        COR.F

        5        2   .193E+03    .165E+03    .853E+00
        2        1   .211E+05    .211E+05    .100E+01



          EXPERIMENT  2        DETECTOR  1

         NI     NF     YEXP        YCOR        COR.F

        5        2   .594E+03    .711E+03    .120E+01
        3        1   .370E+02    .444E+02    .120E+01
        3        2   .936E+02    .112E+03    .120E+01
        2        1   .195E+05    .243E+05    .125E+01



          EXPERIMENT  3        DETECTOR  1

         NI     NF     YEXP        YCOR        COR.F

        5        2   .649E+03    .750E+03    .116E+01
        3        1   .924E+02    .106E+03    .115E+01
        3        2   .176E+03    .202E+03    .115E+01
        2        1   .194E+05    .229E+05    .118E+01



          EXPERIMENT  4        DETECTOR  1

         NI     NF     YEXP        YCOR        COR.F

        5        2   .195E+04    .205E+04    .105E+01
        3        1   .166E+03    .174E+03    .105E+01
        3        2   .585E+03    .613E+03    .105E+01
        2        1   .245E+05    .254E+05    .104E+01



          EXPERIMENT  5        DETECTOR  1

         NI     NF     YEXP        YCOR        COR.F

        7        3   .131E+03    .766E+02    .583E+00
        5        2   .235E+04    .136E+04    .579E+00
        3        1   .296E+03    .175E+03    .591E+00
      302      201   .227E+05    .129E+05    .569E+00



          EXPERIMENT  6        DETECTOR  1

         NI     NF     YEXP        YCOR        COR.F

        5        2   .276E+03    .103E+03    .371E+00
        4        2   .175E+03    .669E+02    .383E+00
        3        1   .111E+03    .422E+02    .380E+00
        3        2   .205E+03    .778E+02    .380E+00
        2        1   .250E+04    .950E+03    .380E+00
               ********* END OF EXECUTION **********
