1
 *****************************************************************************************************************************
 *****************************************************************************************************************************
 **************************************************                         **************************************************
 **************************************************          GOSIA          **************************************************
 **************************************************                         **************************************************
 *****************************************************************************************************************************
 *****************************************************************************************************************************





                    ROCHESTER COULOMB EXCITATION DATA ANALYSIS CODE BY T.CZOSNYKA,D.CLINE AND C.Y.WU
                                                  VERSION: 20081208.18






               Coulomb excitation of 80Kr on a 196Pt target                               
          ----------------------------------------------------------------------------------------------------

                                        LEVELS

     INDEX     PARITY         SPIN           ENERGY(MEV)
       1           +           0.0            0.0000
       2           +           2.0            0.6166
       3           +           2.0            1.2562
       4           +           0.0            1.3205
       5           +           4.0            1.4361
       6           +           3.0            1.7880
       7           +           4.0            2.1459
       8           +           6.0            2.3921
       9           +           8.0            3.4100
      10           +           2.0            2.3205
      11           +           6.0            3.1102

                                        MATRIX ELEMENTS


     MULTIPOLARITY=2
    INDEX   NF     NS          ME               LIMITS
       1      1      2        0.64500     FIXED
       2      1      3        0.07800     FIXED
       3      2      2       -0.43000     FIXED
       4      2      3        0.73000     FIXED
       5      2      4        0.33000     FIXED
       6      2      5        1.06900     FIXED
       7      2      6        0.09000     FIXED
       8      2      7        0.06900     FIXED
       9      3      3        0.40000     FIXED
      10      3      4       -0.08000     FIXED
      11      3      6        0.69800     FIXED
      12      3      7        0.96000     FIXED
      13      4     10        0.10000     FIXED
      14      5      5       -0.77000     FIXED
      15      5      6        0.84700     FIXED
      16      5      7        0.76800     FIXED
      17      5      8        1.68000     FIXED
      18      6      6        0.00000     FIXED
      19      7      7        0.00000     FIXED
      20      7     11        0.10000     FIXED
      21      8      8       -0.90000     FIXED
      22      8      9        1.77300     FIXED
      23      9      9       -1.10000     FIXED
      24     10     10        0.00000     FIXED
      25     11     11        0.00000     FIXED
     MULTIPOLARITY=7
    INDEX   NF     NS          ME               LIMITS
      26      2      3        0.06500     FIXED
      27      2      6        0.06800     FIXED
      28      3      6        0.10400     FIXED
      29      5      6        0.03500     FIXED
      30      5      7        0.22000     FIXED

                                               REPRINT OF EXPERIMENTAL DATA TO BE FITTED





     EXPERIMENT  1
  PROJECTILE ( 36., 80.) 267.940 MEV ---1 GE(LI) DETECTOR(S)  WEIGHT=0.10E+01
                    ** EXPERIMENTAL YIELDS **
    DECAY IS  IF         YIELD+/-ERROR

      16   2   1  0.211328E+05     0.653200E+03
      11   5   2  0.193400E+03     0.691000E+02



     EXPERIMENT  2
  PROJECTILE ( 36., 80.) 267.940 MEV ---1 GE(LI) DETECTOR(S)  WEIGHT=0.10E+01
                    ** EXPERIMENTAL YIELDS **
    DECAY IS  IF         YIELD+/-ERROR

      16   2   1  0.194764E+05     0.591300E+03
      14   3   1  0.370000E+02     0.370000E+02
      15   3   2  0.936000E+02     0.468000E+02
      11   5   2  0.594000E+03     0.110900E+03



     EXPERIMENT  3
  PROJECTILE ( 36., 80.) 267.940 MEV ---1 GE(LI) DETECTOR(S)  WEIGHT=0.10E+01
                    ** EXPERIMENTAL YIELDS **
    DECAY IS  IF         YIELD+/-ERROR

      16   2   1  0.193964E+05     0.610700E+03
      14   3   1  0.924000E+02     0.555000E+02
      15   3   2  0.175600E+03     0.878000E+02
      11   5   2  0.649200E+03     0.110900E+03



     EXPERIMENT  4
  PROJECTILE ( 36., 80.) 267.940 MEV ---1 GE(LI) DETECTOR(S)  WEIGHT=0.10E+01
                    ** EXPERIMENTAL YIELDS **
    DECAY IS  IF         YIELD+/-ERROR

      16   2   1  0.244683E+05     0.678900E+03
      14   3   1  0.166300E+03     0.740000E+02
      15   3   2  0.585200E+03     0.164100E+03
      11   5   2  0.194770E+04     0.188800E+03



     EXPERIMENT  5
  PROJECTILE ( 36., 80.) 267.940 MEV ---1 GE(LI) DETECTOR(S)  WEIGHT=0.10E+01
                    ** EXPERIMENTAL YIELDS **
    DECAY IS  IF         YIELD+/-ERROR

   15016   3   2  0.227458E+05     0.773200E+03
      14   3   1  0.295600E+03     0.925000E+02
      11   5   2  0.234820E+04     0.245600E+03
       6   7   3  0.131400E+03     0.584000E+02



     EXPERIMENT  6
  PROJECTILE ( 36., 80.) 267.940 MEV ---1 GE(LI) DETECTOR(S)  WEIGHT=0.10E+01
                    ** EXPERIMENTAL YIELDS **
    DECAY IS  IF         YIELD+/-ERROR

      16   2   1  0.250170E+04     0.186600E+03
      14   3   1  0.110900E+03     0.462000E+02
      15   3   2  0.204800E+03     0.586000E+02
      12   4   2  0.174600E+03     0.525000E+02
      11   5   2  0.276300E+03     0.692000E+02


       23 EXPERIMENTAL YIELDS            0 MATRIX ELEMENTS TO BE VARIED



                                        BRANCHING RATIOS

     NS1     NF1     NS2     NF2     RATIO(1:2)         ERROR
      3       1       3       2        0.33100       -0.00400      0.00400
     BRANCHING RATIOS ARE TAKEN WITH WEIGHT    0.100000E+01


                    EXPERIMENTAL E2/M1 MIXING RATIOS


          TRANSITION            DELTA          ERROR

           3---  2                6.0000          -1.0000      1.0000

          E2/M1 MIXING RATIOS ARE TAKEN WITH WEIGHT    0.100000E+01



     *****  RESTART-MATRIX ELEMENTS OVERWRITTEN  *****




                                        MATRIX ELEMENTS


     MULTIPOLARITY=2
    INDEX   NF     NS          ME               LIMITS
       1      1      2        0.62361     FIXED
       2      1      3        0.08500     FIXED
       3      2      2       -0.23000     FIXED
       4      2      3        0.61800     FIXED
       5      2      4        0.44661     FIXED
       6      2      5        1.10825     FIXED
       7      2      6        0.09110     FIXED
       8      2      7        0.06810     FIXED
       9      3      3        0.50456     FIXED
      10      3      4        0.08621     FIXED
      11      3      6        0.71104     FIXED
      12      3      7        0.95257     FIXED
      13      4     10        0.17517     FIXED
      14      5      5       -0.55804     FIXED
      15      5      6        0.80202     FIXED
      16      5      7        0.78255     FIXED
      17      5      8        1.73601     FIXED
      18      6      6       -0.00001     FIXED
      19      7      7        0.86577     FIXED
      20      7     11        0.10202     FIXED
      21      8      8       -0.85624     FIXED
      22      8      9        1.91231     FIXED
      23      9      9       -1.20510     FIXED
      24     10     10        0.00074     FIXED
      25     11     11        0.00001     FIXED
     MULTIPOLARITY=7
    INDEX   NF     NS          ME               LIMITS
      26      2      3        0.26128     FIXED
      27      2      6        0.06848     FIXED
      28      3      6        0.10509     FIXED
      29      5      6        0.03364     FIXED
      30      5      7        0.23057     FIXED





     INTEGRATED RUTHERFORD CROSS SECTION=.4586E+05  FOR EXP. 1





                                                  INTEGRATED YIELDS

     EXPERIMENT  1  DETECTOR  1
     ENERGY RANGE  254.300--- 281.600 MEV   SCATTERING ANGLE RANGE  21.000--- 33.200 DEG

     NI     NF     II     IF     YIELD     NORMALIZED YIELD

      9      8    8.0    6.0   0.18920E-03   0.79203E-07
     11      7    6.0    4.0   0.96531E-06   0.40410E-09
      8      5    6.0    4.0   0.76143E-01   0.31875E-04
     10      4    2.0    0.0   0.11463E-03   0.47987E-07
      7      2    4.0    2.0   0.38376E-02   0.16065E-05
      7      3    4.0    2.0   0.50032E-01   0.20944E-04
      7      5    4.0    4.0   0.14067E-01   0.58886E-05
      6      2    3.0    2.0   0.74996E-02   0.31395E-05
      6      3    3.0    2.0   0.60941E-02   0.25511E-05
      6      5    3.0    4.0   0.85285E-03   0.35702E-06
      5      2    4.0    2.0   0.16945E+02   0.70936E-02
      4      2    0.0    2.0   0.49161E+00   0.20580E-03
      4      3    0.0    2.0   0.11064E-06   0.46314E-10
      3      1    2.0    0.0   0.19050E+01   0.79745E-03
      3      2    2.0    2.0   0.55696E+01   0.23315E-02
      2      1    2.0    0.0   0.23888E+04   0.10000E+01





     INTEGRATED RUTHERFORD CROSS SECTION=.1317E+05  FOR EXP. 2





                                                  INTEGRATED YIELDS

     EXPERIMENT  2  DETECTOR  1
     ENERGY RANGE  254.300--- 281.600 MEV   SCATTERING ANGLE RANGE  32.400--- 42.100 DEG

     NI     NF     II     IF     YIELD     NORMALIZED YIELD

      9      8    8.0    6.0   0.32326E-02   0.14951E-05
     11      7    6.0    4.0   0.12725E-04   0.58853E-08
      8      5    6.0    4.0   0.54500E+00   0.25207E-03
     10      4    2.0    0.0   0.14025E-02   0.64866E-06
      7      2    4.0    2.0   0.21387E-01   0.98919E-05
      7      3    4.0    2.0   0.27883E+00   0.12896E-03
      7      5    4.0    4.0   0.78470E-01   0.36293E-04
      6      2    3.0    2.0   0.51434E-01   0.23789E-04
      6      3    3.0    2.0   0.41880E-01   0.19370E-04
      6      5    3.0    4.0   0.59095E-02   0.27332E-05
      5      2    4.0    2.0   0.44937E+02   0.20784E-01
      4      2    0.0    2.0   0.23575E+01   0.10904E-02
      4      3    0.0    2.0   0.53374E-06   0.24686E-09
      3      1    2.0    0.0   0.38140E+01   0.17640E-02
      3      2    2.0    2.0   0.11161E+02   0.51620E-02
      2      1    2.0    0.0   0.21621E+04   0.10000E+01





     INTEGRATED RUTHERFORD CROSS SECTION=.7036E+04  FOR EXP. 3





                                                  INTEGRATED YIELDS

     EXPERIMENT  3  DETECTOR  1
     ENERGY RANGE  254.300--- 281.600 MEV   SCATTERING ANGLE RANGE  41.500--- 51.600 DEG

     NI     NF     II     IF     YIELD     NORMALIZED YIELD

      9      8    8.0    6.0   0.21531E-01   0.10070E-04
     11      7    6.0    4.0   0.74168E-04   0.34689E-07
      8      5    6.0    4.0   0.19194E+01   0.89771E-03
     10      4    2.0    0.0   0.78493E-02   0.36712E-05
      7      2    4.0    2.0   0.71292E-01   0.33344E-04
      7      3    4.0    2.0   0.92945E+00   0.43471E-03
      7      5    4.0    4.0   0.26167E+00   0.12239E-03
      6      2    3.0    2.0   0.19289E+00   0.90218E-04
      6      3    3.0    2.0   0.15751E+00   0.73670E-04
      6      5    3.0    4.0   0.22507E-01   0.10527E-04
      5      2    4.0    2.0   0.83785E+02   0.39187E-01
      4      2    0.0    2.0   0.69824E+01   0.32657E-02
      4      3    0.0    2.0   0.15922E-05   0.74466E-09
      3      1    2.0    0.0   0.66338E+01   0.31027E-02
      3      2    2.0    2.0   0.19488E+02   0.91145E-02
      2      1    2.0    0.0   0.21381E+04   0.10000E+01





     INTEGRATED RUTHERFORD CROSS SECTION=.4691E+04  FOR EXP. 4





                                                  INTEGRATED YIELDS

     EXPERIMENT  4  DETECTOR  1
     ENERGY RANGE  254.300--- 281.600 MEV   SCATTERING ANGLE RANGE  40.300--- 51.600 DEG

     NI     NF     II     IF     YIELD     NORMALIZED YIELD

      9      8    8.0    6.0   0.23267E+00   0.83674E-04
     11      7    6.0    4.0   0.83668E-03   0.30089E-06
      8      5    6.0    4.0   0.99934E+01   0.35939E-02
     10      4    2.0    0.0   0.89312E-01   0.32119E-04
      7      2    4.0    2.0   0.43695E+00   0.15714E-03
      7      3    4.0    2.0   0.56966E+01   0.20487E-02
      7      5    4.0    4.0   0.16046E+01   0.57706E-03
      6      2    3.0    2.0   0.11722E+01   0.42156E-03
      6      3    3.0    2.0   0.96359E+00   0.34653E-03
      6      5    3.0    4.0   0.14244E+00   0.51224E-04
      5      2    4.0    2.0   0.21674E+03   0.77946E-01
      4      2    0.0    2.0   0.37411E+02   0.13454E-01
      4      3    0.0    2.0   0.18374E-02   0.66076E-06
      3      1    2.0    0.0   0.20074E+02   0.72193E-02
      3      2    2.0    2.0   0.59231E+02   0.21301E-01
      2      1    2.0    0.0   0.27807E+04   0.10000E+01





     INTEGRATED RUTHERFORD CROSS SECTION=.3308E+04  FOR EXP. 5





                                                  INTEGRATED YIELDS

     EXPERIMENT  5  DETECTOR  1
     ENERGY RANGE  254.300--- 281.600 MEV   SCATTERING ANGLE RANGE  21.000--- 41.000 DEG

     NI     NF     II     IF     YIELD     NORMALIZED YIELD

      9      8    8.0    6.0   0.53908E+00   0.19243E-03
     11      7    6.0    4.0   0.26737E-02   0.95441E-06
      8      5    6.0    4.0   0.17416E+02   0.62168E-02
     10      4    2.0    0.0   0.35657E+00   0.12728E-03
      7      2    4.0    2.0   0.11120E+01   0.39692E-03
      7      3    4.0    2.0   0.14497E+02   0.51748E-02
      7      5    4.0    4.0   0.40974E+01   0.14626E-02
      6      2    3.0    2.0   0.21317E+01   0.76095E-03
      6      3    3.0    2.0   0.17643E+01   0.62977E-03
      6      5    3.0    4.0   0.27179E+00   0.97018E-04
      5      2    4.0    2.0   0.28805E+03   0.10282E+00
      4      2    0.0    2.0   0.96873E+02   0.34580E-01
      4      3    0.0    2.0   0.22907E-04   0.81768E-08
      3      1    2.0    0.0   0.40689E+02   0.14525E-01
      3      2    2.0    2.0   0.11799E+03   0.42117E-01
      2      1    2.0    0.0   0.28014E+04   0.10000E+01





     INTEGRATED RUTHERFORD CROSS SECTION=.3492E+03  FOR EXP. 6





                                                  INTEGRATED YIELDS

     EXPERIMENT  6  DETECTOR  1
     ENERGY RANGE  254.300--- 281.600 MEV   SCATTERING ANGLE RANGE 132.440---161.030 DEG

     NI     NF     II     IF     YIELD     NORMALIZED YIELD

      9      8    8.0    6.0   0.45780E-01   0.12979E-03
     11      7    6.0    4.0   0.44314E-03   0.12563E-05
      8      5    6.0    4.0   0.17373E+01   0.49253E-02
     10      4    2.0    0.0   0.10816E+00   0.30665E-03
      7      2    4.0    2.0   0.22434E+00   0.63601E-03
      7      3    4.0    2.0   0.29248E+01   0.82918E-02
      7      5    4.0    4.0   0.83431E+00   0.23653E-02
      6      2    3.0    2.0   0.88515E-01   0.25094E-03
      6      3    3.0    2.0   0.73818E-01   0.20928E-03
      6      5    3.0    4.0   0.11939E-01   0.33849E-04
      5      2    4.0    2.0   0.33016E+02   0.93601E-01
      4      2    0.0    2.0   0.22573E+02   0.63995E-01
      4      3    0.0    2.0   0.53377E-05   0.15132E-07
      3      1    2.0    0.0   0.90705E+01   0.25715E-01
      3      2    2.0    2.0   0.25377E+02   0.71945E-01
      2      1    2.0    0.0   0.35273E+03   0.10000E+01



          EXPERIMENT  1        DETECTOR  1

         NI     NF     YEXP        YCOR        COR.F

        5        2   .193E+03    .165E+03    .853E+00
        2        1   .211E+05    .211E+05    .100E+01



          EXPERIMENT  2        DETECTOR  1

         NI     NF     YEXP        YCOR        COR.F

        5        2   .594E+03    .711E+03    .120E+01
        3        1   .370E+02    .445E+02    .120E+01
        3        2   .936E+02    .113E+03    .120E+01
        2        1   .195E+05    .243E+05    .125E+01



          EXPERIMENT  3        DETECTOR  1

         NI     NF     YEXP        YCOR        COR.F

        5        2   .649E+03    .750E+03    .116E+01
        3        1   .924E+02    .106E+03    .115E+01
        3        2   .176E+03    .202E+03    .115E+01
        2        1   .194E+05    .229E+05    .118E+01



          EXPERIMENT  4        DETECTOR  1

         NI     NF     YEXP        YCOR        COR.F

        5        2   .195E+04    .205E+04    .105E+01
        3        1   .166E+03    .174E+03    .104E+01
        3        2   .585E+03    .612E+03    .105E+01
        2        1   .245E+05    .254E+05    .104E+01



          EXPERIMENT  5        DETECTOR  1

         NI     NF     YEXP        YCOR        COR.F

        7        3   .131E+03    .766E+02    .583E+00
        5        2   .235E+04    .136E+04    .579E+00
        3        1   .296E+03    .175E+03    .593E+00
      302      201   .227E+05    .129E+05    .568E+00



          EXPERIMENT  6        DETECTOR  1

         NI     NF     YEXP        YCOR        COR.F

        5        2   .276E+03    .103E+03    .371E+00
        4        2   .175E+03    .669E+02    .383E+00
        3        1   .111E+03    .423E+02    .381E+00
        3        2   .205E+03    .779E+02    .380E+00
        2        1   .250E+04    .950E+03    .380E+00
               ********* END OF EXECUTION **********
