1
 *****************************************************************************************************************************
 *****************************************************************************************************************************
 **************************************************                         **************************************************
 **************************************************          GOSIA          **************************************************
 **************************************************                         **************************************************
 *****************************************************************************************************************************
 *****************************************************************************************************************************





                    ROCHESTER COULOMB EXCITATION DATA ANALYSIS CODE BY T.CZOSNYKA,D.CLINE AND C.Y.WU
                                                  VERSION: 20081208.18






               Coulomb excitation of 80Kr on a 196Pt target                               
          ----------------------------------------------------------------------------------------------------

                                        LEVELS

     INDEX     PARITY         SPIN           ENERGY(MEV)
       1           +           0.0            0.0000
       2           +           2.0            0.6166
       3           +           2.0            1.2562
       4           +           0.0            1.3205
       5           +           4.0            1.4361
       6           +           3.0            1.7880
       7           +           4.0            2.1459
       8           +           6.0            2.3921
       9           +           8.0            3.4100
      10           +           2.0            2.3205
      11           +           6.0            3.1102

                                        MATRIX ELEMENTS


     MULTIPOLARITY=2
    INDEX   NF     NS          ME               LIMITS
       1      1      2        0.64500     FIXED
       2      1      3        0.07800     FIXED
       3      2      2       -0.43000     FIXED
       4      2      3        0.73000     FIXED
       5      2      4        0.33000     FIXED
       6      2      5        1.06900     FIXED
       7      2      6        0.09000     FIXED
       8      2      7        0.06900     FIXED
       9      3      3        0.40000     FIXED
      10      3      4       -0.08000     FIXED
      11      3      6        0.69800     FIXED
      12      3      7        0.96000     FIXED
      13      4     10        0.10000     FIXED
      14      5      5       -0.77000     FIXED
      15      5      6        0.84700     FIXED
      16      5      7        0.76800     FIXED
      17      5      8        1.68000     FIXED
      18      6      6        0.00000     FIXED
      19      7      7        0.00000     FIXED
      20      7     11        0.10000     FIXED
      21      8      8       -0.90000     FIXED
      22      8      9        1.77300     FIXED
      23      9      9       -1.10000     FIXED
      24     10     10        0.00000     FIXED
      25     11     11        0.00000     FIXED
     MULTIPOLARITY=7
    INDEX   NF     NS          ME               LIMITS
      26      2      3        0.06500     FIXED
      27      2      6        0.06800     FIXED
      28      3      6        0.10400     FIXED
      29      5      6        0.03500     FIXED
      30      5      7        0.22000     FIXED

                                               REPRINT OF EXPERIMENTAL DATA TO BE FITTED





     EXPERIMENT  1
  PROJECTILE ( 36., 80.) 267.940 MEV ---1 GE(LI) DETECTOR(S)  WEIGHT=0.10E+01
                    ** EXPERIMENTAL YIELDS **
    DECAY IS  IF         YIELD+/-ERROR

      16   2   1  0.211328E+05     0.653200E+03
      11   5   2  0.193400E+03     0.691000E+02



     EXPERIMENT  2
  PROJECTILE ( 36., 80.) 267.940 MEV ---1 GE(LI) DETECTOR(S)  WEIGHT=0.10E+01
                    ** EXPERIMENTAL YIELDS **
    DECAY IS  IF         YIELD+/-ERROR

      16   2   1  0.194764E+05     0.591300E+03
      14   3   1  0.370000E+02     0.370000E+02
      15   3   2  0.936000E+02     0.468000E+02
      11   5   2  0.594000E+03     0.110900E+03



     EXPERIMENT  3
  PROJECTILE ( 36., 80.) 267.940 MEV ---1 GE(LI) DETECTOR(S)  WEIGHT=0.10E+01
                    ** EXPERIMENTAL YIELDS **
    DECAY IS  IF         YIELD+/-ERROR

      16   2   1  0.193964E+05     0.610700E+03
      14   3   1  0.924000E+02     0.555000E+02
      15   3   2  0.175600E+03     0.878000E+02
      11   5   2  0.649200E+03     0.110900E+03



     EXPERIMENT  4
  PROJECTILE ( 36., 80.) 267.940 MEV ---1 GE(LI) DETECTOR(S)  WEIGHT=0.10E+01
                    ** EXPERIMENTAL YIELDS **
    DECAY IS  IF         YIELD+/-ERROR

      16   2   1  0.244683E+05     0.678900E+03
      14   3   1  0.166300E+03     0.740000E+02
      15   3   2  0.585200E+03     0.164100E+03
      11   5   2  0.194770E+04     0.188800E+03



     EXPERIMENT  5
  PROJECTILE ( 36., 80.) 267.940 MEV ---1 GE(LI) DETECTOR(S)  WEIGHT=0.10E+01
                    ** EXPERIMENTAL YIELDS **
    DECAY IS  IF         YIELD+/-ERROR

   15016   3   2  0.227458E+05     0.773200E+03
      14   3   1  0.295600E+03     0.925000E+02
      11   5   2  0.234820E+04     0.245600E+03
       6   7   3  0.131400E+03     0.584000E+02



     EXPERIMENT  6
  PROJECTILE ( 36., 80.) 267.940 MEV ---1 GE(LI) DETECTOR(S)  WEIGHT=0.10E+01
                    ** EXPERIMENTAL YIELDS **
    DECAY IS  IF         YIELD+/-ERROR

      16   2   1  0.250170E+04     0.186600E+03
      14   3   1  0.110900E+03     0.462000E+02
      15   3   2  0.204800E+03     0.586000E+02
      12   4   2  0.174600E+03     0.525000E+02
      11   5   2  0.276300E+03     0.692000E+02


       23 EXPERIMENTAL YIELDS            0 MATRIX ELEMENTS TO BE VARIED



                                        BRANCHING RATIOS

     NS1     NF1     NS2     NF2     RATIO(1:2)         ERROR
      3       1       3       2        0.33100       -0.00400      0.00400
     BRANCHING RATIOS ARE TAKEN WITH WEIGHT    0.100000E+01


                    EXPERIMENTAL E2/M1 MIXING RATIOS


          TRANSITION            DELTA          ERROR

           3---  2                6.0000          -1.0000      1.0000

          E2/M1 MIXING RATIOS ARE TAKEN WITH WEIGHT    0.100000E+01



     *****  RESTART-MATRIX ELEMENTS OVERWRITTEN  *****




                                        MATRIX ELEMENTS


     MULTIPOLARITY=2
    INDEX   NF     NS          ME               LIMITS
       1      1      2        0.62361     FIXED
       2      1      3        0.08500     FIXED
       3      2      2       -0.23000     FIXED
       4      2      3        0.75800     FIXED
       5      2      4        0.44661     FIXED
       6      2      5        1.10825     FIXED
       7      2      6        0.09110     FIXED
       8      2      7        0.06810     FIXED
       9      3      3       -0.10700     FIXED
      10      3      4        0.08621     FIXED
      11      3      6        0.71104     FIXED
      12      3      7        0.95257     FIXED
      13      4     10        0.17517     FIXED
      14      5      5       -0.55804     FIXED
      15      5      6        0.80202     FIXED
      16      5      7        0.78255     FIXED
      17      5      8        1.73601     FIXED
      18      6      6       -0.00001     FIXED
      19      7      7        0.86577     FIXED
      20      7     11        0.10202     FIXED
      21      8      8       -0.85624     FIXED
      22      8      9        1.91231     FIXED
      23      9      9       -1.20510     FIXED
      24     10     10        0.00074     FIXED
      25     11     11        0.00001     FIXED
     MULTIPOLARITY=7
    INDEX   NF     NS          ME               LIMITS
      26      2      3        0.06939     FIXED
      27      2      6        0.06848     FIXED
      28      3      6        0.10509     FIXED
      29      5      6        0.03364     FIXED
      30      5      7        0.23057     FIXED





     INTEGRATED RUTHERFORD CROSS SECTION=.4586E+05  FOR EXP. 1





                                                  INTEGRATED YIELDS

     EXPERIMENT  1  DETECTOR  1
     ENERGY RANGE  254.300--- 281.600 MEV   SCATTERING ANGLE RANGE  21.000--- 33.200 DEG

     NI     NF     II     IF     YIELD     NORMALIZED YIELD

      9      8    8.0    6.0   0.18913E-03   0.79002E-07
     11      7    6.0    4.0   0.99471E-06   0.41550E-09
      8      5    6.0    4.0   0.76134E-01   0.31802E-04
     10      4    2.0    0.0   0.11455E-03   0.47848E-07
      7      2    4.0    2.0   0.40117E-02   0.16757E-05
      7      3    4.0    2.0   0.52301E-01   0.21847E-04
      7      5    4.0    4.0   0.14708E-01   0.61438E-05
      6      2    3.0    2.0   0.80499E-02   0.33625E-05
      6      3    3.0    2.0   0.65411E-02   0.27323E-05
      6      5    3.0    4.0   0.91755E-03   0.38327E-06
      5      2    4.0    2.0   0.16960E+02   0.70843E-02
      4      2    0.0    2.0   0.49099E+00   0.20509E-03
      4      3    0.0    2.0   0.11050E-06   0.46156E-10
      3      1    2.0    0.0   0.20416E+01   0.85281E-03
      3      2    2.0    2.0   0.58802E+01   0.24562E-02
      2      1    2.0    0.0   0.23940E+04   0.10000E+01





     INTEGRATED RUTHERFORD CROSS SECTION=.1317E+05  FOR EXP. 2





                                                  INTEGRATED YIELDS

     EXPERIMENT  2  DETECTOR  1
     ENERGY RANGE  254.300--- 281.600 MEV   SCATTERING ANGLE RANGE  32.400--- 42.100 DEG

     NI     NF     II     IF     YIELD     NORMALIZED YIELD

      9      8    8.0    6.0   0.32290E-02   0.14884E-05
     11      7    6.0    4.0   0.13315E-04   0.61373E-08
      8      5    6.0    4.0   0.54454E+00   0.25100E-03
     10      4    2.0    0.0   0.14006E-02   0.64558E-06
      7      2    4.0    2.0   0.22937E-01   0.10572E-04
      7      3    4.0    2.0   0.29904E+00   0.13784E-03
      7      5    4.0    4.0   0.84167E-01   0.38795E-04
      6      2    3.0    2.0   0.55272E-01   0.25477E-04
      6      3    3.0    2.0   0.44997E-01   0.20741E-04
      6      5    3.0    4.0   0.63435E-02   0.29239E-05
      5      2    4.0    2.0   0.44969E+02   0.20728E-01
      4      2    0.0    2.0   0.23544E+01   0.10852E-02
      4      3    0.0    2.0   0.53302E-06   0.24569E-09
      3      1    2.0    0.0   0.42457E+01   0.19570E-02
      3      2    2.0    2.0   0.12259E+02   0.56505E-02
      2      1    2.0    0.0   0.21695E+04   0.10000E+01





     INTEGRATED RUTHERFORD CROSS SECTION=.7036E+04  FOR EXP. 3





                                                  INTEGRATED YIELDS

     EXPERIMENT  3  DETECTOR  1
     ENERGY RANGE  254.300--- 281.600 MEV   SCATTERING ANGLE RANGE  41.500--- 51.600 DEG

     NI     NF     II     IF     YIELD     NORMALIZED YIELD

      9      8    8.0    6.0   0.21481E-01   0.99997E-05
     11      7    6.0    4.0   0.80403E-04   0.37429E-07
      8      5    6.0    4.0   0.19154E+01   0.89165E-03
     10      4    2.0    0.0   0.78318E-02   0.36458E-05
      7      2    4.0    2.0   0.77621E-01   0.36134E-04
      7      3    4.0    2.0   0.10120E+01   0.47109E-03
      7      5    4.0    4.0   0.28490E+00   0.13263E-03
      6      2    3.0    2.0   0.20652E+00   0.96140E-04
      6      3    3.0    2.0   0.16859E+00   0.78482E-04
      6      5    3.0    4.0   0.24051E-01   0.11196E-04
      5      2    4.0    2.0   0.83816E+02   0.39018E-01
      4      2    0.0    2.0   0.69723E+01   0.32457E-02
      4      3    0.0    2.0   0.15899E-05   0.74011E-09
      3      1    2.0    0.0   0.74688E+01   0.34769E-02
      3      2    2.0    2.0   0.21628E+02   0.10068E-01
      2      1    2.0    0.0   0.21481E+04   0.10000E+01





     INTEGRATED RUTHERFORD CROSS SECTION=.4691E+04  FOR EXP. 4





                                                  INTEGRATED YIELDS

     EXPERIMENT  4  DETECTOR  1
     ENERGY RANGE  254.300--- 281.600 MEV   SCATTERING ANGLE RANGE  40.300--- 51.600 DEG

     NI     NF     II     IF     YIELD     NORMALIZED YIELD

      9      8    8.0    6.0   0.23105E+00   0.82421E-04
     11      7    6.0    4.0   0.93678E-03   0.33417E-06
      8      5    6.0    4.0   0.99284E+01   0.35417E-02
     10      4    2.0    0.0   0.88860E-01   0.31698E-04
      7      2    4.0    2.0   0.47974E+00   0.17114E-03
      7      3    4.0    2.0   0.62545E+01   0.22311E-02
      7      5    4.0    4.0   0.17617E+01   0.62845E-03
      6      2    3.0    2.0   0.12445E+01   0.44394E-03
      6      3    3.0    2.0   0.10227E+01   0.36481E-03
      6      5    3.0    4.0   0.15089E+00   0.53825E-04
      5      2    4.0    2.0   0.21662E+03   0.77275E-01
      4      2    0.0    2.0   0.37351E+02   0.13324E-01
      4      3    0.0    2.0   0.18351E-02   0.65461E-06
      3      1    2.0    0.0   0.21670E+02   0.77303E-02
      3      2    2.0    2.0   0.63039E+02   0.22487E-01
      2      1    2.0    0.0   0.28033E+04   0.10000E+01





     INTEGRATED RUTHERFORD CROSS SECTION=.3308E+04  FOR EXP. 5





                                                  INTEGRATED YIELDS

     EXPERIMENT  5  DETECTOR  1
     ENERGY RANGE  254.300--- 281.600 MEV   SCATTERING ANGLE RANGE  21.000--- 41.000 DEG

     NI     NF     II     IF     YIELD     NORMALIZED YIELD

      9      8    8.0    6.0   0.53033E+00   0.18663E-03
     11      7    6.0    4.0   0.30804E-02   0.10840E-05
      8      5    6.0    4.0   0.17143E+02   0.60326E-02
     10      4    2.0    0.0   0.35304E+00   0.12424E-03
      7      2    4.0    2.0   0.12296E+01   0.43272E-03
      7      3    4.0    2.0   0.16031E+02   0.56414E-02
      7      5    4.0    4.0   0.45315E+01   0.15947E-02
      6      2    3.0    2.0   0.22540E+01   0.79320E-03
      6      3    3.0    2.0   0.18651E+01   0.65634E-03
      6      5    3.0    4.0   0.28698E+00   0.10099E-03
      5      2    4.0    2.0   0.28772E+03   0.10125E+00
      4      2    0.0    2.0   0.96786E+02   0.34060E-01
      4      3    0.0    2.0   0.22886E-04   0.80539E-08
      3      1    2.0    0.0   0.39860E+02   0.14027E-01
      3      2    2.0    2.0   0.11565E+03   0.40699E-01
      2      1    2.0    0.0   0.28416E+04   0.10000E+01





     INTEGRATED RUTHERFORD CROSS SECTION=.3492E+03  FOR EXP. 6





                                                  INTEGRATED YIELDS

     EXPERIMENT  6  DETECTOR  1
     ENERGY RANGE  254.300--- 281.600 MEV   SCATTERING ANGLE RANGE 132.440---161.030 DEG

     NI     NF     II     IF     YIELD     NORMALIZED YIELD

      9      8    8.0    6.0   0.44042E-01   0.12191E-03
     11      7    6.0    4.0   0.53830E-03   0.14900E-05
      8      5    6.0    4.0   0.16653E+01   0.46094E-02
     10      4    2.0    0.0   0.10640E+00   0.29451E-03
      7      2    4.0    2.0   0.25546E+00   0.70710E-03
      7      3    4.0    2.0   0.33305E+01   0.92186E-02
      7      5    4.0    4.0   0.95012E+00   0.26299E-02
      6      2    3.0    2.0   0.94031E-01   0.26027E-03
      6      3    3.0    2.0   0.78416E-01   0.21705E-03
      6      5    3.0    4.0   0.12681E-01   0.35099E-04
      5      2    4.0    2.0   0.32915E+02   0.91107E-01
      4      2    0.0    2.0   0.22613E+02   0.62592E-01
      4      3    0.0    2.0   0.53471E-05   0.14801E-07
      3      1    2.0    0.0   0.78709E+01   0.21786E-01
      3      2    2.0    2.0   0.22637E+02   0.62657E-01
      2      1    2.0    0.0   0.36128E+03   0.10000E+01



          EXPERIMENT  1        DETECTOR  1

         NI     NF     YEXP        YCOR        COR.F

        5        2   .193E+03    .165E+03    .853E+00
        2        1   .211E+05    .211E+05    .100E+01



          EXPERIMENT  2        DETECTOR  1

         NI     NF     YEXP        YCOR        COR.F

        5        2   .594E+03    .711E+03    .120E+01
        3        1   .370E+02    .445E+02    .120E+01
        3        2   .936E+02    .112E+03    .120E+01
        2        1   .195E+05    .243E+05    .125E+01



          EXPERIMENT  3        DETECTOR  1

         NI     NF     YEXP        YCOR        COR.F

        5        2   .649E+03    .750E+03    .116E+01
        3        1   .924E+02    .106E+03    .115E+01
        3        2   .176E+03    .202E+03    .115E+01
        2        1   .194E+05    .229E+05    .118E+01



          EXPERIMENT  4        DETECTOR  1

         NI     NF     YEXP        YCOR        COR.F

        5        2   .195E+04    .205E+04    .105E+01
        3        1   .166E+03    .174E+03    .105E+01
        3        2   .585E+03    .613E+03    .105E+01
        2        1   .245E+05    .254E+05    .104E+01



          EXPERIMENT  5        DETECTOR  1

         NI     NF     YEXP        YCOR        COR.F

        7        3   .131E+03    .766E+02    .583E+00
        5        2   .235E+04    .136E+04    .579E+00
        3        1   .296E+03    .175E+03    .591E+00
      302      201   .227E+05    .129E+05    .568E+00



          EXPERIMENT  6        DETECTOR  1

         NI     NF     YEXP        YCOR        COR.F

        5        2   .276E+03    .103E+03    .371E+00
        4        2   .175E+03    .669E+02    .383E+00
        3        1   .111E+03    .422E+02    .380E+00
        3        2   .205E+03    .778E+02    .380E+00
        2        1   .250E+04    .950E+03    .380E+00
               ********* END OF EXECUTION **********
