1
 *****************************************************************************************************************************
 *****************************************************************************************************************************
 **************************************************                         **************************************************
 **************************************************          GOSIA          **************************************************
 **************************************************                         **************************************************
 *****************************************************************************************************************************
 *****************************************************************************************************************************





                    ROCHESTER COULOMB EXCITATION DATA ANALYSIS CODE BY T.CZOSNYKA,D.CLINE AND C.Y.WU
                                                  VERSION: 20081208.18






               Coulomb excitation of 80Kr on a 196Pt target                               
          ----------------------------------------------------------------------------------------------------

                                        LEVELS

     INDEX     PARITY         SPIN           ENERGY(MEV)
       1           +           0.0            0.0000
       2           +           2.0            0.6166
       3           +           2.0            1.2562
       4           +           0.0            1.3205
       5           +           4.0            1.4361
       6           +           3.0            1.7880
       7           +           4.0            2.1459
       8           +           6.0            2.3921
       9           +           8.0            3.4100
      10           +           2.0            2.3205
      11           +           6.0            3.1102

                                        MATRIX ELEMENTS


     MULTIPOLARITY=2
    INDEX   NF     NS          ME               LIMITS
       1      1      2        0.64500     FIXED
       2      1      3        0.07800     FIXED
       3      2      2       -0.43000     FIXED
       4      2      3        0.73000     FIXED
       5      2      4        0.33000     FIXED
       6      2      5        1.06900     FIXED
       7      2      6        0.09000     FIXED
       8      2      7        0.06900     FIXED
       9      3      3        0.40000     FIXED
      10      3      4       -0.08000     FIXED
      11      3      6        0.69800     FIXED
      12      3      7        0.96000     FIXED
      13      4     10        0.10000     FIXED
      14      5      5       -0.77000     FIXED
      15      5      6        0.84700     FIXED
      16      5      7        0.76800     FIXED
      17      5      8        1.68000     FIXED
      18      6      6        0.00000     FIXED
      19      7      7        0.00000     FIXED
      20      7     11        0.10000     FIXED
      21      8      8       -0.90000     FIXED
      22      8      9        1.77300     FIXED
      23      9      9       -1.10000     FIXED
      24     10     10        0.00000     FIXED
      25     11     11        0.00000     FIXED
     MULTIPOLARITY=7
    INDEX   NF     NS          ME               LIMITS
      26      2      3        0.06500     FIXED
      27      2      6        0.06800     FIXED
      28      3      6        0.10400     FIXED
      29      5      6        0.03500     FIXED
      30      5      7        0.22000     FIXED

                                               REPRINT OF EXPERIMENTAL DATA TO BE FITTED





     EXPERIMENT  1
  PROJECTILE ( 36., 80.) 267.940 MEV ---1 GE(LI) DETECTOR(S)  WEIGHT=0.10E+01
                    ** EXPERIMENTAL YIELDS **
    DECAY IS  IF         YIELD+/-ERROR

      16   2   1  0.211328E+05     0.653200E+03
      11   5   2  0.193400E+03     0.691000E+02



     EXPERIMENT  2
  PROJECTILE ( 36., 80.) 267.940 MEV ---1 GE(LI) DETECTOR(S)  WEIGHT=0.10E+01
                    ** EXPERIMENTAL YIELDS **
    DECAY IS  IF         YIELD+/-ERROR

      16   2   1  0.194764E+05     0.591300E+03
      14   3   1  0.370000E+02     0.370000E+02
      15   3   2  0.936000E+02     0.468000E+02
      11   5   2  0.594000E+03     0.110900E+03



     EXPERIMENT  3
  PROJECTILE ( 36., 80.) 267.940 MEV ---1 GE(LI) DETECTOR(S)  WEIGHT=0.10E+01
                    ** EXPERIMENTAL YIELDS **
    DECAY IS  IF         YIELD+/-ERROR

      16   2   1  0.193964E+05     0.610700E+03
      14   3   1  0.924000E+02     0.555000E+02
      15   3   2  0.175600E+03     0.878000E+02
      11   5   2  0.649200E+03     0.110900E+03



     EXPERIMENT  4
  PROJECTILE ( 36., 80.) 267.940 MEV ---1 GE(LI) DETECTOR(S)  WEIGHT=0.10E+01
                    ** EXPERIMENTAL YIELDS **
    DECAY IS  IF         YIELD+/-ERROR

      16   2   1  0.244683E+05     0.678900E+03
      14   3   1  0.166300E+03     0.740000E+02
      15   3   2  0.585200E+03     0.164100E+03
      11   5   2  0.194770E+04     0.188800E+03



     EXPERIMENT  5
  PROJECTILE ( 36., 80.) 267.940 MEV ---1 GE(LI) DETECTOR(S)  WEIGHT=0.10E+01
                    ** EXPERIMENTAL YIELDS **
    DECAY IS  IF         YIELD+/-ERROR

   15016   3   2  0.227458E+05     0.773200E+03
      14   3   1  0.295600E+03     0.925000E+02
      11   5   2  0.234820E+04     0.245600E+03
       6   7   3  0.131400E+03     0.584000E+02



     EXPERIMENT  6
  PROJECTILE ( 36., 80.) 267.940 MEV ---1 GE(LI) DETECTOR(S)  WEIGHT=0.10E+01
                    ** EXPERIMENTAL YIELDS **
    DECAY IS  IF         YIELD+/-ERROR

      16   2   1  0.250170E+04     0.186600E+03
      14   3   1  0.110900E+03     0.462000E+02
      15   3   2  0.204800E+03     0.586000E+02
      12   4   2  0.174600E+03     0.525000E+02
      11   5   2  0.276300E+03     0.692000E+02


       23 EXPERIMENTAL YIELDS            0 MATRIX ELEMENTS TO BE VARIED



                                        BRANCHING RATIOS

     NS1     NF1     NS2     NF2     RATIO(1:2)         ERROR
      3       1       3       2        0.33100       -0.00400      0.00400
     BRANCHING RATIOS ARE TAKEN WITH WEIGHT    0.100000E+01


                    EXPERIMENTAL E2/M1 MIXING RATIOS


          TRANSITION            DELTA          ERROR

           3---  2                6.0000          -1.0000      1.0000

          E2/M1 MIXING RATIOS ARE TAKEN WITH WEIGHT    0.100000E+01



     *****  RESTART-MATRIX ELEMENTS OVERWRITTEN  *****




                                        MATRIX ELEMENTS


     MULTIPOLARITY=2
    INDEX   NF     NS          ME               LIMITS
       1      1      2        0.62361     FIXED
       2      1      3        0.06826     FIXED
       3      2      2       -0.51894     FIXED
       4      2      3        1.00000     FIXED
       5      2      4        0.44661     FIXED
       6      2      5        1.11104     FIXED
       7      2      6        0.09110     FIXED
       8      2      7        0.06810     FIXED
       9      3      3       -1.27870     FIXED
      10      3      4        0.08621     FIXED
      11      3      6        0.71104     FIXED
      12      3      7        0.95257     FIXED
      13      4     10        0.17517     FIXED
      14      5      5       -0.60278     FIXED
      15      5      6        0.80202     FIXED
      16      5      7        0.78255     FIXED
      17      5      8        1.73601     FIXED
      18      6      6       -0.00001     FIXED
      19      7      7        0.86577     FIXED
      20      7     11        0.10202     FIXED
      21      8      8       -0.85624     FIXED
      22      8      9        1.91231     FIXED
      23      9      9       -1.20510     FIXED
      24     10     10        0.00074     FIXED
      25     11     11        0.00001     FIXED
     MULTIPOLARITY=7
    INDEX   NF     NS          ME               LIMITS
      26      2      3       -0.00165     FIXED
      27      2      6        0.06848     FIXED
      28      3      6        0.10509     FIXED
      29      5      6        0.03364     FIXED
      30      5      7        0.23057     FIXED





     INTEGRATED RUTHERFORD CROSS SECTION=.4586E+05  FOR EXP. 1





                                                  INTEGRATED YIELDS

     EXPERIMENT  1  DETECTOR  1
     ENERGY RANGE  254.300--- 281.600 MEV   SCATTERING ANGLE RANGE  21.000--- 33.200 DEG

     NI     NF     II     IF     YIELD     NORMALIZED YIELD

      9      8    8.0    6.0   0.18990E-03   0.81503E-07
     11      7    6.0    4.0   0.93550E-06   0.40150E-09
      8      5    6.0    4.0   0.76074E-01   0.32650E-04
     10      4    2.0    0.0   0.11433E-03   0.49069E-07
      7      2    4.0    2.0   0.39794E-02   0.17079E-05
      7      3    4.0    2.0   0.51879E-01   0.22266E-04
      7      5    4.0    4.0   0.14599E-01   0.62657E-05
      6      2    3.0    2.0   0.90664E-02   0.38911E-05
      6      3    3.0    2.0   0.73690E-02   0.31626E-05
      6      5    3.0    4.0   0.10345E-02   0.44400E-06
      5      2    4.0    2.0   0.16801E+02   0.72105E-02
      4      2    0.0    2.0   0.48396E+00   0.20771E-03
      4      3    0.0    2.0   0.10891E-06   0.46744E-10
      3      1    2.0    0.0   0.85682E+00   0.36773E-03
      3      2    2.0    2.0   0.66070E+01   0.28356E-02
      2      1    2.0    0.0   0.23300E+04   0.10000E+01





     INTEGRATED RUTHERFORD CROSS SECTION=.1317E+05  FOR EXP. 2





                                                  INTEGRATED YIELDS

     EXPERIMENT  2  DETECTOR  1
     ENERGY RANGE  254.300--- 281.600 MEV   SCATTERING ANGLE RANGE  32.400--- 42.100 DEG

     NI     NF     II     IF     YIELD     NORMALIZED YIELD

      9      8    8.0    6.0   0.32368E-02   0.15503E-05
     11      7    6.0    4.0   0.13780E-04   0.66001E-08
      8      5    6.0    4.0   0.54203E+00   0.25961E-03
     10      4    2.0    0.0   0.14003E-02   0.67066E-06
      7      2    4.0    2.0   0.24924E-01   0.11938E-04
      7      3    4.0    2.0   0.32495E+00   0.15563E-03
      7      5    4.0    4.0   0.91484E-01   0.43817E-04
      6      2    3.0    2.0   0.63394E-01   0.30363E-04
      6      3    3.0    2.0   0.51612E-01   0.24720E-04
      6      5    3.0    4.0   0.72775E-02   0.34856E-05
      5      2    4.0    2.0   0.44232E+02   0.21185E-01
      4      2    0.0    2.0   0.23204E+01   0.11114E-02
      4      3    0.0    2.0   0.52534E-06   0.25161E-09
      3      1    2.0    0.0   0.20208E+01   0.96785E-03
      3      2    2.0    2.0   0.15633E+02   0.74877E-02
      2      1    2.0    0.0   0.20879E+04   0.10000E+01





     INTEGRATED RUTHERFORD CROSS SECTION=.7036E+04  FOR EXP. 3





                                                  INTEGRATED YIELDS

     EXPERIMENT  3  DETECTOR  1
     ENERGY RANGE  254.300--- 281.600 MEV   SCATTERING ANGLE RANGE  41.500--- 51.600 DEG

     NI     NF     II     IF     YIELD     NORMALIZED YIELD

      9      8    8.0    6.0   0.21496E-01   0.10512E-04
     11      7    6.0    4.0   0.90273E-04   0.44146E-07
      8      5    6.0    4.0   0.18988E+01   0.92858E-03
     10      4    2.0    0.0   0.78415E-02   0.38347E-05
      7      2    4.0    2.0   0.88033E-01   0.43051E-04
      7      3    4.0    2.0   0.11477E+01   0.56126E-03
      7      5    4.0    4.0   0.32312E+00   0.15801E-03
      6      2    3.0    2.0   0.23569E+00   0.11526E-03
      6      3    3.0    2.0   0.19238E+00   0.94081E-04
      6      5    3.0    4.0   0.27425E-01   0.13412E-04
      5      2    4.0    2.0   0.81863E+02   0.40033E-01
      4      2    0.0    2.0   0.68680E+01   0.33586E-02
      4      3    0.0    2.0   0.15661E-05   0.76585E-09
      3      1    2.0    0.0   0.36568E+01   0.17883E-02
      3      2    2.0    2.0   0.28373E+02   0.13875E-01
      2      1    2.0    0.0   0.20449E+04   0.10000E+01





     INTEGRATED RUTHERFORD CROSS SECTION=.4691E+04  FOR EXP. 4





                                                  INTEGRATED YIELDS

     EXPERIMENT  4  DETECTOR  1
     ENERGY RANGE  254.300--- 281.600 MEV   SCATTERING ANGLE RANGE  40.300--- 51.600 DEG

     NI     NF     II     IF     YIELD     NORMALIZED YIELD

      9      8    8.0    6.0   0.23063E+00   0.88199E-04
     11      7    6.0    4.0   0.11337E-02   0.43354E-06
      8      5    6.0    4.0   0.97727E+01   0.37373E-02
     10      4    2.0    0.0   0.89193E-01   0.34110E-04
      7      2    4.0    2.0   0.54715E+00   0.20924E-03
      7      3    4.0    2.0   0.71333E+01   0.27279E-02
      7      5    4.0    4.0   0.20096E+01   0.76852E-03
      6      2    3.0    2.0   0.13781E+01   0.52700E-03
      6      3    3.0    2.0   0.11324E+01   0.43307E-03
      6      5    3.0    4.0   0.16704E+00   0.63880E-04
      5      2    4.0    2.0   0.20929E+03   0.80037E-01
      4      2    0.0    2.0   0.36740E+02   0.14050E-01
      4      3    0.0    2.0   0.15404E-03   0.58909E-07
      3      1    2.0    0.0   0.95548E+01   0.36540E-02
      3      2    2.0    2.0   0.74432E+02   0.28465E-01
      2      1    2.0    0.0   0.26149E+04   0.10000E+01





     INTEGRATED RUTHERFORD CROSS SECTION=.3308E+04  FOR EXP. 5





                                                  INTEGRATED YIELDS

     EXPERIMENT  5  DETECTOR  1
     ENERGY RANGE  254.300--- 281.600 MEV   SCATTERING ANGLE RANGE  21.000--- 41.000 DEG

     NI     NF     II     IF     YIELD     NORMALIZED YIELD

      9      8    8.0    6.0   0.52790E+00   0.20285E-03
     11      7    6.0    4.0   0.39013E-02   0.14991E-05
      8      5    6.0    4.0   0.16763E+02   0.64413E-02
     10      4    2.0    0.0   0.35530E+00   0.13652E-03
      7      2    4.0    2.0   0.13728E+01   0.52752E-03
      7      3    4.0    2.0   0.17898E+02   0.68774E-02
      7      5    4.0    4.0   0.50623E+01   0.19452E-02
      6      2    3.0    2.0   0.24082E+01   0.92537E-03
      6      3    3.0    2.0   0.19931E+01   0.76584E-03
      6      5    3.0    4.0   0.30702E+00   0.11797E-03
      5      2    4.0    2.0   0.27711E+03   0.10648E+00
      4      2    0.0    2.0   0.95357E+02   0.36641E-01
      4      3    0.0    2.0   0.22548E-04   0.86641E-08
      3      1    2.0    0.0   0.13900E+02   0.53409E-02
      3      2    2.0    2.0   0.10801E+03   0.41503E-01
      2      1    2.0    0.0   0.26025E+04   0.10000E+01





     INTEGRATED RUTHERFORD CROSS SECTION=.3492E+03  FOR EXP. 6





                                                  INTEGRATED YIELDS

     EXPERIMENT  6  DETECTOR  1
     ENERGY RANGE  254.300--- 281.600 MEV   SCATTERING ANGLE RANGE 132.440---161.030 DEG

     NI     NF     II     IF     YIELD     NORMALIZED YIELD

      9      8    8.0    6.0   0.43401E-01   0.13314E-03
     11      7    6.0    4.0   0.74367E-03   0.22814E-05
      8      5    6.0    4.0   0.15979E+01   0.49020E-02
     10      4    2.0    0.0   0.10734E+00   0.32928E-03
      7      2    4.0    2.0   0.28458E+00   0.87299E-03
      7      3    4.0    2.0   0.37101E+01   0.11381E-01
      7      5    4.0    4.0   0.10587E+01   0.32478E-02
      6      2    3.0    2.0   0.96848E-01   0.29710E-03
      6      3    3.0    2.0   0.80772E-01   0.24778E-03
      6      5    3.0    4.0   0.13071E-01   0.40097E-04
      5      2    4.0    2.0   0.31974E+02   0.98088E-01
      4      2    0.0    2.0   0.22441E+02   0.68842E-01
      4      3    0.0    2.0   0.53064E-05   0.16279E-07
      3      1    2.0    0.0   0.20030E+01   0.61445E-02
      3      2    2.0    2.0   0.15501E+02   0.47552E-01
      2      1    2.0    0.0   0.32598E+03   0.10000E+01



          EXPERIMENT  1        DETECTOR  1

         NI     NF     YEXP        YCOR        COR.F

        5        2   .193E+03    .165E+03    .854E+00
        2        1   .211E+05    .211E+05    .100E+01



          EXPERIMENT  2        DETECTOR  1

         NI     NF     YEXP        YCOR        COR.F

        5        2   .594E+03    .711E+03    .120E+01
        3        1   .370E+02    .443E+02    .120E+01
        3        2   .936E+02    .112E+03    .120E+01
        2        1   .195E+05    .243E+05    .125E+01



          EXPERIMENT  3        DETECTOR  1

         NI     NF     YEXP        YCOR        COR.F

        5        2   .649E+03    .750E+03    .116E+01
        3        1   .924E+02    .107E+03    .115E+01
        3        2   .176E+03    .203E+03    .115E+01
        2        1   .194E+05    .229E+05    .118E+01



          EXPERIMENT  4        DETECTOR  1

         NI     NF     YEXP        YCOR        COR.F

        5        2   .195E+04    .205E+04    .105E+01
        3        1   .166E+03    .175E+03    .105E+01
        3        2   .585E+03    .615E+03    .105E+01
        2        1   .245E+05    .254E+05    .104E+01



          EXPERIMENT  5        DETECTOR  1

         NI     NF     YEXP        YCOR        COR.F

        7        3   .131E+03    .767E+02    .583E+00
        5        2   .235E+04    .136E+04    .578E+00
        3        1   .296E+03    .173E+03    .584E+00
      302      201   .227E+05    .129E+05    .566E+00



          EXPERIMENT  6        DETECTOR  1

         NI     NF     YEXP        YCOR        COR.F

        5        2   .276E+03    .102E+03    .371E+00
        4        2   .175E+03    .668E+02    .383E+00
        3        1   .111E+03    .418E+02    .377E+00
        3        2   .205E+03    .771E+02    .377E+00
        2        1   .250E+04    .948E+03    .379E+00
               ********* END OF EXECUTION **********
