1
 *****************************************************************************************************************************
 *****************************************************************************************************************************
 **************************************************                         **************************************************
 **************************************************          GOSIA          **************************************************
 **************************************************                         **************************************************
 *****************************************************************************************************************************
 *****************************************************************************************************************************





                    ROCHESTER COULOMB EXCITATION DATA ANALYSIS CODE BY T.CZOSNYKA,D.CLINE AND C.Y.WU
                                                  VERSION: 20081208.18






               Coulomb excitation of 80Kr on a 196Pt target                               
          ----------------------------------------------------------------------------------------------------

                                        LEVELS

     INDEX     PARITY         SPIN           ENERGY(MEV)
       1           +           0.0            0.0000
       2           +           2.0            0.6166
       3           +           2.0            1.2562
       4           +           0.0            1.3205
       5           +           4.0            1.4361
       6           +           3.0            1.7880
       7           +           4.0            2.1459
       8           +           6.0            2.3921
       9           +           8.0            3.4100
      10           +           2.0            2.3205
      11           +           6.0            3.1102

                                        MATRIX ELEMENTS


     MULTIPOLARITY=2
    INDEX   NF     NS          ME               LIMITS
       1      1      2        0.64500     FIXED
       2      1      3        0.07800     FIXED
       3      2      2       -0.43000     FIXED
       4      2      3        0.73000     FIXED
       5      2      4        0.33000     FIXED
       6      2      5        1.06900     FIXED
       7      2      6        0.09000     FIXED
       8      2      7        0.06900     FIXED
       9      3      3        0.40000     FIXED
      10      3      4       -0.08000     FIXED
      11      3      6        0.69800     FIXED
      12      3      7        0.96000     FIXED
      13      4     10        0.10000     FIXED
      14      5      5       -0.77000     FIXED
      15      5      6        0.84700     FIXED
      16      5      7        0.76800     FIXED
      17      5      8        1.68000     FIXED
      18      6      6        0.00000     FIXED
      19      7      7        0.00000     FIXED
      20      7     11        0.10000     FIXED
      21      8      8       -0.90000     FIXED
      22      8      9        1.77300     FIXED
      23      9      9       -1.10000     FIXED
      24     10     10        0.00000     FIXED
      25     11     11        0.00000     FIXED
     MULTIPOLARITY=7
    INDEX   NF     NS          ME               LIMITS
      26      2      3        0.06500     FIXED
      27      2      6        0.06800     FIXED
      28      3      6        0.10400     FIXED
      29      5      6        0.03500     FIXED
      30      5      7        0.22000     FIXED

                                               REPRINT OF EXPERIMENTAL DATA TO BE FITTED





     EXPERIMENT  1
  PROJECTILE ( 36., 80.) 267.940 MEV ---1 GE(LI) DETECTOR(S)  WEIGHT=0.10E+01
                    ** EXPERIMENTAL YIELDS **
    DECAY IS  IF         YIELD+/-ERROR

      16   2   1  0.211328E+05     0.653200E+03
      11   5   2  0.193400E+03     0.691000E+02



     EXPERIMENT  2
  PROJECTILE ( 36., 80.) 267.940 MEV ---1 GE(LI) DETECTOR(S)  WEIGHT=0.10E+01
                    ** EXPERIMENTAL YIELDS **
    DECAY IS  IF         YIELD+/-ERROR

      16   2   1  0.194764E+05     0.591300E+03
      14   3   1  0.370000E+02     0.370000E+02
      15   3   2  0.936000E+02     0.468000E+02
      11   5   2  0.594000E+03     0.110900E+03



     EXPERIMENT  3
  PROJECTILE ( 36., 80.) 267.940 MEV ---1 GE(LI) DETECTOR(S)  WEIGHT=0.10E+01
                    ** EXPERIMENTAL YIELDS **
    DECAY IS  IF         YIELD+/-ERROR

      16   2   1  0.193964E+05     0.610700E+03
      14   3   1  0.924000E+02     0.555000E+02
      15   3   2  0.175600E+03     0.878000E+02
      11   5   2  0.649200E+03     0.110900E+03



     EXPERIMENT  4
  PROJECTILE ( 36., 80.) 267.940 MEV ---1 GE(LI) DETECTOR(S)  WEIGHT=0.10E+01
                    ** EXPERIMENTAL YIELDS **
    DECAY IS  IF         YIELD+/-ERROR

      16   2   1  0.244683E+05     0.678900E+03
      14   3   1  0.166300E+03     0.740000E+02
      15   3   2  0.585200E+03     0.164100E+03
      11   5   2  0.194770E+04     0.188800E+03



     EXPERIMENT  5
  PROJECTILE ( 36., 80.) 267.940 MEV ---1 GE(LI) DETECTOR(S)  WEIGHT=0.10E+01
                    ** EXPERIMENTAL YIELDS **
    DECAY IS  IF         YIELD+/-ERROR

   15016   3   2  0.227458E+05     0.773200E+03
      14   3   1  0.295600E+03     0.925000E+02
      11   5   2  0.234820E+04     0.245600E+03
       6   7   3  0.131400E+03     0.584000E+02



     EXPERIMENT  6
  PROJECTILE ( 36., 80.) 267.940 MEV ---1 GE(LI) DETECTOR(S)  WEIGHT=0.10E+01
                    ** EXPERIMENTAL YIELDS **
    DECAY IS  IF         YIELD+/-ERROR

      16   2   1  0.250170E+04     0.186600E+03
      14   3   1  0.110900E+03     0.462000E+02
      15   3   2  0.204800E+03     0.586000E+02
      12   4   2  0.174600E+03     0.525000E+02
      11   5   2  0.276300E+03     0.692000E+02


       23 EXPERIMENTAL YIELDS            0 MATRIX ELEMENTS TO BE VARIED



                                        BRANCHING RATIOS

     NS1     NF1     NS2     NF2     RATIO(1:2)         ERROR
      3       1       3       2        0.33100       -0.00400      0.00400
     BRANCHING RATIOS ARE TAKEN WITH WEIGHT    0.100000E+01


                    EXPERIMENTAL E2/M1 MIXING RATIOS


          TRANSITION            DELTA          ERROR

           3---  2                6.0000          -1.0000      1.0000

          E2/M1 MIXING RATIOS ARE TAKEN WITH WEIGHT    0.100000E+01



     *****  RESTART-MATRIX ELEMENTS OVERWRITTEN  *****




                                        MATRIX ELEMENTS


     MULTIPOLARITY=2
    INDEX   NF     NS          ME               LIMITS
       1      1      2        0.62361     FIXED
       2      1      3        0.06826     FIXED
       3      2      2       -0.39956     FIXED
       4      2      3        0.63909     FIXED
       5      2      4        0.44661     FIXED
       6      2      5        1.30000     FIXED
       7      2      6        0.09110     FIXED
       8      2      7        0.06810     FIXED
       9      3      3        0.39570     FIXED
      10      3      4        0.08621     FIXED
      11      3      6        0.71104     FIXED
      12      3      7        0.95257     FIXED
      13      4     10        0.17517     FIXED
      14      5      5        0.00000     FIXED
      15      5      6        0.80202     FIXED
      16      5      7        0.78255     FIXED
      17      5      8        1.73601     FIXED
      18      6      6       -0.00001     FIXED
      19      7      7        0.86577     FIXED
      20      7     11        0.10202     FIXED
      21      8      8       -0.85624     FIXED
      22      8      9        1.91231     FIXED
      23      9      9       -1.20510     FIXED
      24     10     10        0.00074     FIXED
      25     11     11        0.00001     FIXED
     MULTIPOLARITY=7
    INDEX   NF     NS          ME               LIMITS
      26      2      3        0.05695     FIXED
      27      2      6        0.06848     FIXED
      28      3      6        0.10509     FIXED
      29      5      6        0.03364     FIXED
      30      5      7        0.23057     FIXED





     INTEGRATED RUTHERFORD CROSS SECTION=.4586E+05  FOR EXP. 1





                                                  INTEGRATED YIELDS

     EXPERIMENT  1  DETECTOR  1
     ENERGY RANGE  254.300--- 281.600 MEV   SCATTERING ANGLE RANGE  21.000--- 33.200 DEG

     NI     NF     II     IF     YIELD     NORMALIZED YIELD

      9      8    8.0    6.0   0.24248E-03   0.10336E-06
     11      7    6.0    4.0   0.82086E-06   0.34990E-09
      8      5    6.0    4.0   0.10499E+00   0.44753E-04
     10      4    2.0    0.0   0.11400E-03   0.48593E-07
      7      2    4.0    2.0   0.33889E-02   0.14445E-05
      7      3    4.0    2.0   0.44181E-01   0.18832E-04
      7      5    4.0    4.0   0.12433E-01   0.52995E-05
      6      2    3.0    2.0   0.82888E-02   0.35332E-05
      6      3    3.0    2.0   0.67402E-02   0.28731E-05
      6      5    3.0    4.0   0.94653E-03   0.40346E-06
      5      2    4.0    2.0   0.23932E+02   0.10201E-01
      4      2    0.0    2.0   0.48492E+00   0.20670E-03
      4      3    0.0    2.0   0.10913E-06   0.46518E-10
      3      1    2.0    0.0   0.14215E+01   0.60592E-03
      3      2    2.0    2.0   0.44968E+01   0.19168E-02
      2      1    2.0    0.0   0.23460E+04   0.10000E+01





     INTEGRATED RUTHERFORD CROSS SECTION=.1317E+05  FOR EXP. 2





                                                  INTEGRATED YIELDS

     EXPERIMENT  2  DETECTOR  1
     ENERGY RANGE  254.300--- 281.600 MEV   SCATTERING ANGLE RANGE  32.400--- 42.100 DEG

     NI     NF     II     IF     YIELD     NORMALIZED YIELD

      9      8    8.0    6.0   0.44337E-02   0.21066E-05
     11      7    6.0    4.0   0.11925E-04   0.56659E-08
      8      5    6.0    4.0   0.75005E+00   0.35638E-03
     10      4    2.0    0.0   0.13941E-02   0.66238E-06
      7      2    4.0    2.0   0.20575E-01   0.97759E-05
      7      3    4.0    2.0   0.26824E+00   0.12745E-03
      7      5    4.0    4.0   0.75552E-01   0.35898E-04
      6      2    3.0    2.0   0.60127E-01   0.28569E-04
      6      3    3.0    2.0   0.49007E-01   0.23285E-04
      6      5    3.0    4.0   0.69501E-02   0.33022E-05
      5      2    4.0    2.0   0.63659E+02   0.30247E-01
      4      2    0.0    2.0   0.23216E+01   0.11031E-02
      4      3    0.0    2.0   0.52560E-06   0.24974E-09
      3      1    2.0    0.0   0.31342E+01   0.14892E-02
      3      2    2.0    2.0   0.99302E+01   0.47182E-02
      2      1    2.0    0.0   0.21046E+04   0.10000E+01





     INTEGRATED RUTHERFORD CROSS SECTION=.7036E+04  FOR EXP. 3





                                                  INTEGRATED YIELDS

     EXPERIMENT  3  DETECTOR  1
     ENERGY RANGE  254.300--- 281.600 MEV   SCATTERING ANGLE RANGE  41.500--- 51.600 DEG

     NI     NF     II     IF     YIELD     NORMALIZED YIELD

      9      8    8.0    6.0   0.29443E-01   0.14268E-04
     11      7    6.0    4.0   0.72789E-04   0.35274E-07
      8      5    6.0    4.0   0.26347E+01   0.12768E-02
     10      4    2.0    0.0   0.77874E-02   0.37739E-05
      7      2    4.0    2.0   0.72689E-01   0.35226E-04
      7      3    4.0    2.0   0.94766E+00   0.45925E-03
      7      5    4.0    4.0   0.26696E+00   0.12937E-03
      6      2    3.0    2.0   0.23095E+00   0.11192E-03
      6      3    3.0    2.0   0.18879E+00   0.91488E-04
      6      5    3.0    4.0   0.27121E-01   0.13143E-04
      5      2    4.0    2.0   0.11902E+03   0.57678E-01
      4      2    0.0    2.0   0.68463E+01   0.33178E-02
      4      3    0.0    2.0   0.15611E-05   0.75654E-09
      3      1    2.0    0.0   0.57893E+01   0.28055E-02
      3      2    2.0    2.0   0.18373E+02   0.89039E-02
      2      1    2.0    0.0   0.20635E+04   0.10000E+01





     INTEGRATED RUTHERFORD CROSS SECTION=.4691E+04  FOR EXP. 4





                                                  INTEGRATED YIELDS

     EXPERIMENT  4  DETECTOR  1
     ENERGY RANGE  254.300--- 281.600 MEV   SCATTERING ANGLE RANGE  40.300--- 51.600 DEG

     NI     NF     II     IF     YIELD     NORMALIZED YIELD

      9      8    8.0    6.0   0.31550E+00   0.11908E-03
     11      7    6.0    4.0   0.89349E-03   0.33723E-06
      8      5    6.0    4.0   0.13628E+02   0.51439E-02
     10      4    2.0    0.0   0.87662E-01   0.33087E-04
      7      2    4.0    2.0   0.47022E+00   0.17748E-03
      7      3    4.0    2.0   0.61304E+01   0.23138E-02
      7      5    4.0    4.0   0.17274E+01   0.65197E-03
      6      2    3.0    2.0   0.14218E+01   0.53662E-03
      6      3    3.0    2.0   0.11697E+01   0.44150E-03
      6      5    3.0    4.0   0.17375E+00   0.65579E-04
      5      2    4.0    2.0   0.31083E+03   0.11732E+00
      4      2    0.0    2.0   0.35875E+02   0.13540E-01
      4      3    0.0    2.0   0.17396E-03   0.65658E-07
      3      1    2.0    0.0   0.18229E+02   0.68804E-02
      3      2    2.0    2.0   0.58074E+02   0.21919E-01
      2      1    2.0    0.0   0.26495E+04   0.10000E+01





     INTEGRATED RUTHERFORD CROSS SECTION=.3308E+04  FOR EXP. 5





                                                  INTEGRATED YIELDS

     EXPERIMENT  5  DETECTOR  1
     ENERGY RANGE  254.300--- 281.600 MEV   SCATTERING ANGLE RANGE  21.000--- 41.000 DEG

     NI     NF     II     IF     YIELD     NORMALIZED YIELD

      9      8    8.0    6.0   0.72153E+00   0.26989E-03
     11      7    6.0    4.0   0.29915E-02   0.11190E-05
      8      5    6.0    4.0   0.23512E+02   0.87945E-02
     10      4    2.0    0.0   0.34159E+00   0.12777E-03
      7      2    4.0    2.0   0.12259E+01   0.45855E-03
      7      3    4.0    2.0   0.15983E+02   0.59783E-02
      7      5    4.0    4.0   0.45187E+01   0.16902E-02
      6      2    3.0    2.0   0.25863E+01   0.96741E-03
      6      3    3.0    2.0   0.21417E+01   0.80110E-03
      6      5    3.0    4.0   0.33110E+00   0.12385E-03
      5      2    4.0    2.0   0.42296E+03   0.15821E+00
      4      2    0.0    2.0   0.87869E+02   0.32867E-01
      4      3    0.0    2.0   0.20778E-04   0.77718E-08
      3      1    2.0    0.0   0.36174E+02   0.13531E-01
      3      2    2.0    2.0   0.11527E+03   0.43117E-01
      2      1    2.0    0.0   0.26735E+04   0.10000E+01





     INTEGRATED RUTHERFORD CROSS SECTION=.3492E+03  FOR EXP. 6





                                                  INTEGRATED YIELDS

     EXPERIMENT  6  DETECTOR  1
     ENERGY RANGE  254.300--- 281.600 MEV   SCATTERING ANGLE RANGE 132.440---161.030 DEG

     NI     NF     II     IF     YIELD     NORMALIZED YIELD

      9      8    8.0    6.0   0.59575E-01   0.17207E-03
     11      7    6.0    4.0   0.51758E-03   0.14950E-05
      8      5    6.0    4.0   0.22788E+01   0.65819E-02
     10      4    2.0    0.0   0.10028E+00   0.28965E-03
      7      2    4.0    2.0   0.25319E+00   0.73130E-03
      7      3    4.0    2.0   0.33009E+01   0.95342E-02
      7      5    4.0    4.0   0.94170E+00   0.27200E-02
      6      2    3.0    2.0   0.10694E+00   0.30888E-03
      6      3    3.0    2.0   0.89191E-01   0.25762E-03
      6      5    3.0    4.0   0.14438E-01   0.41703E-04
      5      2    4.0    2.0   0.51205E+02   0.14790E+00
      4      2    0.0    2.0   0.18611E+02   0.53754E-01
      4      3    0.0    2.0   0.44007E-05   0.12711E-07
      3      1    2.0    0.0   0.76601E+01   0.22125E-01
      3      2    2.0    2.0   0.24286E+02   0.70147E-01
      2      1    2.0    0.0   0.34622E+03   0.10000E+01



          EXPERIMENT  1        DETECTOR  1

         NI     NF     YEXP        YCOR        COR.F

        5        2   .193E+03    .165E+03    .853E+00
        2        1   .211E+05    .211E+05    .100E+01



          EXPERIMENT  2        DETECTOR  1

         NI     NF     YEXP        YCOR        COR.F

        5        2   .594E+03    .711E+03    .120E+01
        3        1   .370E+02    .443E+02    .120E+01
        3        2   .936E+02    .112E+03    .120E+01
        2        1   .195E+05    .243E+05    .125E+01



          EXPERIMENT  3        DETECTOR  1

         NI     NF     YEXP        YCOR        COR.F

        5        2   .649E+03    .750E+03    .116E+01
        3        1   .924E+02    .106E+03    .115E+01
        3        2   .176E+03    .202E+03    .115E+01
        2        1   .194E+05    .229E+05    .118E+01



          EXPERIMENT  4        DETECTOR  1

         NI     NF     YEXP        YCOR        COR.F

        5        2   .195E+04    .205E+04    .105E+01
        3        1   .166E+03    .174E+03    .105E+01
        3        2   .585E+03    .612E+03    .105E+01
        2        1   .245E+05    .254E+05    .104E+01



          EXPERIMENT  5        DETECTOR  1

         NI     NF     YEXP        YCOR        COR.F

        7        3   .131E+03    .768E+02    .584E+00
        5        2   .235E+04    .136E+04    .581E+00
        3        1   .296E+03    .175E+03    .593E+00
      302      201   .227E+05    .129E+05    .568E+00



          EXPERIMENT  6        DETECTOR  1

         NI     NF     YEXP        YCOR        COR.F

        5        2   .276E+03    .103E+03    .373E+00
        4        2   .175E+03    .668E+02    .383E+00
        3        1   .111E+03    .422E+02    .381E+00
        3        2   .205E+03    .780E+02    .381E+00
        2        1   .250E+04    .950E+03    .380E+00
               ********* END OF EXECUTION **********
