1
 *****************************************************************************************************************************
 *****************************************************************************************************************************
 **************************************************                         **************************************************
 **************************************************          GOSIA          **************************************************
 **************************************************                         **************************************************
 *****************************************************************************************************************************
 *****************************************************************************************************************************





                    ROCHESTER COULOMB EXCITATION DATA ANALYSIS CODE BY T.CZOSNYKA,D.CLINE AND C.Y.WU
                                                  VERSION: 20081208.18






               Coulomb excitation of 80Kr on a 196Pt target                               
          ----------------------------------------------------------------------------------------------------

                                        LEVELS

     INDEX     PARITY         SPIN           ENERGY(MEV)
       1           +           0.0            0.0000
       2           +           2.0            0.6166
       3           +           2.0            1.2562
       4           +           0.0            1.3205
       5           +           4.0            1.4361
       6           +           3.0            1.7880
       7           +           4.0            2.1459
       8           +           6.0            2.3921
       9           +           8.0            3.4100
      10           +           2.0            2.3205
      11           +           6.0            3.1102

                                        MATRIX ELEMENTS


     MULTIPOLARITY=2
    INDEX   NF     NS          ME               LIMITS
       1      1      2        0.64500     FIXED
       2      1      3        0.07800     FIXED
       3      2      2       -0.43000     FIXED
       4      2      3        0.73000     FIXED
       5      2      4        0.33000     FIXED
       6      2      5        1.06900     FIXED
       7      2      6        0.09000     FIXED
       8      2      7        0.06900     FIXED
       9      3      3        0.40000     FIXED
      10      3      4       -0.08000     FIXED
      11      3      6        0.69800     FIXED
      12      3      7        0.96000     FIXED
      13      4     10        0.10000     FIXED
      14      5      5       -0.77000     FIXED
      15      5      6        0.84700     FIXED
      16      5      7        0.76800     FIXED
      17      5      8        1.68000     FIXED
      18      6      6        0.00000     FIXED
      19      7      7        0.00000     FIXED
      20      7     11        0.10000     FIXED
      21      8      8       -0.90000     FIXED
      22      8      9        1.77300     FIXED
      23      9      9       -1.10000     FIXED
      24     10     10        0.00000     FIXED
      25     11     11        0.00000     FIXED
     MULTIPOLARITY=7
    INDEX   NF     NS          ME               LIMITS
      26      2      3        0.06500     FIXED
      27      2      6        0.06800     FIXED
      28      3      6        0.10400     FIXED
      29      5      6        0.03500     FIXED
      30      5      7        0.22000     FIXED

                                               REPRINT OF EXPERIMENTAL DATA TO BE FITTED





     EXPERIMENT  1
  PROJECTILE ( 36., 80.) 267.940 MEV ---1 GE(LI) DETECTOR(S)  WEIGHT=0.10E+01
                    ** EXPERIMENTAL YIELDS **
    DECAY IS  IF         YIELD+/-ERROR

      16   2   1  0.211328E+05     0.653200E+03
      11   5   2  0.193400E+03     0.691000E+02



     EXPERIMENT  2
  PROJECTILE ( 36., 80.) 267.940 MEV ---1 GE(LI) DETECTOR(S)  WEIGHT=0.10E+01
                    ** EXPERIMENTAL YIELDS **
    DECAY IS  IF         YIELD+/-ERROR

      16   2   1  0.194764E+05     0.591300E+03
      14   3   1  0.370000E+02     0.370000E+02
      15   3   2  0.936000E+02     0.468000E+02
      11   5   2  0.594000E+03     0.110900E+03



     EXPERIMENT  3
  PROJECTILE ( 36., 80.) 267.940 MEV ---1 GE(LI) DETECTOR(S)  WEIGHT=0.10E+01
                    ** EXPERIMENTAL YIELDS **
    DECAY IS  IF         YIELD+/-ERROR

      16   2   1  0.193964E+05     0.610700E+03
      14   3   1  0.924000E+02     0.555000E+02
      15   3   2  0.175600E+03     0.878000E+02
      11   5   2  0.649200E+03     0.110900E+03



     EXPERIMENT  4
  PROJECTILE ( 36., 80.) 267.940 MEV ---1 GE(LI) DETECTOR(S)  WEIGHT=0.10E+01
                    ** EXPERIMENTAL YIELDS **
    DECAY IS  IF         YIELD+/-ERROR

      16   2   1  0.244683E+05     0.678900E+03
      14   3   1  0.166300E+03     0.740000E+02
      15   3   2  0.585200E+03     0.164100E+03
      11   5   2  0.194770E+04     0.188800E+03



     EXPERIMENT  5
  PROJECTILE ( 36., 80.) 267.940 MEV ---1 GE(LI) DETECTOR(S)  WEIGHT=0.10E+01
                    ** EXPERIMENTAL YIELDS **
    DECAY IS  IF         YIELD+/-ERROR

   15016   3   2  0.227458E+05     0.773200E+03
      14   3   1  0.295600E+03     0.925000E+02
      11   5   2  0.234820E+04     0.245600E+03
       6   7   3  0.131400E+03     0.584000E+02



     EXPERIMENT  6
  PROJECTILE ( 36., 80.) 267.940 MEV ---1 GE(LI) DETECTOR(S)  WEIGHT=0.10E+01
                    ** EXPERIMENTAL YIELDS **
    DECAY IS  IF         YIELD+/-ERROR

      16   2   1  0.250170E+04     0.186600E+03
      14   3   1  0.110900E+03     0.462000E+02
      15   3   2  0.204800E+03     0.586000E+02
      12   4   2  0.174600E+03     0.525000E+02
      11   5   2  0.276300E+03     0.692000E+02


       23 EXPERIMENTAL YIELDS            0 MATRIX ELEMENTS TO BE VARIED



                                        BRANCHING RATIOS

     NS1     NF1     NS2     NF2     RATIO(1:2)         ERROR
      3       1       3       2        0.33100       -0.00400      0.00400
     BRANCHING RATIOS ARE TAKEN WITH WEIGHT    0.100000E+01


                    EXPERIMENTAL E2/M1 MIXING RATIOS


          TRANSITION            DELTA          ERROR

           3---  2                6.0000          -1.0000      1.0000

          E2/M1 MIXING RATIOS ARE TAKEN WITH WEIGHT    0.100000E+01



     *****  RESTART-MATRIX ELEMENTS OVERWRITTEN  *****




                                        MATRIX ELEMENTS


     MULTIPOLARITY=2
    INDEX   NF     NS          ME               LIMITS
       1      1      2        0.62361     FIXED
       2      1      3        0.06826     FIXED
       3      2      2       -0.39956     FIXED
       4      2      3        0.63909     FIXED
       5      2      4        0.44661     FIXED
       6      2      5        1.30000     FIXED
       7      2      6        0.09110     FIXED
       8      2      7        0.06810     FIXED
       9      3      3        0.39570     FIXED
      10      3      4        0.08621     FIXED
      11      3      6        0.71104     FIXED
      12      3      7        0.95257     FIXED
      13      4     10        0.17517     FIXED
      14      5      5       -0.95625     FIXED
      15      5      6        0.80202     FIXED
      16      5      7        0.78255     FIXED
      17      5      8        1.73601     FIXED
      18      6      6       -0.00001     FIXED
      19      7      7        0.86577     FIXED
      20      7     11        0.10202     FIXED
      21      8      8       -0.85624     FIXED
      22      8      9        1.91231     FIXED
      23      9      9       -1.20510     FIXED
      24     10     10        0.00074     FIXED
      25     11     11        0.00001     FIXED
     MULTIPOLARITY=7
    INDEX   NF     NS          ME               LIMITS
      26      2      3        0.05695     FIXED
      27      2      6        0.06848     FIXED
      28      3      6        0.10509     FIXED
      29      5      6        0.03364     FIXED
      30      5      7        0.23057     FIXED





     INTEGRATED RUTHERFORD CROSS SECTION=.4586E+05  FOR EXP. 1





                                                  INTEGRATED YIELDS

     EXPERIMENT  1  DETECTOR  1
     ENERGY RANGE  254.300--- 281.600 MEV   SCATTERING ANGLE RANGE  21.000--- 33.200 DEG

     NI     NF     II     IF     YIELD     NORMALIZED YIELD

      9      8    8.0    6.0   0.24152E-03   0.10293E-06
     11      7    6.0    4.0   0.83973E-06   0.35788E-09
      8      5    6.0    4.0   0.10322E+00   0.43993E-04
     10      4    2.0    0.0   0.11399E-03   0.48581E-07
      7      2    4.0    2.0   0.34930E-02   0.14887E-05
      7      3    4.0    2.0   0.45538E-01   0.19408E-04
      7      5    4.0    4.0   0.12814E-01   0.54613E-05
      6      2    3.0    2.0   0.85764E-02   0.36552E-05
      6      3    3.0    2.0   0.69745E-02   0.29725E-05
      6      5    3.0    4.0   0.98214E-03   0.41858E-06
      5      2    4.0    2.0   0.22245E+02   0.94805E-02
      4      2    0.0    2.0   0.48461E+00   0.20654E-03
      4      3    0.0    2.0   0.10906E-06   0.46481E-10
      3      1    2.0    0.0   0.14221E+01   0.60608E-03
      3      2    2.0    2.0   0.44988E+01   0.19173E-02
      2      1    2.0    0.0   0.23464E+04   0.10000E+01





     INTEGRATED RUTHERFORD CROSS SECTION=.1317E+05  FOR EXP. 2





                                                  INTEGRATED YIELDS

     EXPERIMENT  2  DETECTOR  1
     ENERGY RANGE  254.300--- 281.600 MEV   SCATTERING ANGLE RANGE  32.400--- 42.100 DEG

     NI     NF     II     IF     YIELD     NORMALIZED YIELD

      9      8    8.0    6.0   0.44095E-02   0.20938E-05
     11      7    6.0    4.0   0.12367E-04   0.58723E-08
      8      5    6.0    4.0   0.73258E+00   0.34785E-03
     10      4    2.0    0.0   0.13938E-02   0.66181E-06
      7      2    4.0    2.0   0.21491E-01   0.10205E-04
      7      3    4.0    2.0   0.28019E+00   0.13304E-03
      7      5    4.0    4.0   0.78909E-01   0.37468E-04
      6      2    3.0    2.0   0.62139E-01   0.29505E-04
      6      3    3.0    2.0   0.50647E-01   0.24049E-04
      6      5    3.0    4.0   0.71825E-02   0.34105E-05
      5      2    4.0    2.0   0.57717E+02   0.27406E-01
      4      2    0.0    2.0   0.23182E+01   0.11008E-02
      4      3    0.0    2.0   0.52483E-06   0.24921E-09
      3      1    2.0    0.0   0.31401E+01   0.14910E-02
      3      2    2.0    2.0   0.99492E+01   0.47242E-02
      2      1    2.0    0.0   0.21060E+04   0.10000E+01





     INTEGRATED RUTHERFORD CROSS SECTION=.7036E+04  FOR EXP. 3





                                                  INTEGRATED YIELDS

     EXPERIMENT  3  DETECTOR  1
     ENERGY RANGE  254.300--- 281.600 MEV   SCATTERING ANGLE RANGE  41.500--- 51.600 DEG

     NI     NF     II     IF     YIELD     NORMALIZED YIELD

      9      8    8.0    6.0   0.29248E-01   0.14153E-04
     11      7    6.0    4.0   0.76277E-04   0.36910E-07
      8      5    6.0    4.0   0.25534E+01   0.12356E-02
     10      4    2.0    0.0   0.77851E-02   0.37672E-05
      7      2    4.0    2.0   0.76445E-01   0.36991E-04
      7      3    4.0    2.0   0.99664E+00   0.48227E-03
      7      5    4.0    4.0   0.28071E+00   0.13583E-03
      6      2    3.0    2.0   0.23654E+00   0.11446E-03
      6      3    3.0    2.0   0.19334E+00   0.93554E-04
      6      5    3.0    4.0   0.27763E-01   0.13434E-04
      5      2    4.0    2.0   0.10480E+03   0.50715E-01
      4      2    0.0    2.0   0.68302E+01   0.33051E-02
      4      3    0.0    2.0   0.15574E-05   0.75364E-09
      3      1    2.0    0.0   0.58184E+01   0.28155E-02
      3      2    2.0    2.0   0.18468E+02   0.89364E-02
      2      1    2.0    0.0   0.20666E+04   0.10000E+01





     INTEGRATED RUTHERFORD CROSS SECTION=.4691E+04  FOR EXP. 4





                                                  INTEGRATED YIELDS

     EXPERIMENT  4  DETECTOR  1
     ENERGY RANGE  254.300--- 281.600 MEV   SCATTERING ANGLE RANGE  40.300--- 51.600 DEG

     NI     NF     II     IF     YIELD     NORMALIZED YIELD

      9      8    8.0    6.0   0.31346E+00   0.11794E-03
     11      7    6.0    4.0   0.94415E-03   0.35524E-06
      8      5    6.0    4.0   0.12968E+02   0.48794E-02
     10      4    2.0    0.0   0.87674E-01   0.32988E-04
      7      2    4.0    2.0   0.49157E+00   0.18495E-03
      7      3    4.0    2.0   0.64087E+01   0.24113E-02
      7      5    4.0    4.0   0.18056E+01   0.67935E-03
      6      2    3.0    2.0   0.14054E+01   0.52878E-03
      6      3    3.0    2.0   0.11560E+01   0.43495E-03
      6      5    3.0    4.0   0.17156E+00   0.64549E-04
      5      2    4.0    2.0   0.25410E+03   0.95604E-01
      4      2    0.0    2.0   0.35886E+02   0.13502E-01
      4      3    0.0    2.0   0.17565E-03   0.66089E-07
      3      1    2.0    0.0   0.18553E+02   0.69806E-02
      3      2    2.0    2.0   0.59121E+02   0.22244E-01
      2      1    2.0    0.0   0.26578E+04   0.10000E+01





     INTEGRATED RUTHERFORD CROSS SECTION=.3308E+04  FOR EXP. 5





                                                  INTEGRATED YIELDS

     EXPERIMENT  5  DETECTOR  1
     ENERGY RANGE  254.300--- 281.600 MEV   SCATTERING ANGLE RANGE  21.000--- 41.000 DEG

     NI     NF     II     IF     YIELD     NORMALIZED YIELD

      9      8    8.0    6.0   0.72269E+00   0.27037E-03
     11      7    6.0    4.0   0.31405E-02   0.11749E-05
      8      5    6.0    4.0   0.21938E+02   0.82075E-02
     10      4    2.0    0.0   0.34233E+00   0.12807E-03
      7      2    4.0    2.0   0.12442E+01   0.46549E-03
      7      3    4.0    2.0   0.16221E+02   0.60687E-02
      7      5    4.0    4.0   0.45860E+01   0.17157E-02
      6      2    3.0    2.0   0.24227E+01   0.90637E-03
      6      3    3.0    2.0   0.20057E+01   0.75039E-03
      6      5    3.0    4.0   0.30974E+00   0.11588E-03
      5      2    4.0    2.0   0.30982E+03   0.11591E+00
      4      2    0.0    2.0   0.90140E+02   0.33723E-01
      4      3    0.0    2.0   0.21315E-04   0.79742E-08
      3      1    2.0    0.0   0.37740E+02   0.14119E-01
      3      2    2.0    2.0   0.12029E+03   0.45003E-01
      2      1    2.0    0.0   0.26729E+04   0.10000E+01





     INTEGRATED RUTHERFORD CROSS SECTION=.3492E+03  FOR EXP. 6





                                                  INTEGRATED YIELDS

     EXPERIMENT  6  DETECTOR  1
     ENERGY RANGE  254.300--- 281.600 MEV   SCATTERING ANGLE RANGE 132.440---161.030 DEG

     NI     NF     II     IF     YIELD     NORMALIZED YIELD

      9      8    8.0    6.0   0.61962E-01   0.18237E-03
     11      7    6.0    4.0   0.53227E-03   0.15666E-05
      8      5    6.0    4.0   0.21138E+01   0.62215E-02
     10      4    2.0    0.0   0.10060E+00   0.29609E-03
      7      2    4.0    2.0   0.24373E+00   0.71738E-03
      7      3    4.0    2.0   0.31776E+01   0.93526E-02
      7      5    4.0    4.0   0.90651E+00   0.26682E-02
      6      2    3.0    2.0   0.93180E-01   0.27426E-03
      6      3    3.0    2.0   0.77714E-01   0.22874E-03
      6      5    3.0    4.0   0.12577E-01   0.37018E-04
      5      2    4.0    2.0   0.31230E+02   0.91921E-01
      4      2    0.0    2.0   0.20385E+02   0.60000E-01
      4      3    0.0    2.0   0.48203E-05   0.14188E-07
      3      1    2.0    0.0   0.82994E+01   0.24428E-01
      3      2    2.0    2.0   0.26311E+02   0.77441E-01
      2      1    2.0    0.0   0.33975E+03   0.10000E+01



          EXPERIMENT  1        DETECTOR  1

         NI     NF     YEXP        YCOR        COR.F

        5        2   .193E+03    .166E+03    .857E+00
        2        1   .211E+05    .211E+05    .100E+01



          EXPERIMENT  2        DETECTOR  1

         NI     NF     YEXP        YCOR        COR.F

        5        2   .594E+03    .713E+03    .120E+01
        3        1   .370E+02    .443E+02    .120E+01
        3        2   .936E+02    .112E+03    .120E+01
        2        1   .195E+05    .243E+05    .125E+01



          EXPERIMENT  3        DETECTOR  1

         NI     NF     YEXP        YCOR        COR.F

        5        2   .649E+03    .751E+03    .116E+01
        3        1   .924E+02    .106E+03    .115E+01
        3        2   .176E+03    .202E+03    .115E+01
        2        1   .194E+05    .229E+05    .118E+01



          EXPERIMENT  4        DETECTOR  1

         NI     NF     YEXP        YCOR        COR.F

        5        2   .195E+04    .205E+04    .105E+01
        3        1   .166E+03    .174E+03    .104E+01
        3        2   .585E+03    .612E+03    .105E+01
        2        1   .245E+05    .254E+05    .104E+01



          EXPERIMENT  5        DETECTOR  1

         NI     NF     YEXP        YCOR        COR.F

        7        3   .131E+03    .768E+02    .584E+00
        5        2   .235E+04    .135E+04    .574E+00
        3        1   .296E+03    .175E+03    .593E+00
      302      201   .227E+05    .129E+05    .568E+00



          EXPERIMENT  6        DETECTOR  1

         NI     NF     YEXP        YCOR        COR.F

        5        2   .276E+03    .102E+03    .370E+00
        4        2   .175E+03    .669E+02    .383E+00
        3        1   .111E+03    .422E+02    .381E+00
        3        2   .205E+03    .779E+02    .380E+00
        2        1   .250E+04    .949E+03    .379E+00
               ********* END OF EXECUTION **********
