1
 *****************************************************************************************************************************
 *****************************************************************************************************************************
 **************************************************                         **************************************************
 **************************************************          GOSIA          **************************************************
 **************************************************                         **************************************************
 *****************************************************************************************************************************
 *****************************************************************************************************************************





                    ROCHESTER COULOMB EXCITATION DATA ANALYSIS CODE BY T.CZOSNYKA,D.CLINE AND C.Y.WU
                                                  VERSION: 20081208.18






               Coulomb excitation of 80Kr on a 196Pt target                               
          ----------------------------------------------------------------------------------------------------

                                        LEVELS

     INDEX     PARITY         SPIN           ENERGY(MEV)
       1           +           0.0            0.0000
       2           +           2.0            0.6166
       3           +           2.0            1.2562
       4           +           0.0            1.3205
       5           +           4.0            1.4361
       6           +           3.0            1.7880
       7           +           4.0            2.1459
       8           +           6.0            2.3921
       9           +           8.0            3.4100
      10           +           2.0            2.3205
      11           +           6.0            3.1102

                                        MATRIX ELEMENTS


     MULTIPOLARITY=2
    INDEX   NF     NS          ME               LIMITS
       1      1      2        0.64500     FIXED
       2      1      3        0.07800     FIXED
       3      2      2       -0.43000     FIXED
       4      2      3        0.73000     FIXED
       5      2      4        0.33000     FIXED
       6      2      5        1.06900     FIXED
       7      2      6        0.09000     FIXED
       8      2      7        0.06900     FIXED
       9      3      3        0.40000     FIXED
      10      3      4       -0.08000     FIXED
      11      3      6        0.69800     FIXED
      12      3      7        0.96000     FIXED
      13      4     10        0.10000     FIXED
      14      5      5       -0.77000     FIXED
      15      5      6        0.84700     FIXED
      16      5      7        0.76800     FIXED
      17      5      8        1.68000     FIXED
      18      6      6        0.00000     FIXED
      19      7      7        0.00000     FIXED
      20      7     11        0.10000     FIXED
      21      8      8       -0.90000     FIXED
      22      8      9        1.77300     FIXED
      23      9      9       -1.10000     FIXED
      24     10     10        0.00000     FIXED
      25     11     11        0.00000     FIXED
     MULTIPOLARITY=7
    INDEX   NF     NS          ME               LIMITS
      26      2      3        0.06500     FIXED
      27      2      6        0.06800     FIXED
      28      3      6        0.10400     FIXED
      29      5      6        0.03500     FIXED
      30      5      7        0.22000     FIXED

                                               REPRINT OF EXPERIMENTAL DATA TO BE FITTED





     EXPERIMENT  1
  PROJECTILE ( 36., 80.) 267.940 MEV ---1 GE(LI) DETECTOR(S)  WEIGHT=0.10E+01
                    ** EXPERIMENTAL YIELDS **
    DECAY IS  IF         YIELD+/-ERROR

      16   2   1  0.211328E+05     0.653200E+03
      11   5   2  0.193400E+03     0.691000E+02



     EXPERIMENT  2
  PROJECTILE ( 36., 80.) 267.940 MEV ---1 GE(LI) DETECTOR(S)  WEIGHT=0.10E+01
                    ** EXPERIMENTAL YIELDS **
    DECAY IS  IF         YIELD+/-ERROR

      16   2   1  0.194764E+05     0.591300E+03
      14   3   1  0.370000E+02     0.370000E+02
      15   3   2  0.936000E+02     0.468000E+02
      11   5   2  0.594000E+03     0.110900E+03



     EXPERIMENT  3
  PROJECTILE ( 36., 80.) 267.940 MEV ---1 GE(LI) DETECTOR(S)  WEIGHT=0.10E+01
                    ** EXPERIMENTAL YIELDS **
    DECAY IS  IF         YIELD+/-ERROR

      16   2   1  0.193964E+05     0.610700E+03
      14   3   1  0.924000E+02     0.555000E+02
      15   3   2  0.175600E+03     0.878000E+02
      11   5   2  0.649200E+03     0.110900E+03



     EXPERIMENT  4
  PROJECTILE ( 36., 80.) 267.940 MEV ---1 GE(LI) DETECTOR(S)  WEIGHT=0.10E+01
                    ** EXPERIMENTAL YIELDS **
    DECAY IS  IF         YIELD+/-ERROR

      16   2   1  0.244683E+05     0.678900E+03
      14   3   1  0.166300E+03     0.740000E+02
      15   3   2  0.585200E+03     0.164100E+03
      11   5   2  0.194770E+04     0.188800E+03



     EXPERIMENT  5
  PROJECTILE ( 36., 80.) 267.940 MEV ---1 GE(LI) DETECTOR(S)  WEIGHT=0.10E+01
                    ** EXPERIMENTAL YIELDS **
    DECAY IS  IF         YIELD+/-ERROR

   15016   3   2  0.227458E+05     0.773200E+03
      14   3   1  0.295600E+03     0.925000E+02
      11   5   2  0.234820E+04     0.245600E+03
       6   7   3  0.131400E+03     0.584000E+02



     EXPERIMENT  6
  PROJECTILE ( 36., 80.) 267.940 MEV ---1 GE(LI) DETECTOR(S)  WEIGHT=0.10E+01
                    ** EXPERIMENTAL YIELDS **
    DECAY IS  IF         YIELD+/-ERROR

      16   2   1  0.250170E+04     0.186600E+03
      14   3   1  0.110900E+03     0.462000E+02
      15   3   2  0.204800E+03     0.586000E+02
      12   4   2  0.174600E+03     0.525000E+02
      11   5   2  0.276300E+03     0.692000E+02


       23 EXPERIMENTAL YIELDS            0 MATRIX ELEMENTS TO BE VARIED



                                        BRANCHING RATIOS

     NS1     NF1     NS2     NF2     RATIO(1:2)         ERROR
      3       1       3       2        0.33100       -0.00400      0.00400
     BRANCHING RATIOS ARE TAKEN WITH WEIGHT    0.100000E+01


                    EXPERIMENTAL E2/M1 MIXING RATIOS


          TRANSITION            DELTA          ERROR

           3---  2                6.0000          -1.0000      1.0000

          E2/M1 MIXING RATIOS ARE TAKEN WITH WEIGHT    0.100000E+01



     *****  RESTART-MATRIX ELEMENTS OVERWRITTEN  *****




                                        MATRIX ELEMENTS


     MULTIPOLARITY=2
    INDEX   NF     NS          ME               LIMITS
       1      1      2        0.62361     FIXED
       2      1      3        0.08500     FIXED
       3      2      2       -0.23000     FIXED
       4      2      3        0.58300     FIXED
       5      2      4        0.44661     FIXED
       6      2      5        1.10825     FIXED
       7      2      6        0.09110     FIXED
       8      2      7        0.06810     FIXED
       9      3      3        0.66253     FIXED
      10      3      4        0.08621     FIXED
      11      3      6        0.71104     FIXED
      12      3      7        0.95257     FIXED
      13      4     10        0.17517     FIXED
      14      5      5       -0.55804     FIXED
      15      5      6        0.80202     FIXED
      16      5      7        0.78255     FIXED
      17      5      8        1.73601     FIXED
      18      6      6       -0.00001     FIXED
      19      7      7        0.86577     FIXED
      20      7     11        0.10202     FIXED
      21      8      8       -0.85624     FIXED
      22      8      9        1.91231     FIXED
      23      9      9       -1.20510     FIXED
      24     10     10        0.00074     FIXED
      25     11     11        0.00001     FIXED
     MULTIPOLARITY=7
    INDEX   NF     NS          ME               LIMITS
      26      2      3        0.28663     FIXED
      27      2      6        0.06848     FIXED
      28      3      6        0.10509     FIXED
      29      5      6        0.03364     FIXED
      30      5      7        0.23057     FIXED





     INTEGRATED RUTHERFORD CROSS SECTION=.4586E+05  FOR EXP. 1





                                                  INTEGRATED YIELDS

     EXPERIMENT  1  DETECTOR  1
     ENERGY RANGE  254.300--- 281.600 MEV   SCATTERING ANGLE RANGE  21.000--- 33.200 DEG

     NI     NF     II     IF     YIELD     NORMALIZED YIELD

      9      8    8.0    6.0   0.18922E-03   0.79252E-07
     11      7    6.0    4.0   0.95903E-06   0.40168E-09
      8      5    6.0    4.0   0.76144E-01   0.31892E-04
     10      4    2.0    0.0   0.11465E-03   0.48021E-07
      7      2    4.0    2.0   0.37994E-02   0.15913E-05
      7      3    4.0    2.0   0.49533E-01   0.20747E-04
      7      5    4.0    4.0   0.13926E-01   0.58326E-05
      6      2    3.0    2.0   0.73706E-02   0.30871E-05
      6      3    3.0    2.0   0.59893E-02   0.25086E-05
      6      5    3.0    4.0   0.83817E-03   0.35106E-06
      5      2    4.0    2.0   0.16942E+02   0.70958E-02
      4      2    0.0    2.0   0.49176E+00   0.20597E-03
      4      3    0.0    2.0   0.11067E-06   0.46353E-10
      3      1    2.0    0.0   0.18810E+01   0.78783E-03
      3      2    2.0    2.0   0.55414E+01   0.23210E-02
      2      1    2.0    0.0   0.23875E+04   0.10000E+01





     INTEGRATED RUTHERFORD CROSS SECTION=.1317E+05  FOR EXP. 2





                                                  INTEGRATED YIELDS

     EXPERIMENT  2  DETECTOR  1
     ENERGY RANGE  254.300--- 281.600 MEV   SCATTERING ANGLE RANGE  32.400--- 42.100 DEG

     NI     NF     II     IF     YIELD     NORMALIZED YIELD

      9      8    8.0    6.0   0.32333E-02   0.14967E-05
     11      7    6.0    4.0   0.12846E-04   0.59467E-08
      8      5    6.0    4.0   0.54509E+00   0.25232E-03
     10      4    2.0    0.0   0.14029E-02   0.64941E-06
      7      2    4.0    2.0   0.21032E-01   0.97360E-05
      7      3    4.0    2.0   0.27420E+00   0.12693E-03
      7      5    4.0    4.0   0.77165E-01   0.35720E-04
      6      2    3.0    2.0   0.50528E-01   0.23390E-04
      6      3    3.0    2.0   0.41145E-01   0.19046E-04
      6      5    3.0    4.0   0.58072E-02   0.26882E-05
      5      2    4.0    2.0   0.44927E+02   0.20797E-01
      4      2    0.0    2.0   0.23583E+01   0.10916E-02
      4      3    0.0    2.0   0.53390E-06   0.24714E-09
      3      1    2.0    0.0   0.37276E+01   0.17255E-02
      3      2    2.0    2.0   0.10990E+02   0.50875E-02
      2      1    2.0    0.0   0.21603E+04   0.10000E+01





     INTEGRATED RUTHERFORD CROSS SECTION=.7036E+04  FOR EXP. 3





                                                  INTEGRATED YIELDS

     EXPERIMENT  3  DETECTOR  1
     ENERGY RANGE  254.300--- 281.600 MEV   SCATTERING ANGLE RANGE  41.500--- 51.600 DEG

     NI     NF     II     IF     YIELD     NORMALIZED YIELD

      9      8    8.0    6.0   0.21543E-01   0.10087E-04
     11      7    6.0    4.0   0.72737E-04   0.34059E-07
      8      5    6.0    4.0   0.19203E+01   0.89917E-03
     10      4    2.0    0.0   0.78534E-02   0.36773E-05
      7      2    4.0    2.0   0.69791E-01   0.32679E-04
      7      3    4.0    2.0   0.90988E+00   0.42605E-03
      7      5    4.0    4.0   0.25616E+00   0.11995E-03
      6      2    3.0    2.0   0.18963E+00   0.88792E-04
      6      3    3.0    2.0   0.15486E+00   0.72511E-04
      6      5    3.0    4.0   0.22138E-01   0.10366E-04
      5      2    4.0    2.0   0.83776E+02   0.39228E-01
      4      2    0.0    2.0   0.69846E+01   0.32705E-02
      4      3    0.0    2.0   0.15927E-05   0.74575E-09
      3      1    2.0    0.0   0.64525E+01   0.30213E-02
      3      2    2.0    2.0   0.19103E+02   0.89448E-02
      2      1    2.0    0.0   0.21356E+04   0.10000E+01





     INTEGRATED RUTHERFORD CROSS SECTION=.4691E+04  FOR EXP. 4





                                                  INTEGRATED YIELDS

     EXPERIMENT  4  DETECTOR  1
     ENERGY RANGE  254.300--- 281.600 MEV   SCATTERING ANGLE RANGE  40.300--- 51.600 DEG

     NI     NF     II     IF     YIELD     NORMALIZED YIELD

      9      8    8.0    6.0   0.23305E+00   0.83974E-04
     11      7    6.0    4.0   0.81253E-03   0.29278E-06
      8      5    6.0    4.0   0.10009E+02   0.36066E-02
     10      4    2.0    0.0   0.89419E-01   0.32220E-04
      7      2    4.0    2.0   0.42593E+00   0.15348E-03
      7      3    4.0    2.0   0.55530E+01   0.20009E-02
      7      5    4.0    4.0   0.15642E+01   0.56361E-03
      6      2    3.0    2.0   0.11537E+01   0.41570E-03
      6      3    3.0    2.0   0.94842E+00   0.34175E-03
      6      5    3.0    4.0   0.14028E+00   0.50545E-04
      5      2    4.0    2.0   0.21678E+03   0.78111E-01
      4      2    0.0    2.0   0.37423E+02   0.13484E-01
      4      3    0.0    2.0   0.18377E-02   0.66217E-06
      3      1    2.0    0.0   0.19648E+02   0.70799E-02
      3      2    2.0    2.0   0.58443E+02   0.21059E-01
      2      1    2.0    0.0   0.27752E+04   0.10000E+01





     INTEGRATED RUTHERFORD CROSS SECTION=.3308E+04  FOR EXP. 5





                                                  INTEGRATED YIELDS

     EXPERIMENT  5  DETECTOR  1
     ENERGY RANGE  254.300--- 281.600 MEV   SCATTERING ANGLE RANGE  21.000--- 41.000 DEG

     NI     NF     II     IF     YIELD     NORMALIZED YIELD

      9      8    8.0    6.0   0.54114E+00   0.19383E-03
     11      7    6.0    4.0   0.25720E-02   0.92125E-06
      8      5    6.0    4.0   0.17485E+02   0.62628E-02
     10      4    2.0    0.0   0.35744E+00   0.12803E-03
      7      2    4.0    2.0   0.10783E+01   0.38624E-03
      7      3    4.0    2.0   0.14058E+02   0.50355E-02
      7      5    4.0    4.0   0.39735E+01   0.14232E-02
      6      2    3.0    2.0   0.20965E+01   0.75091E-03
      6      3    3.0    2.0   0.17352E+01   0.62151E-03
      6      5    3.0    4.0   0.26742E+00   0.95784E-04
      5      2    4.0    2.0   0.28822E+03   0.10323E+00
      4      2    0.0    2.0   0.96882E+02   0.34701E-01
      4      3    0.0    2.0   0.22909E-04   0.82055E-08
      3      1    2.0    0.0   0.40610E+02   0.14546E-01
      3      2    2.0    2.0   0.11851E+03   0.42449E-01
      2      1    2.0    0.0   0.27919E+04   0.10000E+01





     INTEGRATED RUTHERFORD CROSS SECTION=.3492E+03  FOR EXP. 6





                                                  INTEGRATED YIELDS

     EXPERIMENT  6  DETECTOR  1
     ENERGY RANGE  254.300--- 281.600 MEV   SCATTERING ANGLE RANGE 132.440---161.030 DEG

     NI     NF     II     IF     YIELD     NORMALIZED YIELD

      9      8    8.0    6.0   0.46180E-01   0.13169E-03
     11      7    6.0    4.0   0.41946E-03   0.11962E-05
      8      5    6.0    4.0   0.17556E+01   0.50064E-02
     10      4    2.0    0.0   0.10861E+00   0.30972E-03
      7      2    4.0    2.0   0.21485E+00   0.61268E-03
      7      3    4.0    2.0   0.28010E+01   0.79876E-02
      7      5    4.0    4.0   0.79900E+00   0.22785E-02
      6      2    3.0    2.0   0.86704E-01   0.24725E-03
      6      3    3.0    2.0   0.72309E-01   0.20620E-03
      6      5    3.0    4.0   0.11696E-01   0.33355E-04
      5      2    4.0    2.0   0.33073E+02   0.94315E-01
      4      2    0.0    2.0   0.22562E+02   0.64341E-01
      4      3    0.0    2.0   0.53351E-05   0.15214E-07
      3      1    2.0    0.0   0.92762E+01   0.26453E-01
      3      2    2.0    2.0   0.26020E+02   0.74203E-01
      2      1    2.0    0.0   0.35067E+03   0.10000E+01



          EXPERIMENT  1        DETECTOR  1

         NI     NF     YEXP        YCOR        COR.F

        5        2   .193E+03    .165E+03    .853E+00
        2        1   .211E+05    .211E+05    .100E+01



          EXPERIMENT  2        DETECTOR  1

         NI     NF     YEXP        YCOR        COR.F

        5        2   .594E+03    .711E+03    .120E+01
        3        1   .370E+02    .446E+02    .120E+01
        3        2   .936E+02    .113E+03    .120E+01
        2        1   .195E+05    .243E+05    .125E+01



          EXPERIMENT  3        DETECTOR  1

         NI     NF     YEXP        YCOR        COR.F

        5        2   .649E+03    .750E+03    .116E+01
        3        1   .924E+02    .106E+03    .115E+01
        3        2   .176E+03    .202E+03    .115E+01
        2        1   .194E+05    .229E+05    .118E+01



          EXPERIMENT  4        DETECTOR  1

         NI     NF     YEXP        YCOR        COR.F

        5        2   .195E+04    .205E+04    .105E+01
        3        1   .166E+03    .174E+03    .104E+01
        3        2   .585E+03    .611E+03    .104E+01
        2        1   .245E+05    .254E+05    .104E+01



          EXPERIMENT  5        DETECTOR  1

         NI     NF     YEXP        YCOR        COR.F

        7        3   .131E+03    .767E+02    .583E+00
        5        2   .235E+04    .136E+04    .579E+00
        3        1   .296E+03    .175E+03    .593E+00
      302      201   .227E+05    .129E+05    .568E+00



          EXPERIMENT  6        DETECTOR  1

         NI     NF     YEXP        YCOR        COR.F

        5        2   .276E+03    .103E+03    .372E+00
        4        2   .175E+03    .669E+02    .383E+00
        3        1   .111E+03    .423E+02    .381E+00
        3        2   .205E+03    .779E+02    .380E+00
        2        1   .250E+04    .949E+03    .380E+00
               ********* END OF EXECUTION **********
