1
 *****************************************************************************************************************************
 *****************************************************************************************************************************
 **************************************************                         **************************************************
 **************************************************          GOSIA          **************************************************
 **************************************************                         **************************************************
 *****************************************************************************************************************************
 *****************************************************************************************************************************





                    ROCHESTER COULOMB EXCITATION DATA ANALYSIS CODE BY T.CZOSNYKA,D.CLINE AND C.Y.WU
                                                  VERSION: 20081208.18






               Coulomb excitation of 80Kr on a 196Pt target                               
          ----------------------------------------------------------------------------------------------------

                                        LEVELS

     INDEX     PARITY         SPIN           ENERGY(MEV)
       1           +           0.0            0.0000
       2           +           2.0            0.6166
       3           +           2.0            1.2562
       4           +           0.0            1.3205
       5           +           4.0            1.4361
       6           +           3.0            1.7880
       7           +           4.0            2.1459
       8           +           6.0            2.3921
       9           +           8.0            3.4100
      10           +           2.0            2.3205
      11           +           6.0            3.1102

                                        MATRIX ELEMENTS


     MULTIPOLARITY=2
    INDEX   NF     NS          ME               LIMITS
       1      1      2        0.64500     FIXED
       2      1      3        0.07800     FIXED
       3      2      2       -0.43000     FIXED
       4      2      3        0.73000     FIXED
       5      2      4        0.33000     FIXED
       6      2      5        1.06900     FIXED
       7      2      6        0.09000     FIXED
       8      2      7        0.06900     FIXED
       9      3      3        0.40000     FIXED
      10      3      4       -0.08000     FIXED
      11      3      6        0.69800     FIXED
      12      3      7        0.96000     FIXED
      13      4     10        0.10000     FIXED
      14      5      5       -0.77000     FIXED
      15      5      6        0.84700     FIXED
      16      5      7        0.76800     FIXED
      17      5      8        1.68000     FIXED
      18      6      6        0.00000     FIXED
      19      7      7        0.00000     FIXED
      20      7     11        0.10000     FIXED
      21      8      8       -0.90000     FIXED
      22      8      9        1.77300     FIXED
      23      9      9       -1.10000     FIXED
      24     10     10        0.00000     FIXED
      25     11     11        0.00000     FIXED
     MULTIPOLARITY=7
    INDEX   NF     NS          ME               LIMITS
      26      2      3        0.06500     FIXED
      27      2      6        0.06800     FIXED
      28      3      6        0.10400     FIXED
      29      5      6        0.03500     FIXED
      30      5      7        0.22000     FIXED

                                               REPRINT OF EXPERIMENTAL DATA TO BE FITTED





     EXPERIMENT  1
  PROJECTILE ( 36., 80.) 267.940 MEV ---1 GE(LI) DETECTOR(S)  WEIGHT=0.10E+01
                    ** EXPERIMENTAL YIELDS **
    DECAY IS  IF         YIELD+/-ERROR

      16   2   1  0.211328E+05     0.653200E+03
      11   5   2  0.193400E+03     0.691000E+02



     EXPERIMENT  2
  PROJECTILE ( 36., 80.) 267.940 MEV ---1 GE(LI) DETECTOR(S)  WEIGHT=0.10E+01
                    ** EXPERIMENTAL YIELDS **
    DECAY IS  IF         YIELD+/-ERROR

      16   2   1  0.194764E+05     0.591300E+03
      14   3   1  0.370000E+02     0.370000E+02
      15   3   2  0.936000E+02     0.468000E+02
      11   5   2  0.594000E+03     0.110900E+03



     EXPERIMENT  3
  PROJECTILE ( 36., 80.) 267.940 MEV ---1 GE(LI) DETECTOR(S)  WEIGHT=0.10E+01
                    ** EXPERIMENTAL YIELDS **
    DECAY IS  IF         YIELD+/-ERROR

      16   2   1  0.193964E+05     0.610700E+03
      14   3   1  0.924000E+02     0.555000E+02
      15   3   2  0.175600E+03     0.878000E+02
      11   5   2  0.649200E+03     0.110900E+03



     EXPERIMENT  4
  PROJECTILE ( 36., 80.) 267.940 MEV ---1 GE(LI) DETECTOR(S)  WEIGHT=0.10E+01
                    ** EXPERIMENTAL YIELDS **
    DECAY IS  IF         YIELD+/-ERROR

      16   2   1  0.244683E+05     0.678900E+03
      14   3   1  0.166300E+03     0.740000E+02
      15   3   2  0.585200E+03     0.164100E+03
      11   5   2  0.194770E+04     0.188800E+03



     EXPERIMENT  5
  PROJECTILE ( 36., 80.) 267.940 MEV ---1 GE(LI) DETECTOR(S)  WEIGHT=0.10E+01
                    ** EXPERIMENTAL YIELDS **
    DECAY IS  IF         YIELD+/-ERROR

   15016   3   2  0.227458E+05     0.773200E+03
      14   3   1  0.295600E+03     0.925000E+02
      11   5   2  0.234820E+04     0.245600E+03
       6   7   3  0.131400E+03     0.584000E+02



     EXPERIMENT  6
  PROJECTILE ( 36., 80.) 267.940 MEV ---1 GE(LI) DETECTOR(S)  WEIGHT=0.10E+01
                    ** EXPERIMENTAL YIELDS **
    DECAY IS  IF         YIELD+/-ERROR

      16   2   1  0.250170E+04     0.186600E+03
      14   3   1  0.110900E+03     0.462000E+02
      15   3   2  0.204800E+03     0.586000E+02
      12   4   2  0.174600E+03     0.525000E+02
      11   5   2  0.276300E+03     0.692000E+02


       23 EXPERIMENTAL YIELDS            0 MATRIX ELEMENTS TO BE VARIED



                                        BRANCHING RATIOS

     NS1     NF1     NS2     NF2     RATIO(1:2)         ERROR
      3       1       3       2        0.33100       -0.00400      0.00400
     BRANCHING RATIOS ARE TAKEN WITH WEIGHT    0.100000E+01


                    EXPERIMENTAL E2/M1 MIXING RATIOS


          TRANSITION            DELTA          ERROR

           3---  2                6.0000          -1.0000      1.0000

          E2/M1 MIXING RATIOS ARE TAKEN WITH WEIGHT    0.100000E+01



     *****  RESTART-MATRIX ELEMENTS OVERWRITTEN  *****




                                        MATRIX ELEMENTS


     MULTIPOLARITY=2
    INDEX   NF     NS          ME               LIMITS
       1      1      2        0.62361     FIXED
       2      1      3        0.06826     FIXED
       3      2      2       -0.39956     FIXED
       4      2      3        0.63909     FIXED
       5      2      4        0.44661     FIXED
       6      2      5        1.30000     FIXED
       7      2      6        0.09110     FIXED
       8      2      7        0.06810     FIXED
       9      3      3        0.39570     FIXED
      10      3      4        0.08621     FIXED
      11      3      6        0.71104     FIXED
      12      3      7        0.95257     FIXED
      13      4     10        0.17517     FIXED
      14      5      5       -0.39375     FIXED
      15      5      6        0.80202     FIXED
      16      5      7        0.78255     FIXED
      17      5      8        1.73601     FIXED
      18      6      6       -0.00001     FIXED
      19      7      7        0.86577     FIXED
      20      7     11        0.10202     FIXED
      21      8      8       -0.85624     FIXED
      22      8      9        1.91231     FIXED
      23      9      9       -1.20510     FIXED
      24     10     10        0.00074     FIXED
      25     11     11        0.00001     FIXED
     MULTIPOLARITY=7
    INDEX   NF     NS          ME               LIMITS
      26      2      3        0.05695     FIXED
      27      2      6        0.06848     FIXED
      28      3      6        0.10509     FIXED
      29      5      6        0.03364     FIXED
      30      5      7        0.23057     FIXED





     INTEGRATED RUTHERFORD CROSS SECTION=.4586E+05  FOR EXP. 1





                                                  INTEGRATED YIELDS

     EXPERIMENT  1  DETECTOR  1
     ENERGY RANGE  254.300--- 281.600 MEV   SCATTERING ANGLE RANGE  21.000--- 33.200 DEG

     NI     NF     II     IF     YIELD     NORMALIZED YIELD

      9      8    8.0    6.0   0.24213E-03   0.10320E-06
     11      7    6.0    4.0   0.82863E-06   0.35318E-09
      8      5    6.0    4.0   0.10429E+00   0.44450E-04
     10      4    2.0    0.0   0.11399E-03   0.48588E-07
      7      2    4.0    2.0   0.34319E-02   0.14628E-05
      7      3    4.0    2.0   0.44742E-01   0.19070E-04
      7      5    4.0    4.0   0.12591E-01   0.53665E-05
      6      2    3.0    2.0   0.84091E-02   0.35842E-05
      6      3    3.0    2.0   0.68383E-02   0.29147E-05
      6      5    3.0    4.0   0.96274E-03   0.41035E-06
      5      2    4.0    2.0   0.23230E+02   0.99012E-02
      4      2    0.0    2.0   0.48479E+00   0.20663E-03
      4      3    0.0    2.0   0.10910E-06   0.46502E-10
      3      1    2.0    0.0   0.14217E+01   0.60598E-03
      3      2    2.0    2.0   0.44976E+01   0.19170E-02
      2      1    2.0    0.0   0.23462E+04   0.10000E+01





     INTEGRATED RUTHERFORD CROSS SECTION=.1317E+05  FOR EXP. 2





                                                  INTEGRATED YIELDS

     EXPERIMENT  2  DETECTOR  1
     ENERGY RANGE  254.300--- 281.600 MEV   SCATTERING ANGLE RANGE  32.400--- 42.100 DEG

     NI     NF     II     IF     YIELD     NORMALIZED YIELD

      9      8    8.0    6.0   0.44256E-02   0.21022E-05
     11      7    6.0    4.0   0.12108E-04   0.57513E-08
      8      5    6.0    4.0   0.74321E+00   0.35303E-03
     10      4    2.0    0.0   0.13940E-02   0.66214E-06
      7      2    4.0    2.0   0.20958E-01   0.99551E-05
      7      3    4.0    2.0   0.27323E+00   0.12979E-03
      7      5    4.0    4.0   0.76956E-01   0.36555E-04
      6      2    3.0    2.0   0.60989E-01   0.28970E-04
      6      3    3.0    2.0   0.49710E-01   0.23613E-04
      6      5    3.0    4.0   0.70496E-02   0.33486E-05
      5      2    4.0    2.0   0.61187E+02   0.29064E-01
      4      2    0.0    2.0   0.23202E+01   0.11021E-02
      4      3    0.0    2.0   0.52528E-06   0.24951E-09
      3      1    2.0    0.0   0.31366E+01   0.14899E-02
      3      2    2.0    2.0   0.99379E+01   0.47206E-02
      2      1    2.0    0.0   0.21052E+04   0.10000E+01





     INTEGRATED RUTHERFORD CROSS SECTION=.7036E+04  FOR EXP. 3





                                                  INTEGRATED YIELDS

     EXPERIMENT  3  DETECTOR  1
     ENERGY RANGE  254.300--- 281.600 MEV   SCATTERING ANGLE RANGE  41.500--- 51.600 DEG

     NI     NF     II     IF     YIELD     NORMALIZED YIELD

      9      8    8.0    6.0   0.29384E-01   0.14231E-04
     11      7    6.0    4.0   0.74241E-04   0.35956E-07
      8      5    6.0    4.0   0.26034E+01   0.12608E-02
     10      4    2.0    0.0   0.77865E-02   0.37710E-05
      7      2    4.0    2.0   0.74286E-01   0.35977E-04
      7      3    4.0    2.0   0.96849E+00   0.46905E-03
      7      5    4.0    4.0   0.27281E+00   0.13212E-03
      6      2    3.0    2.0   0.23350E+00   0.11308E-03
      6      3    3.0    2.0   0.19086E+00   0.92435E-04
      6      5    3.0    4.0   0.27414E-01   0.13277E-04
      5      2    4.0    2.0   0.11310E+03   0.54773E-01
      4      2    0.0    2.0   0.68395E+01   0.33124E-02
      4      3    0.0    2.0   0.15596E-05   0.75531E-09
      3      1    2.0    0.0   0.58011E+01   0.28095E-02
      3      2    2.0    2.0   0.18412E+02   0.89169E-02
      2      1    2.0    0.0   0.20648E+04   0.10000E+01





     INTEGRATED RUTHERFORD CROSS SECTION=.4691E+04  FOR EXP. 4





                                                  INTEGRATED YIELDS

     EXPERIMENT  4  DETECTOR  1
     ENERGY RANGE  254.300--- 281.600 MEV   SCATTERING ANGLE RANGE  40.300--- 51.600 DEG

     NI     NF     II     IF     YIELD     NORMALIZED YIELD

      9      8    8.0    6.0   0.31521E+00   0.11881E-03
     11      7    6.0    4.0   0.91543E-03   0.34504E-06
      8      5    6.0    4.0   0.13382E+02   0.50439E-02
     10      4    2.0    0.0   0.87661E-01   0.33040E-04
      7      2    4.0    2.0   0.48000E+00   0.18092E-03
      7      3    4.0    2.0   0.62579E+01   0.23587E-02
      7      5    4.0    4.0   0.17632E+01   0.66458E-03
      6      2    3.0    2.0   0.14186E+01   0.53467E-03
      6      3    3.0    2.0   0.11670E+01   0.43986E-03
      6      5    3.0    4.0   0.17328E+00   0.65310E-04
      5      2    4.0    2.0   0.28687E+03   0.10813E+00
      4      2    0.0    2.0   0.35874E+02   0.13521E-01
      4      3    0.0    2.0   0.17458E-03   0.65801E-07
      3      1    2.0    0.0   0.18363E+02   0.69213E-02
      3      2    2.0    2.0   0.58506E+02   0.22052E-01
      2      1    2.0    0.0   0.26531E+04   0.10000E+01





     INTEGRATED RUTHERFORD CROSS SECTION=.3308E+04  FOR EXP. 5





                                                  INTEGRATED YIELDS

     EXPERIMENT  5  DETECTOR  1
     ENERGY RANGE  254.300--- 281.600 MEV   SCATTERING ANGLE RANGE  21.000--- 41.000 DEG

     NI     NF     II     IF     YIELD     NORMALIZED YIELD

      9      8    8.0    6.0   0.72448E+00   0.27094E-03
     11      7    6.0    4.0   0.30615E-02   0.11449E-05
      8      5    6.0    4.0   0.22948E+02   0.85821E-02
     10      4    2.0    0.0   0.34171E+00   0.12779E-03
      7      2    4.0    2.0   0.12386E+01   0.46321E-03
      7      3    4.0    2.0   0.16148E+02   0.60390E-02
      7      5    4.0    4.0   0.45654E+01   0.17074E-02
      6      2    3.0    2.0   0.25297E+01   0.94604E-03
      6      3    3.0    2.0   0.20946E+01   0.78334E-03
      6      5    3.0    4.0   0.32368E+00   0.12105E-03
      5      2    4.0    2.0   0.37372E+03   0.13976E+00
      4      2    0.0    2.0   0.88752E+02   0.33191E-01
      4      3    0.0    2.0   0.20986E-04   0.78483E-08
      3      1    2.0    0.0   0.36837E+02   0.13776E-01
      3      2    2.0    2.0   0.11740E+03   0.43903E-01
      2      1    2.0    0.0   0.26740E+04   0.10000E+01





     INTEGRATED RUTHERFORD CROSS SECTION=.3492E+03  FOR EXP. 6





                                                  INTEGRATED YIELDS

     EXPERIMENT  6  DETECTOR  1
     ENERGY RANGE  254.300--- 281.600 MEV   SCATTERING ANGLE RANGE 132.440---161.030 DEG

     NI     NF     II     IF     YIELD     NORMALIZED YIELD

      9      8    8.0    6.0   0.60943E-01   0.17732E-03
     11      7    6.0    4.0   0.52654E-03   0.15320E-05
      8      5    6.0    4.0   0.22277E+01   0.64817E-02
     10      4    2.0    0.0   0.10023E+00   0.29163E-03
      7      2    4.0    2.0   0.25102E+00   0.73036E-03
      7      3    4.0    2.0   0.32726E+01   0.95219E-02
      7      5    4.0    4.0   0.93363E+00   0.27165E-02
      6      2    3.0    2.0   0.10190E+00   0.29648E-03
      6      3    3.0    2.0   0.84987E-01   0.24728E-03
      6      5    3.0    4.0   0.13756E-01   0.40025E-04
      5      2    4.0    2.0   0.42094E+02   0.12248E+00
      4      2    0.0    2.0   0.19312E+02   0.56190E-01
      4      3    0.0    2.0   0.45666E-05   0.13287E-07
      3      1    2.0    0.0   0.79358E+01   0.23090E-01
      3      2    2.0    2.0   0.25159E+02   0.73202E-01
      2      1    2.0    0.0   0.34369E+03   0.10000E+01



          EXPERIMENT  1        DETECTOR  1

         NI     NF     YEXP        YCOR        COR.F

        5        2   .193E+03    .165E+03    .854E+00
        2        1   .211E+05    .211E+05    .100E+01



          EXPERIMENT  2        DETECTOR  1

         NI     NF     YEXP        YCOR        COR.F

        5        2   .594E+03    .712E+03    .120E+01
        3        1   .370E+02    .443E+02    .120E+01
        3        2   .936E+02    .112E+03    .120E+01
        2        1   .195E+05    .243E+05    .125E+01



          EXPERIMENT  3        DETECTOR  1

         NI     NF     YEXP        YCOR        COR.F

        5        2   .649E+03    .750E+03    .116E+01
        3        1   .924E+02    .106E+03    .115E+01
        3        2   .176E+03    .202E+03    .115E+01
        2        1   .194E+05    .229E+05    .118E+01



          EXPERIMENT  4        DETECTOR  1

         NI     NF     YEXP        YCOR        COR.F

        5        2   .195E+04    .205E+04    .105E+01
        3        1   .166E+03    .174E+03    .105E+01
        3        2   .585E+03    .612E+03    .105E+01
        2        1   .245E+05    .254E+05    .104E+01



          EXPERIMENT  5        DETECTOR  1

         NI     NF     YEXP        YCOR        COR.F

        7        3   .131E+03    .768E+02    .584E+00
        5        2   .235E+04    .136E+04    .578E+00
        3        1   .296E+03    .175E+03    .593E+00
      302      201   .227E+05    .129E+05    .568E+00



          EXPERIMENT  6        DETECTOR  1

         NI     NF     YEXP        YCOR        COR.F

        5        2   .276E+03    .103E+03    .372E+00
        4        2   .175E+03    .669E+02    .383E+00
        3        1   .111E+03    .422E+02    .381E+00
        3        2   .205E+03    .779E+02    .381E+00
        2        1   .250E+04    .950E+03    .380E+00
               ********* END OF EXECUTION **********
